<html>
<head>
<title>TestNG:  List Module Test</title>
<link href="../testng.css" rel="stylesheet" type="text/css" />
<link href="../my-testng.css" rel="stylesheet" type="text/css" />

<style type="text/css">
.log { display: none;} 
.stack-trace { display: none;} 
</style>
<script type="text/javascript">
<!--
function flip(e) {
  current = e.style.display;
  if (current == 'block') {
    e.style.display = 'none';
    return 0;
  }
  else {
    e.style.display = 'block';
    return 1;
  }
}

function toggleBox(szDivId, elem, msg1, msg2)
{
  var res = -1;  if (document.getElementById) {
    res = flip(document.getElementById(szDivId));
  }
  else if (document.all) {
    // this is the way old msie versions work
    res = flip(document.all[szDivId]);
  }
  if(elem) {
    if(res == 0) elem.innerHTML = msg1; else elem.innerHTML = msg2;
  }

}

function toggleAllBoxes() {
  if (document.getElementsByTagName) {
    d = document.getElementsByTagName('div');
    for (i = 0; i < d.length; i++) {
      if (d[i].className == 'log') {
        flip(d[i]);
      }
    }
  }
}

// -->
</script>

</head>
<body>
<h2 align='center'>List Module Test</h2><table border='1' align="center">
<tr>
<td>Tests passed/Failed/Skipped:</td><td>189/11/0</td>
</tr><tr>
<td>Started on:</td><td>Mon Apr 08 15:05:56 ICT 2024</td>
</tr>
<tr><td>Total time:</td><td>2279 seconds (2279164 ms)</td>
</tr><tr>
<td>Included groups:</td><td></td>
</tr><tr>
<td>Excluded groups:</td><td></td>
</tr>
</table><p/>
<small><i>(Hover the method name to see the test class name)</i></small><p/>
<table width='100%' border='1' class='invocation-failed'>
<tr><td colspan='4' align='center'><b>FAILED TESTS</b></td></tr>
<tr><td><b>Test method</b></td>
<td width="30%"><b>Exception</b></td>
<td width="10%"><b>Time (seconds)</b></td>
<td><b>Instance</b></td>
</tr>
<tr>
<td title='HRMS.positionTest.createChildPostion()'><b>createChildPostion</b><br>Test class: HRMS.positionTest</td>
<td><div><pre>org.openqa.selenium.ElementClickInterceptedException: element click intercepted: Element &lt;p class=&quot;MuiTypography-root MuiTypography-body2 MuiListItemText-primary css-rnafb5-MuiTypography-root&quot;&gt;...&lt;/p&gt; is not clickable at point (51, 305). Other element would receive the click: &lt;a href=&quot;/position-&amp;amp;-Core-competency&quot; style=&quot;text-decoration: none; color: inherit; display: flex; align-items: center;&quot;&gt;...&lt;/a&gt;
  (Session info: chrome=123.0.6312.106)
Build info: version: &apos;4.13.0&apos;, revision: &apos;ba948ece5b*&apos;
System info: os.name: &apos;Windows 11&apos;, os.arch: &apos;amd64&apos;, os.version: &apos;10.0&apos;, java.version: &apos;17.0.9&apos;
Driver info: org.openqa.selenium.chrome.ChromeDriver
Command: [3470736494313ddcadc3e257bb488d9e, clickElement {id=f.A881453C6B176C86295CE8D189C19083.d.0B652E24B27746465A7D550608BA05D7.e.417}]
Capabilities {acceptInsecureCerts: false, browserName: chrome, browserVersion: 123.0.6312.106, chrome: {chromedriverVersion: 123.0.6312.105 (399174dbe6e..., userDataDir: C:\Users\ITTEST\AppData\Loc...}, fedcm:accounts: true, goog:chromeOptions: {debuggerAddress: localhost:60741}, networkConnectionEnabled: false, pageLoadStrategy: normal, platformName: windows, proxy: Proxy(), se:cdp: ws://localhost:60741/devtoo..., se:cdpVersion: 123.0.6312.106, setWindowRect: true, strictFileInteractability: false, timeouts: {implicit: 0, pageLoad: 300000, script: 30000}, unhandledPromptBehavior: dismiss and notify, webauthn:extension:credBlob: true, webauthn:extension:largeBlob: true, webauthn:extension:minPinLength: true, webauthn:extension:prf: true, webauthn:virtualAuthenticators: true}
Element: [[ChromeDriver: chrome on windows (3470736494313ddcadc3e257bb488d9e)] -&gt; xpath: //p[contains(text(), &apos;Core&apos;)]]
Session ID: 3470736494313ddcadc3e257bb488d9e
	at org.openqa.selenium.remote.codec.w3c.W3CHttpResponseCodec.createException(W3CHttpResponseCodec.java:200)
	at org.openqa.selenium.remote.codec.w3c.W3CHttpResponseCodec.decode(W3CHttpResponseCodec.java:133)
	at org.openqa.selenium.remote.codec.w3c.W3CHttpResponseCodec.decode(W3CHttpResponseCodec.java:52)
	at org.openqa.selenium.remote.HttpCommandExecutor.execute(HttpCommandExecutor.java:191)
	at org.openqa.selenium.remote.service.DriverCommandExecutor.invokeExecute(DriverCommandExecutor.java:196)
	at org.openqa.selenium.remote.service.DriverCommandExecutor.execute(DriverCommandExecutor.java:171)
	at org.openqa.selenium.remote.RemoteWebDriver.execute(RemoteWebDriver.java:602)
	at org.openqa.selenium.remote.RemoteWebElement.execute(RemoteWebElement.java:224)
	at org.openqa.selenium.remote.RemoteWebElement.click(RemoteWebElement.java:77)
	at org.openqa.selenium.support.pagefactory.internal.LocatingElementHandler.invoke(LocatingElementHandler.java:51)
	at jdk.proxy2/jdk.proxy2.$Proxy19.click(Unknown Source)
	at HRMS.PositionAndCoreCompetency.goToPostionAndCoreCompetencyTab(PositionAndCoreCompetency.java:29)
	at HRMS.positionTest.createChildPostion(positionTest.java:32)
	at java.base/java.util.ArrayList.forEach(ArrayList.java:1511)
... Removed 34 stack frames</pre></div><a href='#' onClick='toggleBox("stack-trace1834933646", this, "Click to show all stack frames", "Click to hide stack frames")'>Click to show all stack frames</a>
<div class='stack-trace' id='stack-trace1834933646'><pre>org.openqa.selenium.ElementClickInterceptedException: element click intercepted: Element &lt;p class=&quot;MuiTypography-root MuiTypography-body2 MuiListItemText-primary css-rnafb5-MuiTypography-root&quot;&gt;...&lt;/p&gt; is not clickable at point (51, 305). Other element would receive the click: &lt;a href=&quot;/position-&amp;amp;-Core-competency&quot; style=&quot;text-decoration: none; color: inherit; display: flex; align-items: center;&quot;&gt;...&lt;/a&gt;
  (Session info: chrome=123.0.6312.106)
Build info: version: &apos;4.13.0&apos;, revision: &apos;ba948ece5b*&apos;
System info: os.name: &apos;Windows 11&apos;, os.arch: &apos;amd64&apos;, os.version: &apos;10.0&apos;, java.version: &apos;17.0.9&apos;
Driver info: org.openqa.selenium.chrome.ChromeDriver
Command: [3470736494313ddcadc3e257bb488d9e, clickElement {id=f.A881453C6B176C86295CE8D189C19083.d.0B652E24B27746465A7D550608BA05D7.e.417}]
Capabilities {acceptInsecureCerts: false, browserName: chrome, browserVersion: 123.0.6312.106, chrome: {chromedriverVersion: 123.0.6312.105 (399174dbe6e..., userDataDir: C:\Users\ITTEST\AppData\Loc...}, fedcm:accounts: true, goog:chromeOptions: {debuggerAddress: localhost:60741}, networkConnectionEnabled: false, pageLoadStrategy: normal, platformName: windows, proxy: Proxy(), se:cdp: ws://localhost:60741/devtoo..., se:cdpVersion: 123.0.6312.106, setWindowRect: true, strictFileInteractability: false, timeouts: {implicit: 0, pageLoad: 300000, script: 30000}, unhandledPromptBehavior: dismiss and notify, webauthn:extension:credBlob: true, webauthn:extension:largeBlob: true, webauthn:extension:minPinLength: true, webauthn:extension:prf: true, webauthn:virtualAuthenticators: true}
Element: [[ChromeDriver: chrome on windows (3470736494313ddcadc3e257bb488d9e)] -&gt; xpath: //p[contains(text(), &apos;Core&apos;)]]
Session ID: 3470736494313ddcadc3e257bb488d9e
	at java.base/jdk.internal.reflect.NativeConstructorAccessorImpl.newInstance0(Native Method)
	at java.base/jdk.internal.reflect.NativeConstructorAccessorImpl.newInstance(NativeConstructorAccessorImpl.java:77)
	at java.base/jdk.internal.reflect.DelegatingConstructorAccessorImpl.newInstance(DelegatingConstructorAccessorImpl.java:45)
	at java.base/java.lang.reflect.Constructor.newInstanceWithCaller(Constructor.java:499)
	at java.base/java.lang.reflect.Constructor.newInstance(Constructor.java:480)
	at org.openqa.selenium.remote.codec.w3c.W3CHttpResponseCodec.createException(W3CHttpResponseCodec.java:200)
	at org.openqa.selenium.remote.codec.w3c.W3CHttpResponseCodec.decode(W3CHttpResponseCodec.java:133)
	at org.openqa.selenium.remote.codec.w3c.W3CHttpResponseCodec.decode(W3CHttpResponseCodec.java:52)
	at org.openqa.selenium.remote.HttpCommandExecutor.execute(HttpCommandExecutor.java:191)
	at org.openqa.selenium.remote.service.DriverCommandExecutor.invokeExecute(DriverCommandExecutor.java:196)
	at org.openqa.selenium.remote.service.DriverCommandExecutor.execute(DriverCommandExecutor.java:171)
	at org.openqa.selenium.remote.RemoteWebDriver.execute(RemoteWebDriver.java:602)
	at org.openqa.selenium.remote.RemoteWebElement.execute(RemoteWebElement.java:224)
	at org.openqa.selenium.remote.RemoteWebElement.click(RemoteWebElement.java:77)
	at jdk.internal.reflect.GeneratedMethodAccessor1.invoke(Unknown Source)
	at java.base/jdk.internal.reflect.DelegatingMethodAccessorImpl.invoke(DelegatingMethodAccessorImpl.java:43)
	at java.base/java.lang.reflect.Method.invoke(Method.java:568)
	at org.openqa.selenium.support.pagefactory.internal.LocatingElementHandler.invoke(LocatingElementHandler.java:51)
	at jdk.proxy2/jdk.proxy2.$Proxy19.click(Unknown Source)
	at HRMS.PositionAndCoreCompetency.goToPostionAndCoreCompetencyTab(PositionAndCoreCompetency.java:29)
	at HRMS.positionTest.createChildPostion(positionTest.java:32)
	at jdk.internal.reflect.GeneratedMethodAccessor14.invoke(Unknown Source)
	at java.base/jdk.internal.reflect.DelegatingMethodAccessorImpl.invoke(DelegatingMethodAccessorImpl.java:43)
	at java.base/java.lang.reflect.Method.invoke(Method.java:568)
	at org.testng.internal.MethodInvocationHelper.invokeMethod(MethodInvocationHelper.java:133)
	at org.testng.internal.TestInvoker.invokeMethod(TestInvoker.java:598)
	at org.testng.internal.TestInvoker.invokeTestMethod(TestInvoker.java:173)
	at org.testng.internal.MethodRunner.runInSequence(MethodRunner.java:46)
	at org.testng.internal.TestInvoker$MethodInvocationAgent.invoke(TestInvoker.java:824)
	at org.testng.internal.TestInvoker.invokeTestMethods(TestInvoker.java:146)
	at org.testng.internal.TestMethodWorker.invokeTestMethods(TestMethodWorker.java:146)
	at org.testng.internal.TestMethodWorker.run(TestMethodWorker.java:128)
	at java.base/java.util.ArrayList.forEach(ArrayList.java:1511)
	at org.testng.TestRunner.privateRun(TestRunner.java:794)
	at org.testng.TestRunner.run(TestRunner.java:596)
	at org.testng.SuiteRunner.runTest(SuiteRunner.java:377)
	at org.testng.SuiteRunner.runSequentially(SuiteRunner.java:371)
	at org.testng.SuiteRunner.privateRun(SuiteRunner.java:332)
	at org.testng.SuiteRunner.run(SuiteRunner.java:276)
	at org.testng.SuiteRunnerWorker.runSuite(SuiteRunnerWorker.java:53)
	at org.testng.SuiteRunnerWorker.run(SuiteRunnerWorker.java:96)
	at org.testng.TestNG.runSuitesSequentially(TestNG.java:1212)
	at org.testng.TestNG.runSuitesLocally(TestNG.java:1134)
	at org.testng.TestNG.runSuites(TestNG.java:1063)
	at org.testng.TestNG.run(TestNG.java:1031)
	at org.testng.remote.AbstractRemoteTestNG.run(AbstractRemoteTestNG.java:115)
	at org.testng.remote.RemoteTestNG.initAndRun(RemoteTestNG.java:251)
	at org.testng.remote.RemoteTestNG.main(RemoteTestNG.java:77)
</pre></div></td>
<td>1</td>
<td>HRMS.positionTest@4b40f651</td></tr>
<tr>
<td title='HRMS.positionTest.createChildPostion()'><b>createChildPostion</b><br>Test class: HRMS.positionTest</td>
<td><div><pre>org.openqa.selenium.ElementClickInterceptedException: element click intercepted: Element &lt;p class=&quot;MuiTypography-root MuiTypography-body2 MuiListItemText-primary css-rnafb5-MuiTypography-root&quot;&gt;...&lt;/p&gt; is not clickable at point (45, 305). Other element would receive the click: &lt;a href=&quot;/position-&amp;amp;-Core-competency&quot; style=&quot;text-decoration: none; color: inherit; display: flex; align-items: center;&quot;&gt;...&lt;/a&gt;
  (Session info: chrome=123.0.6312.106)
Build info: version: &apos;4.13.0&apos;, revision: &apos;ba948ece5b*&apos;
System info: os.name: &apos;Windows 11&apos;, os.arch: &apos;amd64&apos;, os.version: &apos;10.0&apos;, java.version: &apos;17.0.9&apos;
Driver info: org.openqa.selenium.chrome.ChromeDriver
Command: [55714a1ab5ced49fad3d70580b0bde34, clickElement {id=f.E0DF30A07D37D36823521C5977A0FEEB.d.E559DF5220A0CFD3BD4FA333E6899E45.e.417}]
Capabilities {acceptInsecureCerts: false, browserName: chrome, browserVersion: 123.0.6312.106, chrome: {chromedriverVersion: 123.0.6312.105 (399174dbe6e..., userDataDir: C:\Users\ITTEST\AppData\Loc...}, fedcm:accounts: true, goog:chromeOptions: {debuggerAddress: localhost:59818}, networkConnectionEnabled: false, pageLoadStrategy: normal, platformName: windows, proxy: Proxy(), se:cdp: ws://localhost:59818/devtoo..., se:cdpVersion: 123.0.6312.106, setWindowRect: true, strictFileInteractability: false, timeouts: {implicit: 0, pageLoad: 300000, script: 30000}, unhandledPromptBehavior: dismiss and notify, webauthn:extension:credBlob: true, webauthn:extension:largeBlob: true, webauthn:extension:minPinLength: true, webauthn:extension:prf: true, webauthn:virtualAuthenticators: true}
Element: [[ChromeDriver: chrome on windows (55714a1ab5ced49fad3d70580b0bde34)] -&gt; xpath: //p[contains(text(), &apos;Core&apos;)]]
Session ID: 55714a1ab5ced49fad3d70580b0bde34
	at org.openqa.selenium.remote.codec.w3c.W3CHttpResponseCodec.createException(W3CHttpResponseCodec.java:200)
	at org.openqa.selenium.remote.codec.w3c.W3CHttpResponseCodec.decode(W3CHttpResponseCodec.java:133)
	at org.openqa.selenium.remote.codec.w3c.W3CHttpResponseCodec.decode(W3CHttpResponseCodec.java:52)
	at org.openqa.selenium.remote.HttpCommandExecutor.execute(HttpCommandExecutor.java:191)
	at org.openqa.selenium.remote.service.DriverCommandExecutor.invokeExecute(DriverCommandExecutor.java:196)
	at org.openqa.selenium.remote.service.DriverCommandExecutor.execute(DriverCommandExecutor.java:171)
	at org.openqa.selenium.remote.RemoteWebDriver.execute(RemoteWebDriver.java:602)
	at org.openqa.selenium.remote.RemoteWebElement.execute(RemoteWebElement.java:224)
	at org.openqa.selenium.remote.RemoteWebElement.click(RemoteWebElement.java:77)
	at org.openqa.selenium.support.pagefactory.internal.LocatingElementHandler.invoke(LocatingElementHandler.java:51)
	at jdk.proxy2/jdk.proxy2.$Proxy19.click(Unknown Source)
	at HRMS.PositionAndCoreCompetency.goToPostionAndCoreCompetencyTab(PositionAndCoreCompetency.java:29)
	at HRMS.positionTest.createChildPostion(positionTest.java:32)
	at java.base/java.util.ArrayList.forEach(ArrayList.java:1511)
... Removed 34 stack frames</pre></div><a href='#' onClick='toggleBox("stack-trace251966229", this, "Click to show all stack frames", "Click to hide stack frames")'>Click to show all stack frames</a>
<div class='stack-trace' id='stack-trace251966229'><pre>org.openqa.selenium.ElementClickInterceptedException: element click intercepted: Element &lt;p class=&quot;MuiTypography-root MuiTypography-body2 MuiListItemText-primary css-rnafb5-MuiTypography-root&quot;&gt;...&lt;/p&gt; is not clickable at point (45, 305). Other element would receive the click: &lt;a href=&quot;/position-&amp;amp;-Core-competency&quot; style=&quot;text-decoration: none; color: inherit; display: flex; align-items: center;&quot;&gt;...&lt;/a&gt;
  (Session info: chrome=123.0.6312.106)
Build info: version: &apos;4.13.0&apos;, revision: &apos;ba948ece5b*&apos;
System info: os.name: &apos;Windows 11&apos;, os.arch: &apos;amd64&apos;, os.version: &apos;10.0&apos;, java.version: &apos;17.0.9&apos;
Driver info: org.openqa.selenium.chrome.ChromeDriver
Command: [55714a1ab5ced49fad3d70580b0bde34, clickElement {id=f.E0DF30A07D37D36823521C5977A0FEEB.d.E559DF5220A0CFD3BD4FA333E6899E45.e.417}]
Capabilities {acceptInsecureCerts: false, browserName: chrome, browserVersion: 123.0.6312.106, chrome: {chromedriverVersion: 123.0.6312.105 (399174dbe6e..., userDataDir: C:\Users\ITTEST\AppData\Loc...}, fedcm:accounts: true, goog:chromeOptions: {debuggerAddress: localhost:59818}, networkConnectionEnabled: false, pageLoadStrategy: normal, platformName: windows, proxy: Proxy(), se:cdp: ws://localhost:59818/devtoo..., se:cdpVersion: 123.0.6312.106, setWindowRect: true, strictFileInteractability: false, timeouts: {implicit: 0, pageLoad: 300000, script: 30000}, unhandledPromptBehavior: dismiss and notify, webauthn:extension:credBlob: true, webauthn:extension:largeBlob: true, webauthn:extension:minPinLength: true, webauthn:extension:prf: true, webauthn:virtualAuthenticators: true}
Element: [[ChromeDriver: chrome on windows (55714a1ab5ced49fad3d70580b0bde34)] -&gt; xpath: //p[contains(text(), &apos;Core&apos;)]]
Session ID: 55714a1ab5ced49fad3d70580b0bde34
	at java.base/jdk.internal.reflect.NativeConstructorAccessorImpl.newInstance0(Native Method)
	at java.base/jdk.internal.reflect.NativeConstructorAccessorImpl.newInstance(NativeConstructorAccessorImpl.java:77)
	at java.base/jdk.internal.reflect.DelegatingConstructorAccessorImpl.newInstance(DelegatingConstructorAccessorImpl.java:45)
	at java.base/java.lang.reflect.Constructor.newInstanceWithCaller(Constructor.java:499)
	at java.base/java.lang.reflect.Constructor.newInstance(Constructor.java:480)
	at org.openqa.selenium.remote.codec.w3c.W3CHttpResponseCodec.createException(W3CHttpResponseCodec.java:200)
	at org.openqa.selenium.remote.codec.w3c.W3CHttpResponseCodec.decode(W3CHttpResponseCodec.java:133)
	at org.openqa.selenium.remote.codec.w3c.W3CHttpResponseCodec.decode(W3CHttpResponseCodec.java:52)
	at org.openqa.selenium.remote.HttpCommandExecutor.execute(HttpCommandExecutor.java:191)
	at org.openqa.selenium.remote.service.DriverCommandExecutor.invokeExecute(DriverCommandExecutor.java:196)
	at org.openqa.selenium.remote.service.DriverCommandExecutor.execute(DriverCommandExecutor.java:171)
	at org.openqa.selenium.remote.RemoteWebDriver.execute(RemoteWebDriver.java:602)
	at org.openqa.selenium.remote.RemoteWebElement.execute(RemoteWebElement.java:224)
	at org.openqa.selenium.remote.RemoteWebElement.click(RemoteWebElement.java:77)
	at jdk.internal.reflect.GeneratedMethodAccessor1.invoke(Unknown Source)
	at java.base/jdk.internal.reflect.DelegatingMethodAccessorImpl.invoke(DelegatingMethodAccessorImpl.java:43)
	at java.base/java.lang.reflect.Method.invoke(Method.java:568)
	at org.openqa.selenium.support.pagefactory.internal.LocatingElementHandler.invoke(LocatingElementHandler.java:51)
	at jdk.proxy2/jdk.proxy2.$Proxy19.click(Unknown Source)
	at HRMS.PositionAndCoreCompetency.goToPostionAndCoreCompetencyTab(PositionAndCoreCompetency.java:29)
	at HRMS.positionTest.createChildPostion(positionTest.java:32)
	at jdk.internal.reflect.GeneratedMethodAccessor14.invoke(Unknown Source)
	at java.base/jdk.internal.reflect.DelegatingMethodAccessorImpl.invoke(DelegatingMethodAccessorImpl.java:43)
	at java.base/java.lang.reflect.Method.invoke(Method.java:568)
	at org.testng.internal.MethodInvocationHelper.invokeMethod(MethodInvocationHelper.java:133)
	at org.testng.internal.TestInvoker.invokeMethod(TestInvoker.java:598)
	at org.testng.internal.TestInvoker.invokeTestMethod(TestInvoker.java:173)
	at org.testng.internal.MethodRunner.runInSequence(MethodRunner.java:46)
	at org.testng.internal.TestInvoker$MethodInvocationAgent.invoke(TestInvoker.java:824)
	at org.testng.internal.TestInvoker.invokeTestMethods(TestInvoker.java:146)
	at org.testng.internal.TestMethodWorker.invokeTestMethods(TestMethodWorker.java:146)
	at org.testng.internal.TestMethodWorker.run(TestMethodWorker.java:128)
	at java.base/java.util.ArrayList.forEach(ArrayList.java:1511)
	at org.testng.TestRunner.privateRun(TestRunner.java:794)
	at org.testng.TestRunner.run(TestRunner.java:596)
	at org.testng.SuiteRunner.runTest(SuiteRunner.java:377)
	at org.testng.SuiteRunner.runSequentially(SuiteRunner.java:371)
	at org.testng.SuiteRunner.privateRun(SuiteRunner.java:332)
	at org.testng.SuiteRunner.run(SuiteRunner.java:276)
	at org.testng.SuiteRunnerWorker.runSuite(SuiteRunnerWorker.java:53)
	at org.testng.SuiteRunnerWorker.run(SuiteRunnerWorker.java:96)
	at org.testng.TestNG.runSuitesSequentially(TestNG.java:1212)
	at org.testng.TestNG.runSuitesLocally(TestNG.java:1134)
	at org.testng.TestNG.runSuites(TestNG.java:1063)
	at org.testng.TestNG.run(TestNG.java:1031)
	at org.testng.remote.AbstractRemoteTestNG.run(AbstractRemoteTestNG.java:115)
	at org.testng.remote.RemoteTestNG.initAndRun(RemoteTestNG.java:251)
	at org.testng.remote.RemoteTestNG.main(RemoteTestNG.java:77)
</pre></div></td>
<td>1</td>
<td>HRMS.positionTest@4b40f651</td></tr>
<tr>
<td title='HRMS.positionTest.createChildPostion()'><b>createChildPostion</b><br>Test class: HRMS.positionTest</td>
<td><div><pre>org.openqa.selenium.TimeoutException: Expected condition failed: waiting for visibility of Proxy element for: DefaultElementLocator &apos;By.cssSelector: .MuiAlert-message&apos; (tried for 10 second(s) with 500 milliseconds interval)
	at org.openqa.selenium.support.ui.WebDriverWait.timeoutException(WebDriverWait.java:84)
	at org.openqa.selenium.support.ui.FluentWait.until(FluentWait.java:230)
	at A1A.Functions.waitForElementToAppear(Functions.java:34)
	at HRMS.ListModulePage.getAlertMsg(ListModulePage.java:73)
	at HRMS.positionTest.createChildPostion(positionTest.java:36)
	at java.base/java.util.ArrayList.forEach(ArrayList.java:1511)
Caused by: org.openqa.selenium.NoSuchElementException: no such element: Unable to locate element: {&quot;method&quot;:&quot;css selector&quot;,&quot;selector&quot;:&quot;.MuiAlert-message&quot;}
  (Session info: chrome=123.0.6312.106)
For documentation on this error, please visit: https://www.selenium.dev/documentation/webdriver/troubleshooting/errors#no-such-element-exception
Build info: version: &apos;4.13.0&apos;, revision: &apos;ba948ece5b*&apos;
System info: os.name: &apos;Windows 11&apos;, os.arch: &apos;amd64&apos;, os.version: &apos;10.0&apos;, java.version: &apos;17.0.9&apos;
Driver info: org.openqa.selenium.chrome.ChromeDriver
Command: [e5646455dd32a30aeedce37a60a4b491, findElement {using=css selector, value=.MuiAlert-message}]
Capabilities {acceptInsecureCerts: false, browserName: chrome, browserVersion: 123.0.6312.106, chrome: {chromedriverVersion: 123.0.6312.105 (399174dbe6e..., userDataDir: C:\Users\ITTEST\AppData\Loc...}, fedcm:accounts: true, goog:chromeOptions: {debuggerAddress: localhost:60005}, networkConnectionEnabled: false, pageLoadStrategy: normal, platformName: windows, proxy: Proxy(), se:cdp: ws://localhost:60005/devtoo..., se:cdpVersion: 123.0.6312.106, setWindowRect: true, strictFileInteractability: false, timeouts: {implicit: 0, pageLoad: 300000, script: 30000}, unhandledPromptBehavior: dismiss and notify, webauthn:extension:credBlob: true, webauthn:extension:largeBlob: true, webauthn:extension:minPinLength: true, webauthn:extension:prf: true, webauthn:virtualAuthenticators: true}
Session ID: e5646455dd32a30aeedce37a60a4b491
	at org.openqa.selenium.remote.codec.w3c.W3CHttpResponseCodec.createException(W3CHttpResponseCodec.java:200)
	at org.openqa.selenium.remote.codec.w3c.W3CHttpResponseCodec.decode(W3CHttpResponseCodec.java:133)
	at org.openqa.selenium.remote.codec.w3c.W3CHttpResponseCodec.decode(W3CHttpResponseCodec.java:52)
	at org.openqa.selenium.remote.HttpCommandExecutor.execute(HttpCommandExecutor.java:191)
	at org.openqa.selenium.remote.service.DriverCommandExecutor.invokeExecute(DriverCommandExecutor.java:196)
	at org.openqa.selenium.remote.service.DriverCommandExecutor.execute(DriverCommandExecutor.java:171)
	at org.openqa.selenium.remote.RemoteWebDriver.execute(RemoteWebDriver.java:602)
	at org.openqa.selenium.remote.ElementLocation$ElementFinder$2.findElement(ElementLocation.java:165)
	at org.openqa.selenium.remote.ElementLocation.findElement(ElementLocation.java:59)
	at org.openqa.selenium.remote.RemoteWebDriver.findElement(RemoteWebDriver.java:359)
	at org.openqa.selenium.remote.RemoteWebDriver.findElement(RemoteWebDriver.java:353)
	at org.openqa.selenium.support.pagefactory.DefaultElementLocator.findElement(DefaultElementLocator.java:68)
	at org.openqa.selenium.support.pagefactory.internal.LocatingElementHandler.invoke(LocatingElementHandler.java:38)
	at jdk.proxy2/jdk.proxy2.$Proxy19.isDisplayed(Unknown Source)
	at org.openqa.selenium.support.ui.ExpectedConditions.elementIfVisible(ExpectedConditions.java:304)
	at org.openqa.selenium.support.ui.ExpectedConditions.access$000(ExpectedConditions.java:37)
	at org.openqa.selenium.support.ui.ExpectedConditions$10.apply(ExpectedConditions.java:290)
	at org.openqa.selenium.support.ui.ExpectedConditions$10.apply(ExpectedConditions.java:287)
	at org.openqa.selenium.support.ui.FluentWait.until(FluentWait.java:205)
	... 30 more
... Removed 31 stack frames</pre></div><a href='#' onClick='toggleBox("stack-trace909845674", this, "Click to show all stack frames", "Click to hide stack frames")'>Click to show all stack frames</a>
<div class='stack-trace' id='stack-trace909845674'><pre>org.openqa.selenium.TimeoutException: Expected condition failed: waiting for visibility of Proxy element for: DefaultElementLocator &apos;By.cssSelector: .MuiAlert-message&apos; (tried for 10 second(s) with 500 milliseconds interval)
	at org.openqa.selenium.support.ui.WebDriverWait.timeoutException(WebDriverWait.java:84)
	at org.openqa.selenium.support.ui.FluentWait.until(FluentWait.java:230)
	at A1A.Functions.waitForElementToAppear(Functions.java:34)
	at HRMS.ListModulePage.getAlertMsg(ListModulePage.java:73)
	at HRMS.positionTest.createChildPostion(positionTest.java:36)
	at jdk.internal.reflect.GeneratedMethodAccessor14.invoke(Unknown Source)
	at java.base/jdk.internal.reflect.DelegatingMethodAccessorImpl.invoke(DelegatingMethodAccessorImpl.java:43)
	at java.base/java.lang.reflect.Method.invoke(Method.java:568)
	at org.testng.internal.MethodInvocationHelper.invokeMethod(MethodInvocationHelper.java:133)
	at org.testng.internal.TestInvoker.invokeMethod(TestInvoker.java:598)
	at org.testng.internal.TestInvoker.invokeTestMethod(TestInvoker.java:173)
	at org.testng.internal.MethodRunner.runInSequence(MethodRunner.java:46)
	at org.testng.internal.TestInvoker$MethodInvocationAgent.invoke(TestInvoker.java:824)
	at org.testng.internal.TestInvoker.invokeTestMethods(TestInvoker.java:146)
	at org.testng.internal.TestMethodWorker.invokeTestMethods(TestMethodWorker.java:146)
	at org.testng.internal.TestMethodWorker.run(TestMethodWorker.java:128)
	at java.base/java.util.ArrayList.forEach(ArrayList.java:1511)
	at org.testng.TestRunner.privateRun(TestRunner.java:794)
	at org.testng.TestRunner.run(TestRunner.java:596)
	at org.testng.SuiteRunner.runTest(SuiteRunner.java:377)
	at org.testng.SuiteRunner.runSequentially(SuiteRunner.java:371)
	at org.testng.SuiteRunner.privateRun(SuiteRunner.java:332)
	at org.testng.SuiteRunner.run(SuiteRunner.java:276)
	at org.testng.SuiteRunnerWorker.runSuite(SuiteRunnerWorker.java:53)
	at org.testng.SuiteRunnerWorker.run(SuiteRunnerWorker.java:96)
	at org.testng.TestNG.runSuitesSequentially(TestNG.java:1212)
	at org.testng.TestNG.runSuitesLocally(TestNG.java:1134)
	at org.testng.TestNG.runSuites(TestNG.java:1063)
	at org.testng.TestNG.run(TestNG.java:1031)
	at org.testng.remote.AbstractRemoteTestNG.run(AbstractRemoteTestNG.java:115)
	at org.testng.remote.RemoteTestNG.initAndRun(RemoteTestNG.java:251)
	at org.testng.remote.RemoteTestNG.main(RemoteTestNG.java:77)
Caused by: org.openqa.selenium.NoSuchElementException: no such element: Unable to locate element: {&quot;method&quot;:&quot;css selector&quot;,&quot;selector&quot;:&quot;.MuiAlert-message&quot;}
  (Session info: chrome=123.0.6312.106)
For documentation on this error, please visit: https://www.selenium.dev/documentation/webdriver/troubleshooting/errors#no-such-element-exception
Build info: version: &apos;4.13.0&apos;, revision: &apos;ba948ece5b*&apos;
System info: os.name: &apos;Windows 11&apos;, os.arch: &apos;amd64&apos;, os.version: &apos;10.0&apos;, java.version: &apos;17.0.9&apos;
Driver info: org.openqa.selenium.chrome.ChromeDriver
Command: [e5646455dd32a30aeedce37a60a4b491, findElement {using=css selector, value=.MuiAlert-message}]
Capabilities {acceptInsecureCerts: false, browserName: chrome, browserVersion: 123.0.6312.106, chrome: {chromedriverVersion: 123.0.6312.105 (399174dbe6e..., userDataDir: C:\Users\ITTEST\AppData\Loc...}, fedcm:accounts: true, goog:chromeOptions: {debuggerAddress: localhost:60005}, networkConnectionEnabled: false, pageLoadStrategy: normal, platformName: windows, proxy: Proxy(), se:cdp: ws://localhost:60005/devtoo..., se:cdpVersion: 123.0.6312.106, setWindowRect: true, strictFileInteractability: false, timeouts: {implicit: 0, pageLoad: 300000, script: 30000}, unhandledPromptBehavior: dismiss and notify, webauthn:extension:credBlob: true, webauthn:extension:largeBlob: true, webauthn:extension:minPinLength: true, webauthn:extension:prf: true, webauthn:virtualAuthenticators: true}
Session ID: e5646455dd32a30aeedce37a60a4b491
	at java.base/jdk.internal.reflect.NativeConstructorAccessorImpl.newInstance0(Native Method)
	at java.base/jdk.internal.reflect.NativeConstructorAccessorImpl.newInstance(NativeConstructorAccessorImpl.java:77)
	at java.base/jdk.internal.reflect.DelegatingConstructorAccessorImpl.newInstance(DelegatingConstructorAccessorImpl.java:45)
	at java.base/java.lang.reflect.Constructor.newInstanceWithCaller(Constructor.java:499)
	at java.base/java.lang.reflect.Constructor.newInstance(Constructor.java:480)
	at org.openqa.selenium.remote.codec.w3c.W3CHttpResponseCodec.createException(W3CHttpResponseCodec.java:200)
	at org.openqa.selenium.remote.codec.w3c.W3CHttpResponseCodec.decode(W3CHttpResponseCodec.java:133)
	at org.openqa.selenium.remote.codec.w3c.W3CHttpResponseCodec.decode(W3CHttpResponseCodec.java:52)
	at org.openqa.selenium.remote.HttpCommandExecutor.execute(HttpCommandExecutor.java:191)
	at org.openqa.selenium.remote.service.DriverCommandExecutor.invokeExecute(DriverCommandExecutor.java:196)
	at org.openqa.selenium.remote.service.DriverCommandExecutor.execute(DriverCommandExecutor.java:171)
	at org.openqa.selenium.remote.RemoteWebDriver.execute(RemoteWebDriver.java:602)
	at org.openqa.selenium.remote.ElementLocation$ElementFinder$2.findElement(ElementLocation.java:165)
	at org.openqa.selenium.remote.ElementLocation.findElement(ElementLocation.java:59)
	at org.openqa.selenium.remote.RemoteWebDriver.findElement(RemoteWebDriver.java:359)
	at org.openqa.selenium.remote.RemoteWebDriver.findElement(RemoteWebDriver.java:353)
	at org.openqa.selenium.support.pagefactory.DefaultElementLocator.findElement(DefaultElementLocator.java:68)
	at org.openqa.selenium.support.pagefactory.internal.LocatingElementHandler.invoke(LocatingElementHandler.java:38)
	at jdk.proxy2/jdk.proxy2.$Proxy19.isDisplayed(Unknown Source)
	at org.openqa.selenium.support.ui.ExpectedConditions.elementIfVisible(ExpectedConditions.java:304)
	at org.openqa.selenium.support.ui.ExpectedConditions.access$000(ExpectedConditions.java:37)
	at org.openqa.selenium.support.ui.ExpectedConditions$10.apply(ExpectedConditions.java:290)
	at org.openqa.selenium.support.ui.ExpectedConditions$10.apply(ExpectedConditions.java:287)
	at org.openqa.selenium.support.ui.FluentWait.until(FluentWait.java:205)
	... 30 more
</pre></div></td>
<td>20</td>
<td>HRMS.positionTest@4b40f651</td></tr>
<tr>
<td title='HRMS.positionTest.createPosition()'><b>createPosition</b><br>Test class: HRMS.positionTest</td>
<td><div><pre>org.openqa.selenium.TimeoutException: Expected condition failed: waiting for visibility of Proxy element for: DefaultElementLocator &apos;By.cssSelector: .MuiAlert-message&apos; (tried for 10 second(s) with 500 milliseconds interval)
	at org.openqa.selenium.support.ui.WebDriverWait.timeoutException(WebDriverWait.java:84)
	at org.openqa.selenium.support.ui.FluentWait.until(FluentWait.java:230)
	at A1A.Functions.waitForElementToAppear(Functions.java:34)
	at HRMS.ListModulePage.getAlertMsg(ListModulePage.java:73)
	at HRMS.positionTest.createPosition(positionTest.java:26)
	at java.base/java.util.ArrayList.forEach(ArrayList.java:1511)
Caused by: org.openqa.selenium.NoSuchElementException: no such element: Unable to locate element: {&quot;method&quot;:&quot;css selector&quot;,&quot;selector&quot;:&quot;.MuiAlert-message&quot;}
  (Session info: chrome=123.0.6312.106)
For documentation on this error, please visit: https://www.selenium.dev/documentation/webdriver/troubleshooting/errors#no-such-element-exception
Build info: version: &apos;4.13.0&apos;, revision: &apos;ba948ece5b*&apos;
System info: os.name: &apos;Windows 11&apos;, os.arch: &apos;amd64&apos;, os.version: &apos;10.0&apos;, java.version: &apos;17.0.9&apos;
Driver info: org.openqa.selenium.chrome.ChromeDriver
Command: [bf2365a947e015eae5fa14f67dc1cae6, findElement {using=css selector, value=.MuiAlert-message}]
Capabilities {acceptInsecureCerts: false, browserName: chrome, browserVersion: 123.0.6312.106, chrome: {chromedriverVersion: 123.0.6312.105 (399174dbe6e..., userDataDir: C:\Users\ITTEST\AppData\Loc...}, fedcm:accounts: true, goog:chromeOptions: {debuggerAddress: localhost:63139}, networkConnectionEnabled: false, pageLoadStrategy: normal, platformName: windows, proxy: Proxy(), se:cdp: ws://localhost:63139/devtoo..., se:cdpVersion: 123.0.6312.106, setWindowRect: true, strictFileInteractability: false, timeouts: {implicit: 0, pageLoad: 300000, script: 30000}, unhandledPromptBehavior: dismiss and notify, webauthn:extension:credBlob: true, webauthn:extension:largeBlob: true, webauthn:extension:minPinLength: true, webauthn:extension:prf: true, webauthn:virtualAuthenticators: true}
Session ID: bf2365a947e015eae5fa14f67dc1cae6
	at org.openqa.selenium.remote.codec.w3c.W3CHttpResponseCodec.createException(W3CHttpResponseCodec.java:200)
	at org.openqa.selenium.remote.codec.w3c.W3CHttpResponseCodec.decode(W3CHttpResponseCodec.java:133)
	at org.openqa.selenium.remote.codec.w3c.W3CHttpResponseCodec.decode(W3CHttpResponseCodec.java:52)
	at org.openqa.selenium.remote.HttpCommandExecutor.execute(HttpCommandExecutor.java:191)
	at org.openqa.selenium.remote.service.DriverCommandExecutor.invokeExecute(DriverCommandExecutor.java:196)
	at org.openqa.selenium.remote.service.DriverCommandExecutor.execute(DriverCommandExecutor.java:171)
	at org.openqa.selenium.remote.RemoteWebDriver.execute(RemoteWebDriver.java:602)
	at org.openqa.selenium.remote.ElementLocation$ElementFinder$2.findElement(ElementLocation.java:165)
	at org.openqa.selenium.remote.ElementLocation.findElement(ElementLocation.java:59)
	at org.openqa.selenium.remote.RemoteWebDriver.findElement(RemoteWebDriver.java:359)
	at org.openqa.selenium.remote.RemoteWebDriver.findElement(RemoteWebDriver.java:353)
	at org.openqa.selenium.support.pagefactory.DefaultElementLocator.findElement(DefaultElementLocator.java:68)
	at org.openqa.selenium.support.pagefactory.internal.LocatingElementHandler.invoke(LocatingElementHandler.java:38)
	at jdk.proxy2/jdk.proxy2.$Proxy19.isDisplayed(Unknown Source)
	at org.openqa.selenium.support.ui.ExpectedConditions.elementIfVisible(ExpectedConditions.java:304)
	at org.openqa.selenium.support.ui.ExpectedConditions.access$000(ExpectedConditions.java:37)
	at org.openqa.selenium.support.ui.ExpectedConditions$10.apply(ExpectedConditions.java:290)
	at org.openqa.selenium.support.ui.ExpectedConditions$10.apply(ExpectedConditions.java:287)
	at org.openqa.selenium.support.ui.FluentWait.until(FluentWait.java:205)
	... 30 more
... Removed 30 stack frames</pre></div><a href='#' onClick='toggleBox("stack-trace398622227", this, "Click to show all stack frames", "Click to hide stack frames")'>Click to show all stack frames</a>
<div class='stack-trace' id='stack-trace398622227'><pre>org.openqa.selenium.TimeoutException: Expected condition failed: waiting for visibility of Proxy element for: DefaultElementLocator &apos;By.cssSelector: .MuiAlert-message&apos; (tried for 10 second(s) with 500 milliseconds interval)
	at org.openqa.selenium.support.ui.WebDriverWait.timeoutException(WebDriverWait.java:84)
	at org.openqa.selenium.support.ui.FluentWait.until(FluentWait.java:230)
	at A1A.Functions.waitForElementToAppear(Functions.java:34)
	at HRMS.ListModulePage.getAlertMsg(ListModulePage.java:73)
	at HRMS.positionTest.createPosition(positionTest.java:26)
	at jdk.internal.reflect.GeneratedMethodAccessor16.invoke(Unknown Source)
	at java.base/jdk.internal.reflect.DelegatingMethodAccessorImpl.invoke(DelegatingMethodAccessorImpl.java:43)
	at java.base/java.lang.reflect.Method.invoke(Method.java:568)
	at org.testng.internal.MethodInvocationHelper.invokeMethod(MethodInvocationHelper.java:133)
	at org.testng.internal.TestInvoker.invokeMethod(TestInvoker.java:598)
	at org.testng.internal.TestInvoker.invokeTestMethod(TestInvoker.java:173)
	at org.testng.internal.MethodRunner.runInSequence(MethodRunner.java:46)
	at org.testng.internal.TestInvoker$MethodInvocationAgent.invoke(TestInvoker.java:824)
	at org.testng.internal.TestInvoker.invokeTestMethods(TestInvoker.java:146)
	at org.testng.internal.TestMethodWorker.invokeTestMethods(TestMethodWorker.java:146)
	at org.testng.internal.TestMethodWorker.run(TestMethodWorker.java:128)
	at java.base/java.util.ArrayList.forEach(ArrayList.java:1511)
	at org.testng.TestRunner.privateRun(TestRunner.java:794)
	at org.testng.TestRunner.run(TestRunner.java:596)
	at org.testng.SuiteRunner.runTest(SuiteRunner.java:377)
	at org.testng.SuiteRunner.runSequentially(SuiteRunner.java:371)
	at org.testng.SuiteRunner.privateRun(SuiteRunner.java:332)
	at org.testng.SuiteRunner.run(SuiteRunner.java:276)
	at org.testng.SuiteRunnerWorker.runSuite(SuiteRunnerWorker.java:53)
	at org.testng.SuiteRunnerWorker.run(SuiteRunnerWorker.java:96)
	at org.testng.TestNG.runSuitesSequentially(TestNG.java:1212)
	at org.testng.TestNG.runSuitesLocally(TestNG.java:1134)
	at org.testng.TestNG.runSuites(TestNG.java:1063)
	at org.testng.TestNG.run(TestNG.java:1031)
	at org.testng.remote.AbstractRemoteTestNG.run(AbstractRemoteTestNG.java:115)
	at org.testng.remote.RemoteTestNG.initAndRun(RemoteTestNG.java:251)
	at org.testng.remote.RemoteTestNG.main(RemoteTestNG.java:77)
Caused by: org.openqa.selenium.NoSuchElementException: no such element: Unable to locate element: {&quot;method&quot;:&quot;css selector&quot;,&quot;selector&quot;:&quot;.MuiAlert-message&quot;}
  (Session info: chrome=123.0.6312.106)
For documentation on this error, please visit: https://www.selenium.dev/documentation/webdriver/troubleshooting/errors#no-such-element-exception
Build info: version: &apos;4.13.0&apos;, revision: &apos;ba948ece5b*&apos;
System info: os.name: &apos;Windows 11&apos;, os.arch: &apos;amd64&apos;, os.version: &apos;10.0&apos;, java.version: &apos;17.0.9&apos;
Driver info: org.openqa.selenium.chrome.ChromeDriver
Command: [bf2365a947e015eae5fa14f67dc1cae6, findElement {using=css selector, value=.MuiAlert-message}]
Capabilities {acceptInsecureCerts: false, browserName: chrome, browserVersion: 123.0.6312.106, chrome: {chromedriverVersion: 123.0.6312.105 (399174dbe6e..., userDataDir: C:\Users\ITTEST\AppData\Loc...}, fedcm:accounts: true, goog:chromeOptions: {debuggerAddress: localhost:63139}, networkConnectionEnabled: false, pageLoadStrategy: normal, platformName: windows, proxy: Proxy(), se:cdp: ws://localhost:63139/devtoo..., se:cdpVersion: 123.0.6312.106, setWindowRect: true, strictFileInteractability: false, timeouts: {implicit: 0, pageLoad: 300000, script: 30000}, unhandledPromptBehavior: dismiss and notify, webauthn:extension:credBlob: true, webauthn:extension:largeBlob: true, webauthn:extension:minPinLength: true, webauthn:extension:prf: true, webauthn:virtualAuthenticators: true}
Session ID: bf2365a947e015eae5fa14f67dc1cae6
	at jdk.internal.reflect.GeneratedConstructorAccessor34.newInstance(Unknown Source)
	at java.base/jdk.internal.reflect.DelegatingConstructorAccessorImpl.newInstance(DelegatingConstructorAccessorImpl.java:45)
	at java.base/java.lang.reflect.Constructor.newInstanceWithCaller(Constructor.java:499)
	at java.base/java.lang.reflect.Constructor.newInstance(Constructor.java:480)
	at org.openqa.selenium.remote.codec.w3c.W3CHttpResponseCodec.createException(W3CHttpResponseCodec.java:200)
	at org.openqa.selenium.remote.codec.w3c.W3CHttpResponseCodec.decode(W3CHttpResponseCodec.java:133)
	at org.openqa.selenium.remote.codec.w3c.W3CHttpResponseCodec.decode(W3CHttpResponseCodec.java:52)
	at org.openqa.selenium.remote.HttpCommandExecutor.execute(HttpCommandExecutor.java:191)
	at org.openqa.selenium.remote.service.DriverCommandExecutor.invokeExecute(DriverCommandExecutor.java:196)
	at org.openqa.selenium.remote.service.DriverCommandExecutor.execute(DriverCommandExecutor.java:171)
	at org.openqa.selenium.remote.RemoteWebDriver.execute(RemoteWebDriver.java:602)
	at org.openqa.selenium.remote.ElementLocation$ElementFinder$2.findElement(ElementLocation.java:165)
	at org.openqa.selenium.remote.ElementLocation.findElement(ElementLocation.java:59)
	at org.openqa.selenium.remote.RemoteWebDriver.findElement(RemoteWebDriver.java:359)
	at org.openqa.selenium.remote.RemoteWebDriver.findElement(RemoteWebDriver.java:353)
	at org.openqa.selenium.support.pagefactory.DefaultElementLocator.findElement(DefaultElementLocator.java:68)
	at org.openqa.selenium.support.pagefactory.internal.LocatingElementHandler.invoke(LocatingElementHandler.java:38)
	at jdk.proxy2/jdk.proxy2.$Proxy19.isDisplayed(Unknown Source)
	at org.openqa.selenium.support.ui.ExpectedConditions.elementIfVisible(ExpectedConditions.java:304)
	at org.openqa.selenium.support.ui.ExpectedConditions.access$000(ExpectedConditions.java:37)
	at org.openqa.selenium.support.ui.ExpectedConditions$10.apply(ExpectedConditions.java:290)
	at org.openqa.selenium.support.ui.ExpectedConditions$10.apply(ExpectedConditions.java:287)
	at org.openqa.selenium.support.ui.FluentWait.until(FluentWait.java:205)
	... 30 more
</pre></div></td>
<td>22</td>
<td>HRMS.positionTest@4b40f651</td></tr>
<tr>
<td title='HRMS.positionTest.createChildPostion()'><b>createChildPostion</b><br>Test class: HRMS.positionTest</td>
<td><div><pre>org.openqa.selenium.ElementClickInterceptedException: element click intercepted: Element &lt;p class=&quot;MuiTypography-root MuiTypography-body2 MuiListItemText-primary css-rnafb5-MuiTypography-root&quot;&gt;...&lt;/p&gt; is not clickable at point (51, 305). Other element would receive the click: &lt;a href=&quot;/position-&amp;amp;-Core-competency&quot; style=&quot;text-decoration: none; color: inherit; display: flex; align-items: center;&quot;&gt;...&lt;/a&gt;
  (Session info: chrome=123.0.6312.106)
Build info: version: &apos;4.13.0&apos;, revision: &apos;ba948ece5b*&apos;
System info: os.name: &apos;Windows 11&apos;, os.arch: &apos;amd64&apos;, os.version: &apos;10.0&apos;, java.version: &apos;17.0.9&apos;
Driver info: org.openqa.selenium.chrome.ChromeDriver
Command: [fbde8e67346e6c70975cf0f7bde7799b, clickElement {id=f.E6A7A789C259A85B9A893B9BE7E04273.d.68FE5885319AF74A764DD7BAA5FEB90A.e.417}]
Capabilities {acceptInsecureCerts: false, browserName: chrome, browserVersion: 123.0.6312.106, chrome: {chromedriverVersion: 123.0.6312.105 (399174dbe6e..., userDataDir: C:\Users\ITTEST\AppData\Loc...}, fedcm:accounts: true, goog:chromeOptions: {debuggerAddress: localhost:60561}, networkConnectionEnabled: false, pageLoadStrategy: normal, platformName: windows, proxy: Proxy(), se:cdp: ws://localhost:60561/devtoo..., se:cdpVersion: 123.0.6312.106, setWindowRect: true, strictFileInteractability: false, timeouts: {implicit: 0, pageLoad: 300000, script: 30000}, unhandledPromptBehavior: dismiss and notify, webauthn:extension:credBlob: true, webauthn:extension:largeBlob: true, webauthn:extension:minPinLength: true, webauthn:extension:prf: true, webauthn:virtualAuthenticators: true}
Element: [[ChromeDriver: chrome on windows (fbde8e67346e6c70975cf0f7bde7799b)] -&gt; xpath: //p[contains(text(), &apos;Core&apos;)]]
Session ID: fbde8e67346e6c70975cf0f7bde7799b
	at org.openqa.selenium.remote.codec.w3c.W3CHttpResponseCodec.createException(W3CHttpResponseCodec.java:200)
	at org.openqa.selenium.remote.codec.w3c.W3CHttpResponseCodec.decode(W3CHttpResponseCodec.java:133)
	at org.openqa.selenium.remote.codec.w3c.W3CHttpResponseCodec.decode(W3CHttpResponseCodec.java:52)
	at org.openqa.selenium.remote.HttpCommandExecutor.execute(HttpCommandExecutor.java:191)
	at org.openqa.selenium.remote.service.DriverCommandExecutor.invokeExecute(DriverCommandExecutor.java:196)
	at org.openqa.selenium.remote.service.DriverCommandExecutor.execute(DriverCommandExecutor.java:171)
	at org.openqa.selenium.remote.RemoteWebDriver.execute(RemoteWebDriver.java:602)
	at org.openqa.selenium.remote.RemoteWebElement.execute(RemoteWebElement.java:224)
	at org.openqa.selenium.remote.RemoteWebElement.click(RemoteWebElement.java:77)
	at org.openqa.selenium.support.pagefactory.internal.LocatingElementHandler.invoke(LocatingElementHandler.java:51)
	at jdk.proxy2/jdk.proxy2.$Proxy19.click(Unknown Source)
	at HRMS.PositionAndCoreCompetency.goToPostionAndCoreCompetencyTab(PositionAndCoreCompetency.java:29)
	at HRMS.positionTest.createChildPostion(positionTest.java:32)
	at java.base/java.util.ArrayList.forEach(ArrayList.java:1511)
... Removed 34 stack frames</pre></div><a href='#' onClick='toggleBox("stack-trace1469423926", this, "Click to show all stack frames", "Click to hide stack frames")'>Click to show all stack frames</a>
<div class='stack-trace' id='stack-trace1469423926'><pre>org.openqa.selenium.ElementClickInterceptedException: element click intercepted: Element &lt;p class=&quot;MuiTypography-root MuiTypography-body2 MuiListItemText-primary css-rnafb5-MuiTypography-root&quot;&gt;...&lt;/p&gt; is not clickable at point (51, 305). Other element would receive the click: &lt;a href=&quot;/position-&amp;amp;-Core-competency&quot; style=&quot;text-decoration: none; color: inherit; display: flex; align-items: center;&quot;&gt;...&lt;/a&gt;
  (Session info: chrome=123.0.6312.106)
Build info: version: &apos;4.13.0&apos;, revision: &apos;ba948ece5b*&apos;
System info: os.name: &apos;Windows 11&apos;, os.arch: &apos;amd64&apos;, os.version: &apos;10.0&apos;, java.version: &apos;17.0.9&apos;
Driver info: org.openqa.selenium.chrome.ChromeDriver
Command: [fbde8e67346e6c70975cf0f7bde7799b, clickElement {id=f.E6A7A789C259A85B9A893B9BE7E04273.d.68FE5885319AF74A764DD7BAA5FEB90A.e.417}]
Capabilities {acceptInsecureCerts: false, browserName: chrome, browserVersion: 123.0.6312.106, chrome: {chromedriverVersion: 123.0.6312.105 (399174dbe6e..., userDataDir: C:\Users\ITTEST\AppData\Loc...}, fedcm:accounts: true, goog:chromeOptions: {debuggerAddress: localhost:60561}, networkConnectionEnabled: false, pageLoadStrategy: normal, platformName: windows, proxy: Proxy(), se:cdp: ws://localhost:60561/devtoo..., se:cdpVersion: 123.0.6312.106, setWindowRect: true, strictFileInteractability: false, timeouts: {implicit: 0, pageLoad: 300000, script: 30000}, unhandledPromptBehavior: dismiss and notify, webauthn:extension:credBlob: true, webauthn:extension:largeBlob: true, webauthn:extension:minPinLength: true, webauthn:extension:prf: true, webauthn:virtualAuthenticators: true}
Element: [[ChromeDriver: chrome on windows (fbde8e67346e6c70975cf0f7bde7799b)] -&gt; xpath: //p[contains(text(), &apos;Core&apos;)]]
Session ID: fbde8e67346e6c70975cf0f7bde7799b
	at java.base/jdk.internal.reflect.NativeConstructorAccessorImpl.newInstance0(Native Method)
	at java.base/jdk.internal.reflect.NativeConstructorAccessorImpl.newInstance(NativeConstructorAccessorImpl.java:77)
	at java.base/jdk.internal.reflect.DelegatingConstructorAccessorImpl.newInstance(DelegatingConstructorAccessorImpl.java:45)
	at java.base/java.lang.reflect.Constructor.newInstanceWithCaller(Constructor.java:499)
	at java.base/java.lang.reflect.Constructor.newInstance(Constructor.java:480)
	at org.openqa.selenium.remote.codec.w3c.W3CHttpResponseCodec.createException(W3CHttpResponseCodec.java:200)
	at org.openqa.selenium.remote.codec.w3c.W3CHttpResponseCodec.decode(W3CHttpResponseCodec.java:133)
	at org.openqa.selenium.remote.codec.w3c.W3CHttpResponseCodec.decode(W3CHttpResponseCodec.java:52)
	at org.openqa.selenium.remote.HttpCommandExecutor.execute(HttpCommandExecutor.java:191)
	at org.openqa.selenium.remote.service.DriverCommandExecutor.invokeExecute(DriverCommandExecutor.java:196)
	at org.openqa.selenium.remote.service.DriverCommandExecutor.execute(DriverCommandExecutor.java:171)
	at org.openqa.selenium.remote.RemoteWebDriver.execute(RemoteWebDriver.java:602)
	at org.openqa.selenium.remote.RemoteWebElement.execute(RemoteWebElement.java:224)
	at org.openqa.selenium.remote.RemoteWebElement.click(RemoteWebElement.java:77)
	at jdk.internal.reflect.GeneratedMethodAccessor1.invoke(Unknown Source)
	at java.base/jdk.internal.reflect.DelegatingMethodAccessorImpl.invoke(DelegatingMethodAccessorImpl.java:43)
	at java.base/java.lang.reflect.Method.invoke(Method.java:568)
	at org.openqa.selenium.support.pagefactory.internal.LocatingElementHandler.invoke(LocatingElementHandler.java:51)
	at jdk.proxy2/jdk.proxy2.$Proxy19.click(Unknown Source)
	at HRMS.PositionAndCoreCompetency.goToPostionAndCoreCompetencyTab(PositionAndCoreCompetency.java:29)
	at HRMS.positionTest.createChildPostion(positionTest.java:32)
	at jdk.internal.reflect.GeneratedMethodAccessor14.invoke(Unknown Source)
	at java.base/jdk.internal.reflect.DelegatingMethodAccessorImpl.invoke(DelegatingMethodAccessorImpl.java:43)
	at java.base/java.lang.reflect.Method.invoke(Method.java:568)
	at org.testng.internal.MethodInvocationHelper.invokeMethod(MethodInvocationHelper.java:133)
	at org.testng.internal.TestInvoker.invokeMethod(TestInvoker.java:598)
	at org.testng.internal.TestInvoker.invokeTestMethod(TestInvoker.java:173)
	at org.testng.internal.MethodRunner.runInSequence(MethodRunner.java:46)
	at org.testng.internal.TestInvoker$MethodInvocationAgent.invoke(TestInvoker.java:824)
	at org.testng.internal.TestInvoker.invokeTestMethods(TestInvoker.java:146)
	at org.testng.internal.TestMethodWorker.invokeTestMethods(TestMethodWorker.java:146)
	at org.testng.internal.TestMethodWorker.run(TestMethodWorker.java:128)
	at java.base/java.util.ArrayList.forEach(ArrayList.java:1511)
	at org.testng.TestRunner.privateRun(TestRunner.java:794)
	at org.testng.TestRunner.run(TestRunner.java:596)
	at org.testng.SuiteRunner.runTest(SuiteRunner.java:377)
	at org.testng.SuiteRunner.runSequentially(SuiteRunner.java:371)
	at org.testng.SuiteRunner.privateRun(SuiteRunner.java:332)
	at org.testng.SuiteRunner.run(SuiteRunner.java:276)
	at org.testng.SuiteRunnerWorker.runSuite(SuiteRunnerWorker.java:53)
	at org.testng.SuiteRunnerWorker.run(SuiteRunnerWorker.java:96)
	at org.testng.TestNG.runSuitesSequentially(TestNG.java:1212)
	at org.testng.TestNG.runSuitesLocally(TestNG.java:1134)
	at org.testng.TestNG.runSuites(TestNG.java:1063)
	at org.testng.TestNG.run(TestNG.java:1031)
	at org.testng.remote.AbstractRemoteTestNG.run(AbstractRemoteTestNG.java:115)
	at org.testng.remote.RemoteTestNG.initAndRun(RemoteTestNG.java:251)
	at org.testng.remote.RemoteTestNG.main(RemoteTestNG.java:77)
</pre></div></td>
<td>1</td>
<td>HRMS.positionTest@4b40f651</td></tr>
<tr>
<td title='HRMS.positionTest.createChildPostion()'><b>createChildPostion</b><br>Test class: HRMS.positionTest</td>
<td><div><pre>org.openqa.selenium.ElementClickInterceptedException: element click intercepted: Element &lt;svg class=&quot;MuiSvgIcon-root MuiSvgIcon-fontSizeMedium css-i4bv87-MuiSvgIcon-root&quot; focusable=&quot;false&quot; aria-hidden=&quot;true&quot; viewBox=&quot;0 0 24 24&quot; data-testid=&quot;KeyboardArrowRightIcon&quot;&gt;...&lt;/svg&gt; is not clickable at point (1456, 649). Other element would receive the click: &lt;div class=&quot;MuiTablePagination-actions&quot;&gt;...&lt;/div&gt;
  (Session info: chrome=123.0.6312.106)
Build info: version: &apos;4.13.0&apos;, revision: &apos;ba948ece5b*&apos;
System info: os.name: &apos;Windows 11&apos;, os.arch: &apos;amd64&apos;, os.version: &apos;10.0&apos;, java.version: &apos;17.0.9&apos;
Driver info: org.openqa.selenium.chrome.ChromeDriver
Command: [0485334d1c457aabdc172b2b21c740a4, clickElement {id=f.D2851BF7B58C06A56CB27CF441CBE1FD.d.0D32D7714BB8E1B01858AB8BF1A8871C.e.1602}]
Capabilities {acceptInsecureCerts: false, browserName: chrome, browserVersion: 123.0.6312.106, chrome: {chromedriverVersion: 123.0.6312.105 (399174dbe6e..., userDataDir: C:\Users\ITTEST\AppData\Loc...}, fedcm:accounts: true, goog:chromeOptions: {debuggerAddress: localhost:59211}, networkConnectionEnabled: false, pageLoadStrategy: normal, platformName: windows, proxy: Proxy(), se:cdp: ws://localhost:59211/devtoo..., se:cdpVersion: 123.0.6312.106, setWindowRect: true, strictFileInteractability: false, timeouts: {implicit: 0, pageLoad: 300000, script: 30000}, unhandledPromptBehavior: dismiss and notify, webauthn:extension:credBlob: true, webauthn:extension:largeBlob: true, webauthn:extension:minPinLength: true, webauthn:extension:prf: true, webauthn:virtualAuthenticators: true}
Element: [[ChromeDriver: chrome on windows (0485334d1c457aabdc172b2b21c740a4)] -&gt; css selector: svg[data-testid=&apos;KeyboardArrowRightIcon&apos;]]
Session ID: 0485334d1c457aabdc172b2b21c740a4
	at org.openqa.selenium.remote.codec.w3c.W3CHttpResponseCodec.createException(W3CHttpResponseCodec.java:200)
	at org.openqa.selenium.remote.codec.w3c.W3CHttpResponseCodec.decode(W3CHttpResponseCodec.java:133)
	at org.openqa.selenium.remote.codec.w3c.W3CHttpResponseCodec.decode(W3CHttpResponseCodec.java:52)
	at org.openqa.selenium.remote.HttpCommandExecutor.execute(HttpCommandExecutor.java:191)
	at org.openqa.selenium.remote.service.DriverCommandExecutor.invokeExecute(DriverCommandExecutor.java:196)
	at org.openqa.selenium.remote.service.DriverCommandExecutor.execute(DriverCommandExecutor.java:171)
	at org.openqa.selenium.remote.RemoteWebDriver.execute(RemoteWebDriver.java:602)
	at org.openqa.selenium.remote.RemoteWebElement.execute(RemoteWebElement.java:224)
	at org.openqa.selenium.remote.RemoteWebElement.click(RemoteWebElement.java:77)
	at org.openqa.selenium.support.pagefactory.internal.LocatingElementHandler.invoke(LocatingElementHandler.java:51)
	at jdk.proxy2/jdk.proxy2.$Proxy19.click(Unknown Source)
	at HRMS.PositionAndCoreCompetency.createRandomChildPosition(PositionAndCoreCompetency.java:129)
	at HRMS.positionTest.createChildPostion(positionTest.java:35)
	at java.base/java.util.ArrayList.forEach(ArrayList.java:1511)
... Removed 35 stack frames</pre></div><a href='#' onClick='toggleBox("stack-trace131168518", this, "Click to show all stack frames", "Click to hide stack frames")'>Click to show all stack frames</a>
<div class='stack-trace' id='stack-trace131168518'><pre>org.openqa.selenium.ElementClickInterceptedException: element click intercepted: Element &lt;svg class=&quot;MuiSvgIcon-root MuiSvgIcon-fontSizeMedium css-i4bv87-MuiSvgIcon-root&quot; focusable=&quot;false&quot; aria-hidden=&quot;true&quot; viewBox=&quot;0 0 24 24&quot; data-testid=&quot;KeyboardArrowRightIcon&quot;&gt;...&lt;/svg&gt; is not clickable at point (1456, 649). Other element would receive the click: &lt;div class=&quot;MuiTablePagination-actions&quot;&gt;...&lt;/div&gt;
  (Session info: chrome=123.0.6312.106)
Build info: version: &apos;4.13.0&apos;, revision: &apos;ba948ece5b*&apos;
System info: os.name: &apos;Windows 11&apos;, os.arch: &apos;amd64&apos;, os.version: &apos;10.0&apos;, java.version: &apos;17.0.9&apos;
Driver info: org.openqa.selenium.chrome.ChromeDriver
Command: [0485334d1c457aabdc172b2b21c740a4, clickElement {id=f.D2851BF7B58C06A56CB27CF441CBE1FD.d.0D32D7714BB8E1B01858AB8BF1A8871C.e.1602}]
Capabilities {acceptInsecureCerts: false, browserName: chrome, browserVersion: 123.0.6312.106, chrome: {chromedriverVersion: 123.0.6312.105 (399174dbe6e..., userDataDir: C:\Users\ITTEST\AppData\Loc...}, fedcm:accounts: true, goog:chromeOptions: {debuggerAddress: localhost:59211}, networkConnectionEnabled: false, pageLoadStrategy: normal, platformName: windows, proxy: Proxy(), se:cdp: ws://localhost:59211/devtoo..., se:cdpVersion: 123.0.6312.106, setWindowRect: true, strictFileInteractability: false, timeouts: {implicit: 0, pageLoad: 300000, script: 30000}, unhandledPromptBehavior: dismiss and notify, webauthn:extension:credBlob: true, webauthn:extension:largeBlob: true, webauthn:extension:minPinLength: true, webauthn:extension:prf: true, webauthn:virtualAuthenticators: true}
Element: [[ChromeDriver: chrome on windows (0485334d1c457aabdc172b2b21c740a4)] -&gt; css selector: svg[data-testid=&apos;KeyboardArrowRightIcon&apos;]]
Session ID: 0485334d1c457aabdc172b2b21c740a4
	at java.base/jdk.internal.reflect.NativeConstructorAccessorImpl.newInstance0(Native Method)
	at java.base/jdk.internal.reflect.NativeConstructorAccessorImpl.newInstance(NativeConstructorAccessorImpl.java:77)
	at java.base/jdk.internal.reflect.DelegatingConstructorAccessorImpl.newInstance(DelegatingConstructorAccessorImpl.java:45)
	at java.base/java.lang.reflect.Constructor.newInstanceWithCaller(Constructor.java:499)
	at java.base/java.lang.reflect.Constructor.newInstance(Constructor.java:480)
	at org.openqa.selenium.remote.codec.w3c.W3CHttpResponseCodec.createException(W3CHttpResponseCodec.java:200)
	at org.openqa.selenium.remote.codec.w3c.W3CHttpResponseCodec.decode(W3CHttpResponseCodec.java:133)
	at org.openqa.selenium.remote.codec.w3c.W3CHttpResponseCodec.decode(W3CHttpResponseCodec.java:52)
	at org.openqa.selenium.remote.HttpCommandExecutor.execute(HttpCommandExecutor.java:191)
	at org.openqa.selenium.remote.service.DriverCommandExecutor.invokeExecute(DriverCommandExecutor.java:196)
	at org.openqa.selenium.remote.service.DriverCommandExecutor.execute(DriverCommandExecutor.java:171)
	at org.openqa.selenium.remote.RemoteWebDriver.execute(RemoteWebDriver.java:602)
	at org.openqa.selenium.remote.RemoteWebElement.execute(RemoteWebElement.java:224)
	at org.openqa.selenium.remote.RemoteWebElement.click(RemoteWebElement.java:77)
	at jdk.internal.reflect.GeneratedMethodAccessor1.invoke(Unknown Source)
	at java.base/jdk.internal.reflect.DelegatingMethodAccessorImpl.invoke(DelegatingMethodAccessorImpl.java:43)
	at java.base/java.lang.reflect.Method.invoke(Method.java:568)
	at org.openqa.selenium.support.pagefactory.internal.LocatingElementHandler.invoke(LocatingElementHandler.java:51)
	at jdk.proxy2/jdk.proxy2.$Proxy19.click(Unknown Source)
	at HRMS.PositionAndCoreCompetency.createRandomChildPosition(PositionAndCoreCompetency.java:129)
	at HRMS.positionTest.createChildPostion(positionTest.java:35)
	at java.base/jdk.internal.reflect.NativeMethodAccessorImpl.invoke0(Native Method)
	at java.base/jdk.internal.reflect.NativeMethodAccessorImpl.invoke(NativeMethodAccessorImpl.java:77)
	at java.base/jdk.internal.reflect.DelegatingMethodAccessorImpl.invoke(DelegatingMethodAccessorImpl.java:43)
	at java.base/java.lang.reflect.Method.invoke(Method.java:568)
	at org.testng.internal.MethodInvocationHelper.invokeMethod(MethodInvocationHelper.java:133)
	at org.testng.internal.TestInvoker.invokeMethod(TestInvoker.java:598)
	at org.testng.internal.TestInvoker.invokeTestMethod(TestInvoker.java:173)
	at org.testng.internal.MethodRunner.runInSequence(MethodRunner.java:46)
	at org.testng.internal.TestInvoker$MethodInvocationAgent.invoke(TestInvoker.java:824)
	at org.testng.internal.TestInvoker.invokeTestMethods(TestInvoker.java:146)
	at org.testng.internal.TestMethodWorker.invokeTestMethods(TestMethodWorker.java:146)
	at org.testng.internal.TestMethodWorker.run(TestMethodWorker.java:128)
	at java.base/java.util.ArrayList.forEach(ArrayList.java:1511)
	at org.testng.TestRunner.privateRun(TestRunner.java:794)
	at org.testng.TestRunner.run(TestRunner.java:596)
	at org.testng.SuiteRunner.runTest(SuiteRunner.java:377)
	at org.testng.SuiteRunner.runSequentially(SuiteRunner.java:371)
	at org.testng.SuiteRunner.privateRun(SuiteRunner.java:332)
	at org.testng.SuiteRunner.run(SuiteRunner.java:276)
	at org.testng.SuiteRunnerWorker.runSuite(SuiteRunnerWorker.java:53)
	at org.testng.SuiteRunnerWorker.run(SuiteRunnerWorker.java:96)
	at org.testng.TestNG.runSuitesSequentially(TestNG.java:1212)
	at org.testng.TestNG.runSuitesLocally(TestNG.java:1134)
	at org.testng.TestNG.runSuites(TestNG.java:1063)
	at org.testng.TestNG.run(TestNG.java:1031)
	at org.testng.remote.AbstractRemoteTestNG.run(AbstractRemoteTestNG.java:115)
	at org.testng.remote.RemoteTestNG.initAndRun(RemoteTestNG.java:251)
	at org.testng.remote.RemoteTestNG.main(RemoteTestNG.java:77)
</pre></div></td>
<td>5</td>
<td>HRMS.positionTest@4b40f651</td></tr>
<tr>
<td title='HRMS.positionTest.createPosition()'><b>createPosition</b><br>Test class: HRMS.positionTest</td>
<td><div><pre>org.openqa.selenium.TimeoutException: Expected condition failed: waiting for visibility of Proxy element for: DefaultElementLocator &apos;By.cssSelector: .MuiAlert-message&apos; (tried for 10 second(s) with 500 milliseconds interval)
	at org.openqa.selenium.support.ui.WebDriverWait.timeoutException(WebDriverWait.java:84)
	at org.openqa.selenium.support.ui.FluentWait.until(FluentWait.java:230)
	at A1A.Functions.waitForElementToAppear(Functions.java:34)
	at HRMS.ListModulePage.getAlertMsg(ListModulePage.java:73)
	at HRMS.positionTest.createPosition(positionTest.java:26)
	at java.base/java.util.ArrayList.forEach(ArrayList.java:1511)
Caused by: org.openqa.selenium.NoSuchElementException: no such element: Unable to locate element: {&quot;method&quot;:&quot;css selector&quot;,&quot;selector&quot;:&quot;.MuiAlert-message&quot;}
  (Session info: chrome=123.0.6312.106)
For documentation on this error, please visit: https://www.selenium.dev/documentation/webdriver/troubleshooting/errors#no-such-element-exception
Build info: version: &apos;4.13.0&apos;, revision: &apos;ba948ece5b*&apos;
System info: os.name: &apos;Windows 11&apos;, os.arch: &apos;amd64&apos;, os.version: &apos;10.0&apos;, java.version: &apos;17.0.9&apos;
Driver info: org.openqa.selenium.chrome.ChromeDriver
Command: [a89a31d23d1c2fea2e62802c9093e9de, findElement {using=css selector, value=.MuiAlert-message}]
Capabilities {acceptInsecureCerts: false, browserName: chrome, browserVersion: 123.0.6312.106, chrome: {chromedriverVersion: 123.0.6312.105 (399174dbe6e..., userDataDir: C:\Users\ITTEST\AppData\Loc...}, fedcm:accounts: true, goog:chromeOptions: {debuggerAddress: localhost:64131}, networkConnectionEnabled: false, pageLoadStrategy: normal, platformName: windows, proxy: Proxy(), se:cdp: ws://localhost:64131/devtoo..., se:cdpVersion: 123.0.6312.106, setWindowRect: true, strictFileInteractability: false, timeouts: {implicit: 0, pageLoad: 300000, script: 30000}, unhandledPromptBehavior: dismiss and notify, webauthn:extension:credBlob: true, webauthn:extension:largeBlob: true, webauthn:extension:minPinLength: true, webauthn:extension:prf: true, webauthn:virtualAuthenticators: true}
Session ID: a89a31d23d1c2fea2e62802c9093e9de
	at org.openqa.selenium.remote.codec.w3c.W3CHttpResponseCodec.createException(W3CHttpResponseCodec.java:200)
	at org.openqa.selenium.remote.codec.w3c.W3CHttpResponseCodec.decode(W3CHttpResponseCodec.java:133)
	at org.openqa.selenium.remote.codec.w3c.W3CHttpResponseCodec.decode(W3CHttpResponseCodec.java:52)
	at org.openqa.selenium.remote.HttpCommandExecutor.execute(HttpCommandExecutor.java:191)
	at org.openqa.selenium.remote.service.DriverCommandExecutor.invokeExecute(DriverCommandExecutor.java:196)
	at org.openqa.selenium.remote.service.DriverCommandExecutor.execute(DriverCommandExecutor.java:171)
	at org.openqa.selenium.remote.RemoteWebDriver.execute(RemoteWebDriver.java:602)
	at org.openqa.selenium.remote.ElementLocation$ElementFinder$2.findElement(ElementLocation.java:165)
	at org.openqa.selenium.remote.ElementLocation.findElement(ElementLocation.java:59)
	at org.openqa.selenium.remote.RemoteWebDriver.findElement(RemoteWebDriver.java:359)
	at org.openqa.selenium.remote.RemoteWebDriver.findElement(RemoteWebDriver.java:353)
	at org.openqa.selenium.support.pagefactory.DefaultElementLocator.findElement(DefaultElementLocator.java:68)
	at org.openqa.selenium.support.pagefactory.internal.LocatingElementHandler.invoke(LocatingElementHandler.java:38)
	at jdk.proxy2/jdk.proxy2.$Proxy19.isDisplayed(Unknown Source)
	at org.openqa.selenium.support.ui.ExpectedConditions.elementIfVisible(ExpectedConditions.java:304)
	at org.openqa.selenium.support.ui.ExpectedConditions.access$000(ExpectedConditions.java:37)
	at org.openqa.selenium.support.ui.ExpectedConditions$10.apply(ExpectedConditions.java:290)
	at org.openqa.selenium.support.ui.ExpectedConditions$10.apply(ExpectedConditions.java:287)
	at org.openqa.selenium.support.ui.FluentWait.until(FluentWait.java:205)
	... 30 more
... Removed 30 stack frames</pre></div><a href='#' onClick='toggleBox("stack-trace1510859479", this, "Click to show all stack frames", "Click to hide stack frames")'>Click to show all stack frames</a>
<div class='stack-trace' id='stack-trace1510859479'><pre>org.openqa.selenium.TimeoutException: Expected condition failed: waiting for visibility of Proxy element for: DefaultElementLocator &apos;By.cssSelector: .MuiAlert-message&apos; (tried for 10 second(s) with 500 milliseconds interval)
	at org.openqa.selenium.support.ui.WebDriverWait.timeoutException(WebDriverWait.java:84)
	at org.openqa.selenium.support.ui.FluentWait.until(FluentWait.java:230)
	at A1A.Functions.waitForElementToAppear(Functions.java:34)
	at HRMS.ListModulePage.getAlertMsg(ListModulePage.java:73)
	at HRMS.positionTest.createPosition(positionTest.java:26)
	at jdk.internal.reflect.GeneratedMethodAccessor16.invoke(Unknown Source)
	at java.base/jdk.internal.reflect.DelegatingMethodAccessorImpl.invoke(DelegatingMethodAccessorImpl.java:43)
	at java.base/java.lang.reflect.Method.invoke(Method.java:568)
	at org.testng.internal.MethodInvocationHelper.invokeMethod(MethodInvocationHelper.java:133)
	at org.testng.internal.TestInvoker.invokeMethod(TestInvoker.java:598)
	at org.testng.internal.TestInvoker.invokeTestMethod(TestInvoker.java:173)
	at org.testng.internal.MethodRunner.runInSequence(MethodRunner.java:46)
	at org.testng.internal.TestInvoker$MethodInvocationAgent.invoke(TestInvoker.java:824)
	at org.testng.internal.TestInvoker.invokeTestMethods(TestInvoker.java:146)
	at org.testng.internal.TestMethodWorker.invokeTestMethods(TestMethodWorker.java:146)
	at org.testng.internal.TestMethodWorker.run(TestMethodWorker.java:128)
	at java.base/java.util.ArrayList.forEach(ArrayList.java:1511)
	at org.testng.TestRunner.privateRun(TestRunner.java:794)
	at org.testng.TestRunner.run(TestRunner.java:596)
	at org.testng.SuiteRunner.runTest(SuiteRunner.java:377)
	at org.testng.SuiteRunner.runSequentially(SuiteRunner.java:371)
	at org.testng.SuiteRunner.privateRun(SuiteRunner.java:332)
	at org.testng.SuiteRunner.run(SuiteRunner.java:276)
	at org.testng.SuiteRunnerWorker.runSuite(SuiteRunnerWorker.java:53)
	at org.testng.SuiteRunnerWorker.run(SuiteRunnerWorker.java:96)
	at org.testng.TestNG.runSuitesSequentially(TestNG.java:1212)
	at org.testng.TestNG.runSuitesLocally(TestNG.java:1134)
	at org.testng.TestNG.runSuites(TestNG.java:1063)
	at org.testng.TestNG.run(TestNG.java:1031)
	at org.testng.remote.AbstractRemoteTestNG.run(AbstractRemoteTestNG.java:115)
	at org.testng.remote.RemoteTestNG.initAndRun(RemoteTestNG.java:251)
	at org.testng.remote.RemoteTestNG.main(RemoteTestNG.java:77)
Caused by: org.openqa.selenium.NoSuchElementException: no such element: Unable to locate element: {&quot;method&quot;:&quot;css selector&quot;,&quot;selector&quot;:&quot;.MuiAlert-message&quot;}
  (Session info: chrome=123.0.6312.106)
For documentation on this error, please visit: https://www.selenium.dev/documentation/webdriver/troubleshooting/errors#no-such-element-exception
Build info: version: &apos;4.13.0&apos;, revision: &apos;ba948ece5b*&apos;
System info: os.name: &apos;Windows 11&apos;, os.arch: &apos;amd64&apos;, os.version: &apos;10.0&apos;, java.version: &apos;17.0.9&apos;
Driver info: org.openqa.selenium.chrome.ChromeDriver
Command: [a89a31d23d1c2fea2e62802c9093e9de, findElement {using=css selector, value=.MuiAlert-message}]
Capabilities {acceptInsecureCerts: false, browserName: chrome, browserVersion: 123.0.6312.106, chrome: {chromedriverVersion: 123.0.6312.105 (399174dbe6e..., userDataDir: C:\Users\ITTEST\AppData\Loc...}, fedcm:accounts: true, goog:chromeOptions: {debuggerAddress: localhost:64131}, networkConnectionEnabled: false, pageLoadStrategy: normal, platformName: windows, proxy: Proxy(), se:cdp: ws://localhost:64131/devtoo..., se:cdpVersion: 123.0.6312.106, setWindowRect: true, strictFileInteractability: false, timeouts: {implicit: 0, pageLoad: 300000, script: 30000}, unhandledPromptBehavior: dismiss and notify, webauthn:extension:credBlob: true, webauthn:extension:largeBlob: true, webauthn:extension:minPinLength: true, webauthn:extension:prf: true, webauthn:virtualAuthenticators: true}
Session ID: a89a31d23d1c2fea2e62802c9093e9de
	at jdk.internal.reflect.GeneratedConstructorAccessor34.newInstance(Unknown Source)
	at java.base/jdk.internal.reflect.DelegatingConstructorAccessorImpl.newInstance(DelegatingConstructorAccessorImpl.java:45)
	at java.base/java.lang.reflect.Constructor.newInstanceWithCaller(Constructor.java:499)
	at java.base/java.lang.reflect.Constructor.newInstance(Constructor.java:480)
	at org.openqa.selenium.remote.codec.w3c.W3CHttpResponseCodec.createException(W3CHttpResponseCodec.java:200)
	at org.openqa.selenium.remote.codec.w3c.W3CHttpResponseCodec.decode(W3CHttpResponseCodec.java:133)
	at org.openqa.selenium.remote.codec.w3c.W3CHttpResponseCodec.decode(W3CHttpResponseCodec.java:52)
	at org.openqa.selenium.remote.HttpCommandExecutor.execute(HttpCommandExecutor.java:191)
	at org.openqa.selenium.remote.service.DriverCommandExecutor.invokeExecute(DriverCommandExecutor.java:196)
	at org.openqa.selenium.remote.service.DriverCommandExecutor.execute(DriverCommandExecutor.java:171)
	at org.openqa.selenium.remote.RemoteWebDriver.execute(RemoteWebDriver.java:602)
	at org.openqa.selenium.remote.ElementLocation$ElementFinder$2.findElement(ElementLocation.java:165)
	at org.openqa.selenium.remote.ElementLocation.findElement(ElementLocation.java:59)
	at org.openqa.selenium.remote.RemoteWebDriver.findElement(RemoteWebDriver.java:359)
	at org.openqa.selenium.remote.RemoteWebDriver.findElement(RemoteWebDriver.java:353)
	at org.openqa.selenium.support.pagefactory.DefaultElementLocator.findElement(DefaultElementLocator.java:68)
	at org.openqa.selenium.support.pagefactory.internal.LocatingElementHandler.invoke(LocatingElementHandler.java:38)
	at jdk.proxy2/jdk.proxy2.$Proxy19.isDisplayed(Unknown Source)
	at org.openqa.selenium.support.ui.ExpectedConditions.elementIfVisible(ExpectedConditions.java:304)
	at org.openqa.selenium.support.ui.ExpectedConditions.access$000(ExpectedConditions.java:37)
	at org.openqa.selenium.support.ui.ExpectedConditions$10.apply(ExpectedConditions.java:290)
	at org.openqa.selenium.support.ui.ExpectedConditions$10.apply(ExpectedConditions.java:287)
	at org.openqa.selenium.support.ui.FluentWait.until(FluentWait.java:205)
	... 30 more
</pre></div></td>
<td>22</td>
<td>HRMS.positionTest@4b40f651</td></tr>
<tr>
<td title='HRMS.positionTest.createChildPostion()'><b>createChildPostion</b><br>Test class: HRMS.positionTest</td>
<td><div><pre>org.openqa.selenium.ElementClickInterceptedException: element click intercepted: Element &lt;p class=&quot;MuiTypography-root MuiTypography-body2 MuiListItemText-primary css-rnafb5-MuiTypography-root&quot;&gt;...&lt;/p&gt; is not clickable at point (51, 305). Other element would receive the click: &lt;a href=&quot;/position-&amp;amp;-Core-competency&quot; style=&quot;text-decoration: none; color: inherit; display: flex; align-items: center;&quot;&gt;...&lt;/a&gt;
  (Session info: chrome=123.0.6312.106)
Build info: version: &apos;4.13.0&apos;, revision: &apos;ba948ece5b*&apos;
System info: os.name: &apos;Windows 11&apos;, os.arch: &apos;amd64&apos;, os.version: &apos;10.0&apos;, java.version: &apos;17.0.9&apos;
Driver info: org.openqa.selenium.chrome.ChromeDriver
Command: [268feece5d884dbb05e7342dbd9dff54, clickElement {id=f.82BD82017C4C0E77C7742969CA72C179.d.763C7D96B721733C2971E19FE5FE1BA7.e.417}]
Capabilities {acceptInsecureCerts: false, browserName: chrome, browserVersion: 123.0.6312.106, chrome: {chromedriverVersion: 123.0.6312.105 (399174dbe6e..., userDataDir: C:\Users\ITTEST\AppData\Loc...}, fedcm:accounts: true, goog:chromeOptions: {debuggerAddress: localhost:60356}, networkConnectionEnabled: false, pageLoadStrategy: normal, platformName: windows, proxy: Proxy(), se:cdp: ws://localhost:60356/devtoo..., se:cdpVersion: 123.0.6312.106, setWindowRect: true, strictFileInteractability: false, timeouts: {implicit: 0, pageLoad: 300000, script: 30000}, unhandledPromptBehavior: dismiss and notify, webauthn:extension:credBlob: true, webauthn:extension:largeBlob: true, webauthn:extension:minPinLength: true, webauthn:extension:prf: true, webauthn:virtualAuthenticators: true}
Element: [[ChromeDriver: chrome on windows (268feece5d884dbb05e7342dbd9dff54)] -&gt; xpath: //p[contains(text(), &apos;Core&apos;)]]
Session ID: 268feece5d884dbb05e7342dbd9dff54
	at org.openqa.selenium.remote.codec.w3c.W3CHttpResponseCodec.createException(W3CHttpResponseCodec.java:200)
	at org.openqa.selenium.remote.codec.w3c.W3CHttpResponseCodec.decode(W3CHttpResponseCodec.java:133)
	at org.openqa.selenium.remote.codec.w3c.W3CHttpResponseCodec.decode(W3CHttpResponseCodec.java:52)
	at org.openqa.selenium.remote.HttpCommandExecutor.execute(HttpCommandExecutor.java:191)
	at org.openqa.selenium.remote.service.DriverCommandExecutor.invokeExecute(DriverCommandExecutor.java:196)
	at org.openqa.selenium.remote.service.DriverCommandExecutor.execute(DriverCommandExecutor.java:171)
	at org.openqa.selenium.remote.RemoteWebDriver.execute(RemoteWebDriver.java:602)
	at org.openqa.selenium.remote.RemoteWebElement.execute(RemoteWebElement.java:224)
	at org.openqa.selenium.remote.RemoteWebElement.click(RemoteWebElement.java:77)
	at org.openqa.selenium.support.pagefactory.internal.LocatingElementHandler.invoke(LocatingElementHandler.java:51)
	at jdk.proxy2/jdk.proxy2.$Proxy19.click(Unknown Source)
	at HRMS.PositionAndCoreCompetency.goToPostionAndCoreCompetencyTab(PositionAndCoreCompetency.java:29)
	at HRMS.positionTest.createChildPostion(positionTest.java:32)
	at java.base/java.util.ArrayList.forEach(ArrayList.java:1511)
... Removed 34 stack frames</pre></div><a href='#' onClick='toggleBox("stack-trace1057102665", this, "Click to show all stack frames", "Click to hide stack frames")'>Click to show all stack frames</a>
<div class='stack-trace' id='stack-trace1057102665'><pre>org.openqa.selenium.ElementClickInterceptedException: element click intercepted: Element &lt;p class=&quot;MuiTypography-root MuiTypography-body2 MuiListItemText-primary css-rnafb5-MuiTypography-root&quot;&gt;...&lt;/p&gt; is not clickable at point (51, 305). Other element would receive the click: &lt;a href=&quot;/position-&amp;amp;-Core-competency&quot; style=&quot;text-decoration: none; color: inherit; display: flex; align-items: center;&quot;&gt;...&lt;/a&gt;
  (Session info: chrome=123.0.6312.106)
Build info: version: &apos;4.13.0&apos;, revision: &apos;ba948ece5b*&apos;
System info: os.name: &apos;Windows 11&apos;, os.arch: &apos;amd64&apos;, os.version: &apos;10.0&apos;, java.version: &apos;17.0.9&apos;
Driver info: org.openqa.selenium.chrome.ChromeDriver
Command: [268feece5d884dbb05e7342dbd9dff54, clickElement {id=f.82BD82017C4C0E77C7742969CA72C179.d.763C7D96B721733C2971E19FE5FE1BA7.e.417}]
Capabilities {acceptInsecureCerts: false, browserName: chrome, browserVersion: 123.0.6312.106, chrome: {chromedriverVersion: 123.0.6312.105 (399174dbe6e..., userDataDir: C:\Users\ITTEST\AppData\Loc...}, fedcm:accounts: true, goog:chromeOptions: {debuggerAddress: localhost:60356}, networkConnectionEnabled: false, pageLoadStrategy: normal, platformName: windows, proxy: Proxy(), se:cdp: ws://localhost:60356/devtoo..., se:cdpVersion: 123.0.6312.106, setWindowRect: true, strictFileInteractability: false, timeouts: {implicit: 0, pageLoad: 300000, script: 30000}, unhandledPromptBehavior: dismiss and notify, webauthn:extension:credBlob: true, webauthn:extension:largeBlob: true, webauthn:extension:minPinLength: true, webauthn:extension:prf: true, webauthn:virtualAuthenticators: true}
Element: [[ChromeDriver: chrome on windows (268feece5d884dbb05e7342dbd9dff54)] -&gt; xpath: //p[contains(text(), &apos;Core&apos;)]]
Session ID: 268feece5d884dbb05e7342dbd9dff54
	at java.base/jdk.internal.reflect.NativeConstructorAccessorImpl.newInstance0(Native Method)
	at java.base/jdk.internal.reflect.NativeConstructorAccessorImpl.newInstance(NativeConstructorAccessorImpl.java:77)
	at java.base/jdk.internal.reflect.DelegatingConstructorAccessorImpl.newInstance(DelegatingConstructorAccessorImpl.java:45)
	at java.base/java.lang.reflect.Constructor.newInstanceWithCaller(Constructor.java:499)
	at java.base/java.lang.reflect.Constructor.newInstance(Constructor.java:480)
	at org.openqa.selenium.remote.codec.w3c.W3CHttpResponseCodec.createException(W3CHttpResponseCodec.java:200)
	at org.openqa.selenium.remote.codec.w3c.W3CHttpResponseCodec.decode(W3CHttpResponseCodec.java:133)
	at org.openqa.selenium.remote.codec.w3c.W3CHttpResponseCodec.decode(W3CHttpResponseCodec.java:52)
	at org.openqa.selenium.remote.HttpCommandExecutor.execute(HttpCommandExecutor.java:191)
	at org.openqa.selenium.remote.service.DriverCommandExecutor.invokeExecute(DriverCommandExecutor.java:196)
	at org.openqa.selenium.remote.service.DriverCommandExecutor.execute(DriverCommandExecutor.java:171)
	at org.openqa.selenium.remote.RemoteWebDriver.execute(RemoteWebDriver.java:602)
	at org.openqa.selenium.remote.RemoteWebElement.execute(RemoteWebElement.java:224)
	at org.openqa.selenium.remote.RemoteWebElement.click(RemoteWebElement.java:77)
	at jdk.internal.reflect.GeneratedMethodAccessor1.invoke(Unknown Source)
	at java.base/jdk.internal.reflect.DelegatingMethodAccessorImpl.invoke(DelegatingMethodAccessorImpl.java:43)
	at java.base/java.lang.reflect.Method.invoke(Method.java:568)
	at org.openqa.selenium.support.pagefactory.internal.LocatingElementHandler.invoke(LocatingElementHandler.java:51)
	at jdk.proxy2/jdk.proxy2.$Proxy19.click(Unknown Source)
	at HRMS.PositionAndCoreCompetency.goToPostionAndCoreCompetencyTab(PositionAndCoreCompetency.java:29)
	at HRMS.positionTest.createChildPostion(positionTest.java:32)
	at jdk.internal.reflect.GeneratedMethodAccessor14.invoke(Unknown Source)
	at java.base/jdk.internal.reflect.DelegatingMethodAccessorImpl.invoke(DelegatingMethodAccessorImpl.java:43)
	at java.base/java.lang.reflect.Method.invoke(Method.java:568)
	at org.testng.internal.MethodInvocationHelper.invokeMethod(MethodInvocationHelper.java:133)
	at org.testng.internal.TestInvoker.invokeMethod(TestInvoker.java:598)
	at org.testng.internal.TestInvoker.invokeTestMethod(TestInvoker.java:173)
	at org.testng.internal.MethodRunner.runInSequence(MethodRunner.java:46)
	at org.testng.internal.TestInvoker$MethodInvocationAgent.invoke(TestInvoker.java:824)
	at org.testng.internal.TestInvoker.invokeTestMethods(TestInvoker.java:146)
	at org.testng.internal.TestMethodWorker.invokeTestMethods(TestMethodWorker.java:146)
	at org.testng.internal.TestMethodWorker.run(TestMethodWorker.java:128)
	at java.base/java.util.ArrayList.forEach(ArrayList.java:1511)
	at org.testng.TestRunner.privateRun(TestRunner.java:794)
	at org.testng.TestRunner.run(TestRunner.java:596)
	at org.testng.SuiteRunner.runTest(SuiteRunner.java:377)
	at org.testng.SuiteRunner.runSequentially(SuiteRunner.java:371)
	at org.testng.SuiteRunner.privateRun(SuiteRunner.java:332)
	at org.testng.SuiteRunner.run(SuiteRunner.java:276)
	at org.testng.SuiteRunnerWorker.runSuite(SuiteRunnerWorker.java:53)
	at org.testng.SuiteRunnerWorker.run(SuiteRunnerWorker.java:96)
	at org.testng.TestNG.runSuitesSequentially(TestNG.java:1212)
	at org.testng.TestNG.runSuitesLocally(TestNG.java:1134)
	at org.testng.TestNG.runSuites(TestNG.java:1063)
	at org.testng.TestNG.run(TestNG.java:1031)
	at org.testng.remote.AbstractRemoteTestNG.run(AbstractRemoteTestNG.java:115)
	at org.testng.remote.RemoteTestNG.initAndRun(RemoteTestNG.java:251)
	at org.testng.remote.RemoteTestNG.main(RemoteTestNG.java:77)
</pre></div></td>
<td>1</td>
<td>HRMS.positionTest@4b40f651</td></tr>
<tr>
<td title='HRMS.positionTest.createPosition()'><b>createPosition</b><br>Test class: HRMS.positionTest</td>
<td><div><pre>org.openqa.selenium.TimeoutException: Expected condition failed: waiting for visibility of Proxy element for: DefaultElementLocator &apos;By.cssSelector: .MuiAlert-message&apos; (tried for 10 second(s) with 500 milliseconds interval)
	at org.openqa.selenium.support.ui.WebDriverWait.timeoutException(WebDriverWait.java:84)
	at org.openqa.selenium.support.ui.FluentWait.until(FluentWait.java:230)
	at A1A.Functions.waitForElementToAppear(Functions.java:34)
	at HRMS.ListModulePage.getAlertMsg(ListModulePage.java:73)
	at HRMS.positionTest.createPosition(positionTest.java:26)
	at java.base/java.util.ArrayList.forEach(ArrayList.java:1511)
Caused by: org.openqa.selenium.NoSuchElementException: no such element: Unable to locate element: {&quot;method&quot;:&quot;css selector&quot;,&quot;selector&quot;:&quot;.MuiAlert-message&quot;}
  (Session info: chrome=123.0.6312.106)
For documentation on this error, please visit: https://www.selenium.dev/documentation/webdriver/troubleshooting/errors#no-such-element-exception
Build info: version: &apos;4.13.0&apos;, revision: &apos;ba948ece5b*&apos;
System info: os.name: &apos;Windows 11&apos;, os.arch: &apos;amd64&apos;, os.version: &apos;10.0&apos;, java.version: &apos;17.0.9&apos;
Driver info: org.openqa.selenium.chrome.ChromeDriver
Command: [87fb6af50d1c2b04dcf0dc9d0c079f1e, findElement {using=css selector, value=.MuiAlert-message}]
Capabilities {acceptInsecureCerts: false, browserName: chrome, browserVersion: 123.0.6312.106, chrome: {chromedriverVersion: 123.0.6312.105 (399174dbe6e..., userDataDir: C:\Users\ITTEST\AppData\Loc...}, fedcm:accounts: true, goog:chromeOptions: {debuggerAddress: localhost:64770}, networkConnectionEnabled: false, pageLoadStrategy: normal, platformName: windows, proxy: Proxy(), se:cdp: ws://localhost:64770/devtoo..., se:cdpVersion: 123.0.6312.106, setWindowRect: true, strictFileInteractability: false, timeouts: {implicit: 0, pageLoad: 300000, script: 30000}, unhandledPromptBehavior: dismiss and notify, webauthn:extension:credBlob: true, webauthn:extension:largeBlob: true, webauthn:extension:minPinLength: true, webauthn:extension:prf: true, webauthn:virtualAuthenticators: true}
Session ID: 87fb6af50d1c2b04dcf0dc9d0c079f1e
	at org.openqa.selenium.remote.codec.w3c.W3CHttpResponseCodec.createException(W3CHttpResponseCodec.java:200)
	at org.openqa.selenium.remote.codec.w3c.W3CHttpResponseCodec.decode(W3CHttpResponseCodec.java:133)
	at org.openqa.selenium.remote.codec.w3c.W3CHttpResponseCodec.decode(W3CHttpResponseCodec.java:52)
	at org.openqa.selenium.remote.HttpCommandExecutor.execute(HttpCommandExecutor.java:191)
	at org.openqa.selenium.remote.service.DriverCommandExecutor.invokeExecute(DriverCommandExecutor.java:196)
	at org.openqa.selenium.remote.service.DriverCommandExecutor.execute(DriverCommandExecutor.java:171)
	at org.openqa.selenium.remote.RemoteWebDriver.execute(RemoteWebDriver.java:602)
	at org.openqa.selenium.remote.ElementLocation$ElementFinder$2.findElement(ElementLocation.java:165)
	at org.openqa.selenium.remote.ElementLocation.findElement(ElementLocation.java:59)
	at org.openqa.selenium.remote.RemoteWebDriver.findElement(RemoteWebDriver.java:359)
	at org.openqa.selenium.remote.RemoteWebDriver.findElement(RemoteWebDriver.java:353)
	at org.openqa.selenium.support.pagefactory.DefaultElementLocator.findElement(DefaultElementLocator.java:68)
	at org.openqa.selenium.support.pagefactory.internal.LocatingElementHandler.invoke(LocatingElementHandler.java:38)
	at jdk.proxy2/jdk.proxy2.$Proxy19.isDisplayed(Unknown Source)
	at org.openqa.selenium.support.ui.ExpectedConditions.elementIfVisible(ExpectedConditions.java:304)
	at org.openqa.selenium.support.ui.ExpectedConditions.access$000(ExpectedConditions.java:37)
	at org.openqa.selenium.support.ui.ExpectedConditions$10.apply(ExpectedConditions.java:290)
	at org.openqa.selenium.support.ui.ExpectedConditions$10.apply(ExpectedConditions.java:287)
	at org.openqa.selenium.support.ui.FluentWait.until(FluentWait.java:205)
	... 30 more
... Removed 30 stack frames</pre></div><a href='#' onClick='toggleBox("stack-trace823443865", this, "Click to show all stack frames", "Click to hide stack frames")'>Click to show all stack frames</a>
<div class='stack-trace' id='stack-trace823443865'><pre>org.openqa.selenium.TimeoutException: Expected condition failed: waiting for visibility of Proxy element for: DefaultElementLocator &apos;By.cssSelector: .MuiAlert-message&apos; (tried for 10 second(s) with 500 milliseconds interval)
	at org.openqa.selenium.support.ui.WebDriverWait.timeoutException(WebDriverWait.java:84)
	at org.openqa.selenium.support.ui.FluentWait.until(FluentWait.java:230)
	at A1A.Functions.waitForElementToAppear(Functions.java:34)
	at HRMS.ListModulePage.getAlertMsg(ListModulePage.java:73)
	at HRMS.positionTest.createPosition(positionTest.java:26)
	at jdk.internal.reflect.GeneratedMethodAccessor16.invoke(Unknown Source)
	at java.base/jdk.internal.reflect.DelegatingMethodAccessorImpl.invoke(DelegatingMethodAccessorImpl.java:43)
	at java.base/java.lang.reflect.Method.invoke(Method.java:568)
	at org.testng.internal.MethodInvocationHelper.invokeMethod(MethodInvocationHelper.java:133)
	at org.testng.internal.TestInvoker.invokeMethod(TestInvoker.java:598)
	at org.testng.internal.TestInvoker.invokeTestMethod(TestInvoker.java:173)
	at org.testng.internal.MethodRunner.runInSequence(MethodRunner.java:46)
	at org.testng.internal.TestInvoker$MethodInvocationAgent.invoke(TestInvoker.java:824)
	at org.testng.internal.TestInvoker.invokeTestMethods(TestInvoker.java:146)
	at org.testng.internal.TestMethodWorker.invokeTestMethods(TestMethodWorker.java:146)
	at org.testng.internal.TestMethodWorker.run(TestMethodWorker.java:128)
	at java.base/java.util.ArrayList.forEach(ArrayList.java:1511)
	at org.testng.TestRunner.privateRun(TestRunner.java:794)
	at org.testng.TestRunner.run(TestRunner.java:596)
	at org.testng.SuiteRunner.runTest(SuiteRunner.java:377)
	at org.testng.SuiteRunner.runSequentially(SuiteRunner.java:371)
	at org.testng.SuiteRunner.privateRun(SuiteRunner.java:332)
	at org.testng.SuiteRunner.run(SuiteRunner.java:276)
	at org.testng.SuiteRunnerWorker.runSuite(SuiteRunnerWorker.java:53)
	at org.testng.SuiteRunnerWorker.run(SuiteRunnerWorker.java:96)
	at org.testng.TestNG.runSuitesSequentially(TestNG.java:1212)
	at org.testng.TestNG.runSuitesLocally(TestNG.java:1134)
	at org.testng.TestNG.runSuites(TestNG.java:1063)
	at org.testng.TestNG.run(TestNG.java:1031)
	at org.testng.remote.AbstractRemoteTestNG.run(AbstractRemoteTestNG.java:115)
	at org.testng.remote.RemoteTestNG.initAndRun(RemoteTestNG.java:251)
	at org.testng.remote.RemoteTestNG.main(RemoteTestNG.java:77)
Caused by: org.openqa.selenium.NoSuchElementException: no such element: Unable to locate element: {&quot;method&quot;:&quot;css selector&quot;,&quot;selector&quot;:&quot;.MuiAlert-message&quot;}
  (Session info: chrome=123.0.6312.106)
For documentation on this error, please visit: https://www.selenium.dev/documentation/webdriver/troubleshooting/errors#no-such-element-exception
Build info: version: &apos;4.13.0&apos;, revision: &apos;ba948ece5b*&apos;
System info: os.name: &apos;Windows 11&apos;, os.arch: &apos;amd64&apos;, os.version: &apos;10.0&apos;, java.version: &apos;17.0.9&apos;
Driver info: org.openqa.selenium.chrome.ChromeDriver
Command: [87fb6af50d1c2b04dcf0dc9d0c079f1e, findElement {using=css selector, value=.MuiAlert-message}]
Capabilities {acceptInsecureCerts: false, browserName: chrome, browserVersion: 123.0.6312.106, chrome: {chromedriverVersion: 123.0.6312.105 (399174dbe6e..., userDataDir: C:\Users\ITTEST\AppData\Loc...}, fedcm:accounts: true, goog:chromeOptions: {debuggerAddress: localhost:64770}, networkConnectionEnabled: false, pageLoadStrategy: normal, platformName: windows, proxy: Proxy(), se:cdp: ws://localhost:64770/devtoo..., se:cdpVersion: 123.0.6312.106, setWindowRect: true, strictFileInteractability: false, timeouts: {implicit: 0, pageLoad: 300000, script: 30000}, unhandledPromptBehavior: dismiss and notify, webauthn:extension:credBlob: true, webauthn:extension:largeBlob: true, webauthn:extension:minPinLength: true, webauthn:extension:prf: true, webauthn:virtualAuthenticators: true}
Session ID: 87fb6af50d1c2b04dcf0dc9d0c079f1e
	at jdk.internal.reflect.GeneratedConstructorAccessor34.newInstance(Unknown Source)
	at java.base/jdk.internal.reflect.DelegatingConstructorAccessorImpl.newInstance(DelegatingConstructorAccessorImpl.java:45)
	at java.base/java.lang.reflect.Constructor.newInstanceWithCaller(Constructor.java:499)
	at java.base/java.lang.reflect.Constructor.newInstance(Constructor.java:480)
	at org.openqa.selenium.remote.codec.w3c.W3CHttpResponseCodec.createException(W3CHttpResponseCodec.java:200)
	at org.openqa.selenium.remote.codec.w3c.W3CHttpResponseCodec.decode(W3CHttpResponseCodec.java:133)
	at org.openqa.selenium.remote.codec.w3c.W3CHttpResponseCodec.decode(W3CHttpResponseCodec.java:52)
	at org.openqa.selenium.remote.HttpCommandExecutor.execute(HttpCommandExecutor.java:191)
	at org.openqa.selenium.remote.service.DriverCommandExecutor.invokeExecute(DriverCommandExecutor.java:196)
	at org.openqa.selenium.remote.service.DriverCommandExecutor.execute(DriverCommandExecutor.java:171)
	at org.openqa.selenium.remote.RemoteWebDriver.execute(RemoteWebDriver.java:602)
	at org.openqa.selenium.remote.ElementLocation$ElementFinder$2.findElement(ElementLocation.java:165)
	at org.openqa.selenium.remote.ElementLocation.findElement(ElementLocation.java:59)
	at org.openqa.selenium.remote.RemoteWebDriver.findElement(RemoteWebDriver.java:359)
	at org.openqa.selenium.remote.RemoteWebDriver.findElement(RemoteWebDriver.java:353)
	at org.openqa.selenium.support.pagefactory.DefaultElementLocator.findElement(DefaultElementLocator.java:68)
	at org.openqa.selenium.support.pagefactory.internal.LocatingElementHandler.invoke(LocatingElementHandler.java:38)
	at jdk.proxy2/jdk.proxy2.$Proxy19.isDisplayed(Unknown Source)
	at org.openqa.selenium.support.ui.ExpectedConditions.elementIfVisible(ExpectedConditions.java:304)
	at org.openqa.selenium.support.ui.ExpectedConditions.access$000(ExpectedConditions.java:37)
	at org.openqa.selenium.support.ui.ExpectedConditions$10.apply(ExpectedConditions.java:290)
	at org.openqa.selenium.support.ui.ExpectedConditions$10.apply(ExpectedConditions.java:287)
	at org.openqa.selenium.support.ui.FluentWait.until(FluentWait.java:205)
	... 30 more
</pre></div></td>
<td>22</td>
<td>HRMS.positionTest@4b40f651</td></tr>
<tr>
<td title='HRMS.positionTest.createPosition()'><b>createPosition</b><br>Test class: HRMS.positionTest</td>
<td><div><pre>org.openqa.selenium.TimeoutException: Expected condition failed: waiting for visibility of Proxy element for: DefaultElementLocator &apos;By.cssSelector: .MuiAlert-message&apos; (tried for 10 second(s) with 500 milliseconds interval)
	at org.openqa.selenium.support.ui.WebDriverWait.timeoutException(WebDriverWait.java:84)
	at org.openqa.selenium.support.ui.FluentWait.until(FluentWait.java:230)
	at A1A.Functions.waitForElementToAppear(Functions.java:34)
	at HRMS.ListModulePage.getAlertMsg(ListModulePage.java:73)
	at HRMS.positionTest.createPosition(positionTest.java:26)
	at java.base/java.util.ArrayList.forEach(ArrayList.java:1511)
Caused by: org.openqa.selenium.NoSuchElementException: no such element: Unable to locate element: {&quot;method&quot;:&quot;css selector&quot;,&quot;selector&quot;:&quot;.MuiAlert-message&quot;}
  (Session info: chrome=123.0.6312.106)
For documentation on this error, please visit: https://www.selenium.dev/documentation/webdriver/troubleshooting/errors#no-such-element-exception
Build info: version: &apos;4.13.0&apos;, revision: &apos;ba948ece5b*&apos;
System info: os.name: &apos;Windows 11&apos;, os.arch: &apos;amd64&apos;, os.version: &apos;10.0&apos;, java.version: &apos;17.0.9&apos;
Driver info: org.openqa.selenium.chrome.ChromeDriver
Command: [040506cd1f1da92eb5f2a54fe8581f36, findElement {using=css selector, value=.MuiAlert-message}]
Capabilities {acceptInsecureCerts: false, browserName: chrome, browserVersion: 123.0.6312.106, chrome: {chromedriverVersion: 123.0.6312.105 (399174dbe6e..., userDataDir: C:\Users\ITTEST\AppData\Loc...}, fedcm:accounts: true, goog:chromeOptions: {debuggerAddress: localhost:49826}, networkConnectionEnabled: false, pageLoadStrategy: normal, platformName: windows, proxy: Proxy(), se:cdp: ws://localhost:49826/devtoo..., se:cdpVersion: 123.0.6312.106, setWindowRect: true, strictFileInteractability: false, timeouts: {implicit: 0, pageLoad: 300000, script: 30000}, unhandledPromptBehavior: dismiss and notify, webauthn:extension:credBlob: true, webauthn:extension:largeBlob: true, webauthn:extension:minPinLength: true, webauthn:extension:prf: true, webauthn:virtualAuthenticators: true}
Session ID: 040506cd1f1da92eb5f2a54fe8581f36
	at org.openqa.selenium.remote.codec.w3c.W3CHttpResponseCodec.createException(W3CHttpResponseCodec.java:200)
	at org.openqa.selenium.remote.codec.w3c.W3CHttpResponseCodec.decode(W3CHttpResponseCodec.java:133)
	at org.openqa.selenium.remote.codec.w3c.W3CHttpResponseCodec.decode(W3CHttpResponseCodec.java:52)
	at org.openqa.selenium.remote.HttpCommandExecutor.execute(HttpCommandExecutor.java:191)
	at org.openqa.selenium.remote.service.DriverCommandExecutor.invokeExecute(DriverCommandExecutor.java:196)
	at org.openqa.selenium.remote.service.DriverCommandExecutor.execute(DriverCommandExecutor.java:171)
	at org.openqa.selenium.remote.RemoteWebDriver.execute(RemoteWebDriver.java:602)
	at org.openqa.selenium.remote.ElementLocation$ElementFinder$2.findElement(ElementLocation.java:165)
	at org.openqa.selenium.remote.ElementLocation.findElement(ElementLocation.java:59)
	at org.openqa.selenium.remote.RemoteWebDriver.findElement(RemoteWebDriver.java:359)
	at org.openqa.selenium.remote.RemoteWebDriver.findElement(RemoteWebDriver.java:353)
	at org.openqa.selenium.support.pagefactory.DefaultElementLocator.findElement(DefaultElementLocator.java:68)
	at org.openqa.selenium.support.pagefactory.internal.LocatingElementHandler.invoke(LocatingElementHandler.java:38)
	at jdk.proxy2/jdk.proxy2.$Proxy19.isDisplayed(Unknown Source)
	at org.openqa.selenium.support.ui.ExpectedConditions.elementIfVisible(ExpectedConditions.java:304)
	at org.openqa.selenium.support.ui.ExpectedConditions.access$000(ExpectedConditions.java:37)
	at org.openqa.selenium.support.ui.ExpectedConditions$10.apply(ExpectedConditions.java:290)
	at org.openqa.selenium.support.ui.ExpectedConditions$10.apply(ExpectedConditions.java:287)
	at org.openqa.selenium.support.ui.FluentWait.until(FluentWait.java:205)
	... 30 more
... Removed 30 stack frames</pre></div><a href='#' onClick='toggleBox("stack-trace523012609", this, "Click to show all stack frames", "Click to hide stack frames")'>Click to show all stack frames</a>
<div class='stack-trace' id='stack-trace523012609'><pre>org.openqa.selenium.TimeoutException: Expected condition failed: waiting for visibility of Proxy element for: DefaultElementLocator &apos;By.cssSelector: .MuiAlert-message&apos; (tried for 10 second(s) with 500 milliseconds interval)
	at org.openqa.selenium.support.ui.WebDriverWait.timeoutException(WebDriverWait.java:84)
	at org.openqa.selenium.support.ui.FluentWait.until(FluentWait.java:230)
	at A1A.Functions.waitForElementToAppear(Functions.java:34)
	at HRMS.ListModulePage.getAlertMsg(ListModulePage.java:73)
	at HRMS.positionTest.createPosition(positionTest.java:26)
	at jdk.internal.reflect.GeneratedMethodAccessor16.invoke(Unknown Source)
	at java.base/jdk.internal.reflect.DelegatingMethodAccessorImpl.invoke(DelegatingMethodAccessorImpl.java:43)
	at java.base/java.lang.reflect.Method.invoke(Method.java:568)
	at org.testng.internal.MethodInvocationHelper.invokeMethod(MethodInvocationHelper.java:133)
	at org.testng.internal.TestInvoker.invokeMethod(TestInvoker.java:598)
	at org.testng.internal.TestInvoker.invokeTestMethod(TestInvoker.java:173)
	at org.testng.internal.MethodRunner.runInSequence(MethodRunner.java:46)
	at org.testng.internal.TestInvoker$MethodInvocationAgent.invoke(TestInvoker.java:824)
	at org.testng.internal.TestInvoker.invokeTestMethods(TestInvoker.java:146)
	at org.testng.internal.TestMethodWorker.invokeTestMethods(TestMethodWorker.java:146)
	at org.testng.internal.TestMethodWorker.run(TestMethodWorker.java:128)
	at java.base/java.util.ArrayList.forEach(ArrayList.java:1511)
	at org.testng.TestRunner.privateRun(TestRunner.java:794)
	at org.testng.TestRunner.run(TestRunner.java:596)
	at org.testng.SuiteRunner.runTest(SuiteRunner.java:377)
	at org.testng.SuiteRunner.runSequentially(SuiteRunner.java:371)
	at org.testng.SuiteRunner.privateRun(SuiteRunner.java:332)
	at org.testng.SuiteRunner.run(SuiteRunner.java:276)
	at org.testng.SuiteRunnerWorker.runSuite(SuiteRunnerWorker.java:53)
	at org.testng.SuiteRunnerWorker.run(SuiteRunnerWorker.java:96)
	at org.testng.TestNG.runSuitesSequentially(TestNG.java:1212)
	at org.testng.TestNG.runSuitesLocally(TestNG.java:1134)
	at org.testng.TestNG.runSuites(TestNG.java:1063)
	at org.testng.TestNG.run(TestNG.java:1031)
	at org.testng.remote.AbstractRemoteTestNG.run(AbstractRemoteTestNG.java:115)
	at org.testng.remote.RemoteTestNG.initAndRun(RemoteTestNG.java:251)
	at org.testng.remote.RemoteTestNG.main(RemoteTestNG.java:77)
Caused by: org.openqa.selenium.NoSuchElementException: no such element: Unable to locate element: {&quot;method&quot;:&quot;css selector&quot;,&quot;selector&quot;:&quot;.MuiAlert-message&quot;}
  (Session info: chrome=123.0.6312.106)
For documentation on this error, please visit: https://www.selenium.dev/documentation/webdriver/troubleshooting/errors#no-such-element-exception
Build info: version: &apos;4.13.0&apos;, revision: &apos;ba948ece5b*&apos;
System info: os.name: &apos;Windows 11&apos;, os.arch: &apos;amd64&apos;, os.version: &apos;10.0&apos;, java.version: &apos;17.0.9&apos;
Driver info: org.openqa.selenium.chrome.ChromeDriver
Command: [040506cd1f1da92eb5f2a54fe8581f36, findElement {using=css selector, value=.MuiAlert-message}]
Capabilities {acceptInsecureCerts: false, browserName: chrome, browserVersion: 123.0.6312.106, chrome: {chromedriverVersion: 123.0.6312.105 (399174dbe6e..., userDataDir: C:\Users\ITTEST\AppData\Loc...}, fedcm:accounts: true, goog:chromeOptions: {debuggerAddress: localhost:49826}, networkConnectionEnabled: false, pageLoadStrategy: normal, platformName: windows, proxy: Proxy(), se:cdp: ws://localhost:49826/devtoo..., se:cdpVersion: 123.0.6312.106, setWindowRect: true, strictFileInteractability: false, timeouts: {implicit: 0, pageLoad: 300000, script: 30000}, unhandledPromptBehavior: dismiss and notify, webauthn:extension:credBlob: true, webauthn:extension:largeBlob: true, webauthn:extension:minPinLength: true, webauthn:extension:prf: true, webauthn:virtualAuthenticators: true}
Session ID: 040506cd1f1da92eb5f2a54fe8581f36
	at jdk.internal.reflect.GeneratedConstructorAccessor34.newInstance(Unknown Source)
	at java.base/jdk.internal.reflect.DelegatingConstructorAccessorImpl.newInstance(DelegatingConstructorAccessorImpl.java:45)
	at java.base/java.lang.reflect.Constructor.newInstanceWithCaller(Constructor.java:499)
	at java.base/java.lang.reflect.Constructor.newInstance(Constructor.java:480)
	at org.openqa.selenium.remote.codec.w3c.W3CHttpResponseCodec.createException(W3CHttpResponseCodec.java:200)
	at org.openqa.selenium.remote.codec.w3c.W3CHttpResponseCodec.decode(W3CHttpResponseCodec.java:133)
	at org.openqa.selenium.remote.codec.w3c.W3CHttpResponseCodec.decode(W3CHttpResponseCodec.java:52)
	at org.openqa.selenium.remote.HttpCommandExecutor.execute(HttpCommandExecutor.java:191)
	at org.openqa.selenium.remote.service.DriverCommandExecutor.invokeExecute(DriverCommandExecutor.java:196)
	at org.openqa.selenium.remote.service.DriverCommandExecutor.execute(DriverCommandExecutor.java:171)
	at org.openqa.selenium.remote.RemoteWebDriver.execute(RemoteWebDriver.java:602)
	at org.openqa.selenium.remote.ElementLocation$ElementFinder$2.findElement(ElementLocation.java:165)
	at org.openqa.selenium.remote.ElementLocation.findElement(ElementLocation.java:59)
	at org.openqa.selenium.remote.RemoteWebDriver.findElement(RemoteWebDriver.java:359)
	at org.openqa.selenium.remote.RemoteWebDriver.findElement(RemoteWebDriver.java:353)
	at org.openqa.selenium.support.pagefactory.DefaultElementLocator.findElement(DefaultElementLocator.java:68)
	at org.openqa.selenium.support.pagefactory.internal.LocatingElementHandler.invoke(LocatingElementHandler.java:38)
	at jdk.proxy2/jdk.proxy2.$Proxy19.isDisplayed(Unknown Source)
	at org.openqa.selenium.support.ui.ExpectedConditions.elementIfVisible(ExpectedConditions.java:304)
	at org.openqa.selenium.support.ui.ExpectedConditions.access$000(ExpectedConditions.java:37)
	at org.openqa.selenium.support.ui.ExpectedConditions$10.apply(ExpectedConditions.java:290)
	at org.openqa.selenium.support.ui.ExpectedConditions$10.apply(ExpectedConditions.java:287)
	at org.openqa.selenium.support.ui.FluentWait.until(FluentWait.java:205)
	... 30 more
</pre></div></td>
<td>22</td>
<td>HRMS.positionTest@4b40f651</td></tr>
<tr>
<td title='HRMS.positionTest.createPosition()'><b>createPosition</b><br>Test class: HRMS.positionTest</td>
<td><div><pre>org.openqa.selenium.ElementClickInterceptedException: element click intercepted: Element &lt;li class=&quot;MuiButtonBase-root MuiMenuItem-root MuiMenuItem-gutters MuiMenuItem-root MuiMenuItem-gutters css-1xwd0xa-MuiButtonBase-root-MuiMenuItem-root&quot; tabindex=&quot;-1&quot; role=&quot;option&quot; aria-selected=&quot;false&quot; data-value=&quot;114&quot;&gt;...&lt;/li&gt; is not clickable at point (759, 662). Other element would receive the click: &lt;div aria-hidden=&quot;true&quot; class=&quot;MuiBackdrop-root MuiBackdrop-invisible MuiModal-backdrop css-g3hgs1-MuiBackdrop-root-MuiModal-backdrop&quot; style=&quot;opacity: 1; transition: opacity 225ms cubic-bezier(0.4, 0, 0.2, 1) 0ms;&quot;&gt;&lt;/div&gt;
  (Session info: chrome=123.0.6312.106)
Build info: version: &apos;4.13.0&apos;, revision: &apos;ba948ece5b*&apos;
System info: os.name: &apos;Windows 11&apos;, os.arch: &apos;amd64&apos;, os.version: &apos;10.0&apos;, java.version: &apos;17.0.9&apos;
Driver info: org.openqa.selenium.chrome.ChromeDriver
Command: [621ee71ab6f4dafe43b26808da115a3f, clickElement {id=f.E5048918025BF2F87BA835552F65D3D4.d.793692CB0E4BD51470A534213BB4B186.e.2939}]
Capabilities {acceptInsecureCerts: false, browserName: chrome, browserVersion: 123.0.6312.106, chrome: {chromedriverVersion: 123.0.6312.105 (399174dbe6e..., userDataDir: C:\Users\ITTEST\AppData\Loc...}, fedcm:accounts: true, goog:chromeOptions: {debuggerAddress: localhost:64992}, networkConnectionEnabled: false, pageLoadStrategy: normal, platformName: windows, proxy: Proxy(), se:cdp: ws://localhost:64992/devtoo..., se:cdpVersion: 123.0.6312.106, setWindowRect: true, strictFileInteractability: false, timeouts: {implicit: 0, pageLoad: 300000, script: 30000}, unhandledPromptBehavior: dismiss and notify, webauthn:extension:credBlob: true, webauthn:extension:largeBlob: true, webauthn:extension:minPinLength: true, webauthn:extension:prf: true, webauthn:virtualAuthenticators: true}
Element: [[ChromeDriver: chrome on windows (621ee71ab6f4dafe43b26808da115a3f)] -&gt; xpath: //li[@aria-selected=&apos;false&apos;]]
Session ID: 621ee71ab6f4dafe43b26808da115a3f
	at org.openqa.selenium.remote.codec.w3c.W3CHttpResponseCodec.createException(W3CHttpResponseCodec.java:200)
	at org.openqa.selenium.remote.codec.w3c.W3CHttpResponseCodec.decode(W3CHttpResponseCodec.java:133)
	at org.openqa.selenium.remote.codec.w3c.W3CHttpResponseCodec.decode(W3CHttpResponseCodec.java:52)
	at org.openqa.selenium.remote.HttpCommandExecutor.execute(HttpCommandExecutor.java:191)
	at org.openqa.selenium.remote.service.DriverCommandExecutor.invokeExecute(DriverCommandExecutor.java:196)
	at org.openqa.selenium.remote.service.DriverCommandExecutor.execute(DriverCommandExecutor.java:171)
	at org.openqa.selenium.remote.RemoteWebDriver.execute(RemoteWebDriver.java:602)
	at org.openqa.selenium.remote.RemoteWebElement.execute(RemoteWebElement.java:224)
	at org.openqa.selenium.remote.RemoteWebElement.click(RemoteWebElement.java:77)
	at HRMS.PositionAndCoreCompetency.addRandomPosition(PositionAndCoreCompetency.java:90)
	at HRMS.positionTest.createPosition(positionTest.java:25)
	at java.base/java.util.ArrayList.forEach(ArrayList.java:1511)
... Removed 31 stack frames</pre></div><a href='#' onClick='toggleBox("stack-trace765796058", this, "Click to show all stack frames", "Click to hide stack frames")'>Click to show all stack frames</a>
<div class='stack-trace' id='stack-trace765796058'><pre>org.openqa.selenium.ElementClickInterceptedException: element click intercepted: Element &lt;li class=&quot;MuiButtonBase-root MuiMenuItem-root MuiMenuItem-gutters MuiMenuItem-root MuiMenuItem-gutters css-1xwd0xa-MuiButtonBase-root-MuiMenuItem-root&quot; tabindex=&quot;-1&quot; role=&quot;option&quot; aria-selected=&quot;false&quot; data-value=&quot;114&quot;&gt;...&lt;/li&gt; is not clickable at point (759, 662). Other element would receive the click: &lt;div aria-hidden=&quot;true&quot; class=&quot;MuiBackdrop-root MuiBackdrop-invisible MuiModal-backdrop css-g3hgs1-MuiBackdrop-root-MuiModal-backdrop&quot; style=&quot;opacity: 1; transition: opacity 225ms cubic-bezier(0.4, 0, 0.2, 1) 0ms;&quot;&gt;&lt;/div&gt;
  (Session info: chrome=123.0.6312.106)
Build info: version: &apos;4.13.0&apos;, revision: &apos;ba948ece5b*&apos;
System info: os.name: &apos;Windows 11&apos;, os.arch: &apos;amd64&apos;, os.version: &apos;10.0&apos;, java.version: &apos;17.0.9&apos;
Driver info: org.openqa.selenium.chrome.ChromeDriver
Command: [621ee71ab6f4dafe43b26808da115a3f, clickElement {id=f.E5048918025BF2F87BA835552F65D3D4.d.793692CB0E4BD51470A534213BB4B186.e.2939}]
Capabilities {acceptInsecureCerts: false, browserName: chrome, browserVersion: 123.0.6312.106, chrome: {chromedriverVersion: 123.0.6312.105 (399174dbe6e..., userDataDir: C:\Users\ITTEST\AppData\Loc...}, fedcm:accounts: true, goog:chromeOptions: {debuggerAddress: localhost:64992}, networkConnectionEnabled: false, pageLoadStrategy: normal, platformName: windows, proxy: Proxy(), se:cdp: ws://localhost:64992/devtoo..., se:cdpVersion: 123.0.6312.106, setWindowRect: true, strictFileInteractability: false, timeouts: {implicit: 0, pageLoad: 300000, script: 30000}, unhandledPromptBehavior: dismiss and notify, webauthn:extension:credBlob: true, webauthn:extension:largeBlob: true, webauthn:extension:minPinLength: true, webauthn:extension:prf: true, webauthn:virtualAuthenticators: true}
Element: [[ChromeDriver: chrome on windows (621ee71ab6f4dafe43b26808da115a3f)] -&gt; xpath: //li[@aria-selected=&apos;false&apos;]]
Session ID: 621ee71ab6f4dafe43b26808da115a3f
	at java.base/jdk.internal.reflect.NativeConstructorAccessorImpl.newInstance0(Native Method)
	at java.base/jdk.internal.reflect.NativeConstructorAccessorImpl.newInstance(NativeConstructorAccessorImpl.java:77)
	at java.base/jdk.internal.reflect.DelegatingConstructorAccessorImpl.newInstance(DelegatingConstructorAccessorImpl.java:45)
	at java.base/java.lang.reflect.Constructor.newInstanceWithCaller(Constructor.java:499)
	at java.base/java.lang.reflect.Constructor.newInstance(Constructor.java:480)
	at org.openqa.selenium.remote.codec.w3c.W3CHttpResponseCodec.createException(W3CHttpResponseCodec.java:200)
	at org.openqa.selenium.remote.codec.w3c.W3CHttpResponseCodec.decode(W3CHttpResponseCodec.java:133)
	at org.openqa.selenium.remote.codec.w3c.W3CHttpResponseCodec.decode(W3CHttpResponseCodec.java:52)
	at org.openqa.selenium.remote.HttpCommandExecutor.execute(HttpCommandExecutor.java:191)
	at org.openqa.selenium.remote.service.DriverCommandExecutor.invokeExecute(DriverCommandExecutor.java:196)
	at org.openqa.selenium.remote.service.DriverCommandExecutor.execute(DriverCommandExecutor.java:171)
	at org.openqa.selenium.remote.RemoteWebDriver.execute(RemoteWebDriver.java:602)
	at org.openqa.selenium.remote.RemoteWebElement.execute(RemoteWebElement.java:224)
	at org.openqa.selenium.remote.RemoteWebElement.click(RemoteWebElement.java:77)
	at HRMS.PositionAndCoreCompetency.addRandomPosition(PositionAndCoreCompetency.java:90)
	at HRMS.positionTest.createPosition(positionTest.java:25)
	at jdk.internal.reflect.GeneratedMethodAccessor16.invoke(Unknown Source)
	at java.base/jdk.internal.reflect.DelegatingMethodAccessorImpl.invoke(DelegatingMethodAccessorImpl.java:43)
	at java.base/java.lang.reflect.Method.invoke(Method.java:568)
	at org.testng.internal.MethodInvocationHelper.invokeMethod(MethodInvocationHelper.java:133)
	at org.testng.internal.TestInvoker.invokeMethod(TestInvoker.java:598)
	at org.testng.internal.TestInvoker.invokeTestMethod(TestInvoker.java:173)
	at org.testng.internal.MethodRunner.runInSequence(MethodRunner.java:46)
	at org.testng.internal.TestInvoker$MethodInvocationAgent.invoke(TestInvoker.java:824)
	at org.testng.internal.TestInvoker.invokeTestMethods(TestInvoker.java:146)
	at org.testng.internal.TestMethodWorker.invokeTestMethods(TestMethodWorker.java:146)
	at org.testng.internal.TestMethodWorker.run(TestMethodWorker.java:128)
	at java.base/java.util.ArrayList.forEach(ArrayList.java:1511)
	at org.testng.TestRunner.privateRun(TestRunner.java:794)
	at org.testng.TestRunner.run(TestRunner.java:596)
	at org.testng.SuiteRunner.runTest(SuiteRunner.java:377)
	at org.testng.SuiteRunner.runSequentially(SuiteRunner.java:371)
	at org.testng.SuiteRunner.privateRun(SuiteRunner.java:332)
	at org.testng.SuiteRunner.run(SuiteRunner.java:276)
	at org.testng.SuiteRunnerWorker.runSuite(SuiteRunnerWorker.java:53)
	at org.testng.SuiteRunnerWorker.run(SuiteRunnerWorker.java:96)
	at org.testng.TestNG.runSuitesSequentially(TestNG.java:1212)
	at org.testng.TestNG.runSuitesLocally(TestNG.java:1134)
	at org.testng.TestNG.runSuites(TestNG.java:1063)
	at org.testng.TestNG.run(TestNG.java:1031)
	at org.testng.remote.AbstractRemoteTestNG.run(AbstractRemoteTestNG.java:115)
	at org.testng.remote.RemoteTestNG.initAndRun(RemoteTestNG.java:251)
	at org.testng.remote.RemoteTestNG.main(RemoteTestNG.java:77)
</pre></div></td>
<td>7</td>
<td>HRMS.positionTest@4b40f651</td></tr>
</table><p>
<table width='100%' border='1' class='invocation-passed'>
<tr><td colspan='4' align='center'><b>PASSED TESTS</b></td></tr>
<tr><td><b>Test method</b></td>
<td width="30%"><b>Exception</b></td>
<td width="10%"><b>Time (seconds)</b></td>
<td><b>Instance</b></td>
</tr>
<tr>
<td title='HRMS.positionTest.createChildPostion()'><b>createChildPostion</b><br>Test class: HRMS.positionTest</td>
<td></td>
<td>6</td>
<td>HRMS.positionTest@4b40f651</td></tr>
<tr>
<td title='HRMS.positionTest.createPosition()'><b>createPosition</b><br>Test class: HRMS.positionTest</td>
<td></td>
<td>6</td>
<td>HRMS.positionTest@4b40f651</td></tr>
<tr>
<td title='HRMS.positionTest.createChildPostion()'><b>createChildPostion</b><br>Test class: HRMS.positionTest</td>
<td></td>
<td>5</td>
<td>HRMS.positionTest@4b40f651</td></tr>
<tr>
<td title='HRMS.positionTest.createChildPostion()'><b>createChildPostion</b><br>Test class: HRMS.positionTest</td>
<td></td>
<td>7</td>
<td>HRMS.positionTest@4b40f651</td></tr>
<tr>
<td title='HRMS.positionTest.createPosition()'><b>createPosition</b><br>Test class: HRMS.positionTest</td>
<td></td>
<td>6</td>
<td>HRMS.positionTest@4b40f651</td></tr>
<tr>
<td title='HRMS.positionTest.createChildPostion()'><b>createChildPostion</b><br>Test class: HRMS.positionTest</td>
<td></td>
<td>8</td>
<td>HRMS.positionTest@4b40f651</td></tr>
<tr>
<td title='HRMS.positionTest.createPosition()'><b>createPosition</b><br>Test class: HRMS.positionTest</td>
<td></td>
<td>6</td>
<td>HRMS.positionTest@4b40f651</td></tr>
<tr>
<td title='HRMS.positionTest.createPosition()'><b>createPosition</b><br>Test class: HRMS.positionTest</td>
<td></td>
<td>6</td>
<td>HRMS.positionTest@4b40f651</td></tr>
<tr>
<td title='HRMS.positionTest.createPosition()'><b>createPosition</b><br>Test class: HRMS.positionTest</td>
<td></td>
<td>6</td>
<td>HRMS.positionTest@4b40f651</td></tr>
<tr>
<td title='HRMS.positionTest.createChildPostion()'><b>createChildPostion</b><br>Test class: HRMS.positionTest</td>
<td></td>
<td>7</td>
<td>HRMS.positionTest@4b40f651</td></tr>
<tr>
<td title='HRMS.positionTest.createChildPostion()'><b>createChildPostion</b><br>Test class: HRMS.positionTest</td>
<td></td>
<td>9</td>
<td>HRMS.positionTest@4b40f651</td></tr>
<tr>
<td title='HRMS.positionTest.createChildPostion()'><b>createChildPostion</b><br>Test class: HRMS.positionTest</td>
<td></td>
<td>6</td>
<td>HRMS.positionTest@4b40f651</td></tr>
<tr>
<td title='HRMS.positionTest.createChildPostion()'><b>createChildPostion</b><br>Test class: HRMS.positionTest</td>
<td></td>
<td>8</td>
<td>HRMS.positionTest@4b40f651</td></tr>
<tr>
<td title='HRMS.positionTest.createChildPostion()'><b>createChildPostion</b><br>Test class: HRMS.positionTest</td>
<td></td>
<td>7</td>
<td>HRMS.positionTest@4b40f651</td></tr>
<tr>
<td title='HRMS.positionTest.createChildPostion()'><b>createChildPostion</b><br>Test class: HRMS.positionTest</td>
<td></td>
<td>5</td>
<td>HRMS.positionTest@4b40f651</td></tr>
<tr>
<td title='HRMS.positionTest.createChildPostion()'><b>createChildPostion</b><br>Test class: HRMS.positionTest</td>
<td></td>
<td>10</td>
<td>HRMS.positionTest@4b40f651</td></tr>
<tr>
<td title='HRMS.positionTest.createPosition()'><b>createPosition</b><br>Test class: HRMS.positionTest</td>
<td></td>
<td>6</td>
<td>HRMS.positionTest@4b40f651</td></tr>
<tr>
<td title='HRMS.positionTest.createChildPostion()'><b>createChildPostion</b><br>Test class: HRMS.positionTest</td>
<td></td>
<td>7</td>
<td>HRMS.positionTest@4b40f651</td></tr>
<tr>
<td title='HRMS.positionTest.createPosition()'><b>createPosition</b><br>Test class: HRMS.positionTest</td>
<td></td>
<td>6</td>
<td>HRMS.positionTest@4b40f651</td></tr>
<tr>
<td title='HRMS.positionTest.createChildPostion()'><b>createChildPostion</b><br>Test class: HRMS.positionTest</td>
<td></td>
<td>9</td>
<td>HRMS.positionTest@4b40f651</td></tr>
<tr>
<td title='HRMS.positionTest.createChildPostion()'><b>createChildPostion</b><br>Test class: HRMS.positionTest</td>
<td></td>
<td>8</td>
<td>HRMS.positionTest@4b40f651</td></tr>
<tr>
<td title='HRMS.positionTest.createChildPostion()'><b>createChildPostion</b><br>Test class: HRMS.positionTest</td>
<td></td>
<td>6</td>
<td>HRMS.positionTest@4b40f651</td></tr>
<tr>
<td title='HRMS.positionTest.createPosition()'><b>createPosition</b><br>Test class: HRMS.positionTest</td>
<td></td>
<td>6</td>
<td>HRMS.positionTest@4b40f651</td></tr>
<tr>
<td title='HRMS.positionTest.createChildPostion()'><b>createChildPostion</b><br>Test class: HRMS.positionTest</td>
<td></td>
<td>6</td>
<td>HRMS.positionTest@4b40f651</td></tr>
<tr>
<td title='HRMS.positionTest.createPosition()'><b>createPosition</b><br>Test class: HRMS.positionTest</td>
<td></td>
<td>6</td>
<td>HRMS.positionTest@4b40f651</td></tr>
<tr>
<td title='HRMS.positionTest.createPosition()'><b>createPosition</b><br>Test class: HRMS.positionTest</td>
<td></td>
<td>6</td>
<td>HRMS.positionTest@4b40f651</td></tr>
<tr>
<td title='HRMS.positionTest.createChildPostion()'><b>createChildPostion</b><br>Test class: HRMS.positionTest</td>
<td></td>
<td>5</td>
<td>HRMS.positionTest@4b40f651</td></tr>
<tr>
<td title='HRMS.positionTest.createChildPostion()'><b>createChildPostion</b><br>Test class: HRMS.positionTest</td>
<td></td>
<td>5</td>
<td>HRMS.positionTest@4b40f651</td></tr>
<tr>
<td title='HRMS.positionTest.createPosition()'><b>createPosition</b><br>Test class: HRMS.positionTest</td>
<td></td>
<td>6</td>
<td>HRMS.positionTest@4b40f651</td></tr>
<tr>
<td title='HRMS.positionTest.createPosition()'><b>createPosition</b><br>Test class: HRMS.positionTest</td>
<td></td>
<td>6</td>
<td>HRMS.positionTest@4b40f651</td></tr>
<tr>
<td title='HRMS.positionTest.createPosition()'><b>createPosition</b><br>Test class: HRMS.positionTest</td>
<td></td>
<td>6</td>
<td>HRMS.positionTest@4b40f651</td></tr>
<tr>
<td title='HRMS.positionTest.createChildPostion()'><b>createChildPostion</b><br>Test class: HRMS.positionTest</td>
<td></td>
<td>8</td>
<td>HRMS.positionTest@4b40f651</td></tr>
<tr>
<td title='HRMS.positionTest.createPosition()'><b>createPosition</b><br>Test class: HRMS.positionTest</td>
<td></td>
<td>6</td>
<td>HRMS.positionTest@4b40f651</td></tr>
<tr>
<td title='HRMS.positionTest.createChildPostion()'><b>createChildPostion</b><br>Test class: HRMS.positionTest</td>
<td></td>
<td>5</td>
<td>HRMS.positionTest@4b40f651</td></tr>
<tr>
<td title='HRMS.positionTest.createChildPostion()'><b>createChildPostion</b><br>Test class: HRMS.positionTest</td>
<td></td>
<td>5</td>
<td>HRMS.positionTest@4b40f651</td></tr>
<tr>
<td title='HRMS.positionTest.createPosition()'><b>createPosition</b><br>Test class: HRMS.positionTest</td>
<td></td>
<td>6</td>
<td>HRMS.positionTest@4b40f651</td></tr>
<tr>
<td title='HRMS.positionTest.createPosition()'><b>createPosition</b><br>Test class: HRMS.positionTest</td>
<td></td>
<td>7</td>
<td>HRMS.positionTest@4b40f651</td></tr>
<tr>
<td title='HRMS.positionTest.createChildPostion()'><b>createChildPostion</b><br>Test class: HRMS.positionTest</td>
<td></td>
<td>7</td>
<td>HRMS.positionTest@4b40f651</td></tr>
<tr>
<td title='HRMS.positionTest.createPosition()'><b>createPosition</b><br>Test class: HRMS.positionTest</td>
<td></td>
<td>6</td>
<td>HRMS.positionTest@4b40f651</td></tr>
<tr>
<td title='HRMS.positionTest.createChildPostion()'><b>createChildPostion</b><br>Test class: HRMS.positionTest</td>
<td></td>
<td>6</td>
<td>HRMS.positionTest@4b40f651</td></tr>
<tr>
<td title='HRMS.positionTest.createPosition()'><b>createPosition</b><br>Test class: HRMS.positionTest</td>
<td></td>
<td>6</td>
<td>HRMS.positionTest@4b40f651</td></tr>
<tr>
<td title='HRMS.positionTest.createPosition()'><b>createPosition</b><br>Test class: HRMS.positionTest</td>
<td></td>
<td>6</td>
<td>HRMS.positionTest@4b40f651</td></tr>
<tr>
<td title='HRMS.positionTest.createPosition()'><b>createPosition</b><br>Test class: HRMS.positionTest</td>
<td></td>
<td>6</td>
<td>HRMS.positionTest@4b40f651</td></tr>
<tr>
<td title='HRMS.positionTest.createPosition()'><b>createPosition</b><br>Test class: HRMS.positionTest</td>
<td></td>
<td>6</td>
<td>HRMS.positionTest@4b40f651</td></tr>
<tr>
<td title='HRMS.positionTest.createChildPostion()'><b>createChildPostion</b><br>Test class: HRMS.positionTest</td>
<td></td>
<td>7</td>
<td>HRMS.positionTest@4b40f651</td></tr>
<tr>
<td title='HRMS.positionTest.createPosition()'><b>createPosition</b><br>Test class: HRMS.positionTest</td>
<td></td>
<td>6</td>
<td>HRMS.positionTest@4b40f651</td></tr>
<tr>
<td title='HRMS.positionTest.createPosition()'><b>createPosition</b><br>Test class: HRMS.positionTest</td>
<td></td>
<td>6</td>
<td>HRMS.positionTest@4b40f651</td></tr>
<tr>
<td title='HRMS.positionTest.createPosition()'><b>createPosition</b><br>Test class: HRMS.positionTest</td>
<td></td>
<td>6</td>
<td>HRMS.positionTest@4b40f651</td></tr>
<tr>
<td title='HRMS.positionTest.createPosition()'><b>createPosition</b><br>Test class: HRMS.positionTest</td>
<td></td>
<td>6</td>
<td>HRMS.positionTest@4b40f651</td></tr>
<tr>
<td title='HRMS.positionTest.createChildPostion()'><b>createChildPostion</b><br>Test class: HRMS.positionTest</td>
<td></td>
<td>7</td>
<td>HRMS.positionTest@4b40f651</td></tr>
<tr>
<td title='HRMS.positionTest.createChildPostion()'><b>createChildPostion</b><br>Test class: HRMS.positionTest</td>
<td></td>
<td>5</td>
<td>HRMS.positionTest@4b40f651</td></tr>
<tr>
<td title='HRMS.positionTest.createPosition()'><b>createPosition</b><br>Test class: HRMS.positionTest</td>
<td></td>
<td>6</td>
<td>HRMS.positionTest@4b40f651</td></tr>
<tr>
<td title='HRMS.positionTest.createPosition()'><b>createPosition</b><br>Test class: HRMS.positionTest</td>
<td></td>
<td>6</td>
<td>HRMS.positionTest@4b40f651</td></tr>
<tr>
<td title='HRMS.positionTest.createChildPostion()'><b>createChildPostion</b><br>Test class: HRMS.positionTest</td>
<td></td>
<td>6</td>
<td>HRMS.positionTest@4b40f651</td></tr>
<tr>
<td title='HRMS.positionTest.createPosition()'><b>createPosition</b><br>Test class: HRMS.positionTest</td>
<td></td>
<td>6</td>
<td>HRMS.positionTest@4b40f651</td></tr>
<tr>
<td title='HRMS.positionTest.createChildPostion()'><b>createChildPostion</b><br>Test class: HRMS.positionTest</td>
<td></td>
<td>5</td>
<td>HRMS.positionTest@4b40f651</td></tr>
<tr>
<td title='HRMS.positionTest.createPosition()'><b>createPosition</b><br>Test class: HRMS.positionTest</td>
<td></td>
<td>6</td>
<td>HRMS.positionTest@4b40f651</td></tr>
<tr>
<td title='HRMS.positionTest.createChildPostion()'><b>createChildPostion</b><br>Test class: HRMS.positionTest</td>
<td></td>
<td>5</td>
<td>HRMS.positionTest@4b40f651</td></tr>
<tr>
<td title='HRMS.positionTest.createChildPostion()'><b>createChildPostion</b><br>Test class: HRMS.positionTest</td>
<td></td>
<td>5</td>
<td>HRMS.positionTest@4b40f651</td></tr>
<tr>
<td title='HRMS.positionTest.createPosition()'><b>createPosition</b><br>Test class: HRMS.positionTest</td>
<td></td>
<td>6</td>
<td>HRMS.positionTest@4b40f651</td></tr>
<tr>
<td title='HRMS.positionTest.createChildPostion()'><b>createChildPostion</b><br>Test class: HRMS.positionTest</td>
<td></td>
<td>6</td>
<td>HRMS.positionTest@4b40f651</td></tr>
<tr>
<td title='HRMS.positionTest.createPosition()'><b>createPosition</b><br>Test class: HRMS.positionTest</td>
<td></td>
<td>6</td>
<td>HRMS.positionTest@4b40f651</td></tr>
<tr>
<td title='HRMS.positionTest.createPosition()'><b>createPosition</b><br>Test class: HRMS.positionTest</td>
<td></td>
<td>6</td>
<td>HRMS.positionTest@4b40f651</td></tr>
<tr>
<td title='HRMS.positionTest.createPosition()'><b>createPosition</b><br>Test class: HRMS.positionTest</td>
<td></td>
<td>7</td>
<td>HRMS.positionTest@4b40f651</td></tr>
<tr>
<td title='HRMS.positionTest.createChildPostion()'><b>createChildPostion</b><br>Test class: HRMS.positionTest</td>
<td></td>
<td>7</td>
<td>HRMS.positionTest@4b40f651</td></tr>
<tr>
<td title='HRMS.positionTest.createPosition()'><b>createPosition</b><br>Test class: HRMS.positionTest</td>
<td></td>
<td>7</td>
<td>HRMS.positionTest@4b40f651</td></tr>
<tr>
<td title='HRMS.positionTest.createChildPostion()'><b>createChildPostion</b><br>Test class: HRMS.positionTest</td>
<td></td>
<td>5</td>
<td>HRMS.positionTest@4b40f651</td></tr>
<tr>
<td title='HRMS.positionTest.createPosition()'><b>createPosition</b><br>Test class: HRMS.positionTest</td>
<td></td>
<td>7</td>
<td>HRMS.positionTest@4b40f651</td></tr>
<tr>
<td title='HRMS.positionTest.createPosition()'><b>createPosition</b><br>Test class: HRMS.positionTest</td>
<td></td>
<td>6</td>
<td>HRMS.positionTest@4b40f651</td></tr>
<tr>
<td title='HRMS.positionTest.createChildPostion()'><b>createChildPostion</b><br>Test class: HRMS.positionTest</td>
<td></td>
<td>5</td>
<td>HRMS.positionTest@4b40f651</td></tr>
<tr>
<td title='HRMS.positionTest.createPosition()'><b>createPosition</b><br>Test class: HRMS.positionTest</td>
<td></td>
<td>6</td>
<td>HRMS.positionTest@4b40f651</td></tr>
<tr>
<td title='HRMS.positionTest.createPosition()'><b>createPosition</b><br>Test class: HRMS.positionTest</td>
<td></td>
<td>6</td>
<td>HRMS.positionTest@4b40f651</td></tr>
<tr>
<td title='HRMS.positionTest.createPosition()'><b>createPosition</b><br>Test class: HRMS.positionTest</td>
<td></td>
<td>6</td>
<td>HRMS.positionTest@4b40f651</td></tr>
<tr>
<td title='HRMS.positionTest.createChildPostion()'><b>createChildPostion</b><br>Test class: HRMS.positionTest</td>
<td></td>
<td>7</td>
<td>HRMS.positionTest@4b40f651</td></tr>
<tr>
<td title='HRMS.positionTest.createPosition()'><b>createPosition</b><br>Test class: HRMS.positionTest</td>
<td></td>
<td>7</td>
<td>HRMS.positionTest@4b40f651</td></tr>
<tr>
<td title='HRMS.positionTest.createPosition()'><b>createPosition</b><br>Test class: HRMS.positionTest</td>
<td></td>
<td>6</td>
<td>HRMS.positionTest@4b40f651</td></tr>
<tr>
<td title='HRMS.positionTest.createChildPostion()'><b>createChildPostion</b><br>Test class: HRMS.positionTest</td>
<td></td>
<td>6</td>
<td>HRMS.positionTest@4b40f651</td></tr>
<tr>
<td title='HRMS.positionTest.createChildPostion()'><b>createChildPostion</b><br>Test class: HRMS.positionTest</td>
<td></td>
<td>5</td>
<td>HRMS.positionTest@4b40f651</td></tr>
<tr>
<td title='HRMS.positionTest.createChildPostion()'><b>createChildPostion</b><br>Test class: HRMS.positionTest</td>
<td></td>
<td>5</td>
<td>HRMS.positionTest@4b40f651</td></tr>
<tr>
<td title='HRMS.positionTest.createChildPostion()'><b>createChildPostion</b><br>Test class: HRMS.positionTest</td>
<td></td>
<td>7</td>
<td>HRMS.positionTest@4b40f651</td></tr>
<tr>
<td title='HRMS.positionTest.createChildPostion()'><b>createChildPostion</b><br>Test class: HRMS.positionTest</td>
<td></td>
<td>8</td>
<td>HRMS.positionTest@4b40f651</td></tr>
<tr>
<td title='HRMS.positionTest.createChildPostion()'><b>createChildPostion</b><br>Test class: HRMS.positionTest</td>
<td></td>
<td>5</td>
<td>HRMS.positionTest@4b40f651</td></tr>
<tr>
<td title='HRMS.positionTest.createChildPostion()'><b>createChildPostion</b><br>Test class: HRMS.positionTest</td>
<td></td>
<td>5</td>
<td>HRMS.positionTest@4b40f651</td></tr>
<tr>
<td title='HRMS.positionTest.createPosition()'><b>createPosition</b><br>Test class: HRMS.positionTest</td>
<td></td>
<td>6</td>
<td>HRMS.positionTest@4b40f651</td></tr>
<tr>
<td title='HRMS.positionTest.createPosition()'><b>createPosition</b><br>Test class: HRMS.positionTest</td>
<td></td>
<td>6</td>
<td>HRMS.positionTest@4b40f651</td></tr>
<tr>
<td title='HRMS.positionTest.createPosition()'><b>createPosition</b><br>Test class: HRMS.positionTest</td>
<td></td>
<td>6</td>
<td>HRMS.positionTest@4b40f651</td></tr>
<tr>
<td title='HRMS.positionTest.createPosition()'><b>createPosition</b><br>Test class: HRMS.positionTest</td>
<td></td>
<td>6</td>
<td>HRMS.positionTest@4b40f651</td></tr>
<tr>
<td title='HRMS.positionTest.createPosition()'><b>createPosition</b><br>Test class: HRMS.positionTest</td>
<td></td>
<td>6</td>
<td>HRMS.positionTest@4b40f651</td></tr>
<tr>
<td title='HRMS.positionTest.createChildPostion()'><b>createChildPostion</b><br>Test class: HRMS.positionTest</td>
<td></td>
<td>6</td>
<td>HRMS.positionTest@4b40f651</td></tr>
<tr>
<td title='HRMS.positionTest.createPosition()'><b>createPosition</b><br>Test class: HRMS.positionTest</td>
<td></td>
<td>6</td>
<td>HRMS.positionTest@4b40f651</td></tr>
<tr>
<td title='HRMS.positionTest.createChildPostion()'><b>createChildPostion</b><br>Test class: HRMS.positionTest</td>
<td></td>
<td>10</td>
<td>HRMS.positionTest@4b40f651</td></tr>
<tr>
<td title='HRMS.positionTest.createPosition()'><b>createPosition</b><br>Test class: HRMS.positionTest</td>
<td></td>
<td>6</td>
<td>HRMS.positionTest@4b40f651</td></tr>
<tr>
<td title='HRMS.positionTest.createPosition()'><b>createPosition</b><br>Test class: HRMS.positionTest</td>
<td></td>
<td>6</td>
<td>HRMS.positionTest@4b40f651</td></tr>
<tr>
<td title='HRMS.positionTest.createPosition()'><b>createPosition</b><br>Test class: HRMS.positionTest</td>
<td></td>
<td>6</td>
<td>HRMS.positionTest@4b40f651</td></tr>
<tr>
<td title='HRMS.positionTest.createPosition()'><b>createPosition</b><br>Test class: HRMS.positionTest</td>
<td></td>
<td>6</td>
<td>HRMS.positionTest@4b40f651</td></tr>
<tr>
<td title='HRMS.positionTest.createPosition()'><b>createPosition</b><br>Test class: HRMS.positionTest</td>
<td></td>
<td>6</td>
<td>HRMS.positionTest@4b40f651</td></tr>
<tr>
<td title='HRMS.positionTest.createChildPostion()'><b>createChildPostion</b><br>Test class: HRMS.positionTest</td>
<td></td>
<td>7</td>
<td>HRMS.positionTest@4b40f651</td></tr>
<tr>
<td title='HRMS.positionTest.createChildPostion()'><b>createChildPostion</b><br>Test class: HRMS.positionTest</td>
<td></td>
<td>8</td>
<td>HRMS.positionTest@4b40f651</td></tr>
<tr>
<td title='HRMS.positionTest.createChildPostion()'><b>createChildPostion</b><br>Test class: HRMS.positionTest</td>
<td></td>
<td>6</td>
<td>HRMS.positionTest@4b40f651</td></tr>
<tr>
<td title='HRMS.positionTest.createChildPostion()'><b>createChildPostion</b><br>Test class: HRMS.positionTest</td>
<td></td>
<td>5</td>
<td>HRMS.positionTest@4b40f651</td></tr>
<tr>
<td title='HRMS.positionTest.createChildPostion()'><b>createChildPostion</b><br>Test class: HRMS.positionTest</td>
<td></td>
<td>7</td>
<td>HRMS.positionTest@4b40f651</td></tr>
<tr>
<td title='HRMS.positionTest.createChildPostion()'><b>createChildPostion</b><br>Test class: HRMS.positionTest</td>
<td></td>
<td>8</td>
<td>HRMS.positionTest@4b40f651</td></tr>
<tr>
<td title='HRMS.positionTest.createChildPostion()'><b>createChildPostion</b><br>Test class: HRMS.positionTest</td>
<td></td>
<td>7</td>
<td>HRMS.positionTest@4b40f651</td></tr>
<tr>
<td title='HRMS.positionTest.createChildPostion()'><b>createChildPostion</b><br>Test class: HRMS.positionTest</td>
<td></td>
<td>6</td>
<td>HRMS.positionTest@4b40f651</td></tr>
<tr>
<td title='HRMS.positionTest.createPosition()'><b>createPosition</b><br>Test class: HRMS.positionTest</td>
<td></td>
<td>6</td>
<td>HRMS.positionTest@4b40f651</td></tr>
<tr>
<td title='HRMS.positionTest.createPosition()'><b>createPosition</b><br>Test class: HRMS.positionTest</td>
<td></td>
<td>6</td>
<td>HRMS.positionTest@4b40f651</td></tr>
<tr>
<td title='HRMS.positionTest.createChildPostion()'><b>createChildPostion</b><br>Test class: HRMS.positionTest</td>
<td></td>
<td>6</td>
<td>HRMS.positionTest@4b40f651</td></tr>
<tr>
<td title='HRMS.positionTest.createPosition()'><b>createPosition</b><br>Test class: HRMS.positionTest</td>
<td></td>
<td>6</td>
<td>HRMS.positionTest@4b40f651</td></tr>
<tr>
<td title='HRMS.positionTest.createChildPostion()'><b>createChildPostion</b><br>Test class: HRMS.positionTest</td>
<td></td>
<td>5</td>
<td>HRMS.positionTest@4b40f651</td></tr>
<tr>
<td title='HRMS.positionTest.createPosition()'><b>createPosition</b><br>Test class: HRMS.positionTest</td>
<td></td>
<td>6</td>
<td>HRMS.positionTest@4b40f651</td></tr>
<tr>
<td title='HRMS.positionTest.createPosition()'><b>createPosition</b><br>Test class: HRMS.positionTest</td>
<td></td>
<td>6</td>
<td>HRMS.positionTest@4b40f651</td></tr>
<tr>
<td title='HRMS.positionTest.createChildPostion()'><b>createChildPostion</b><br>Test class: HRMS.positionTest</td>
<td></td>
<td>6</td>
<td>HRMS.positionTest@4b40f651</td></tr>
<tr>
<td title='HRMS.positionTest.createChildPostion()'><b>createChildPostion</b><br>Test class: HRMS.positionTest</td>
<td></td>
<td>6</td>
<td>HRMS.positionTest@4b40f651</td></tr>
<tr>
<td title='HRMS.positionTest.createChildPostion()'><b>createChildPostion</b><br>Test class: HRMS.positionTest</td>
<td></td>
<td>9</td>
<td>HRMS.positionTest@4b40f651</td></tr>
<tr>
<td title='HRMS.positionTest.createChildPostion()'><b>createChildPostion</b><br>Test class: HRMS.positionTest</td>
<td></td>
<td>6</td>
<td>HRMS.positionTest@4b40f651</td></tr>
<tr>
<td title='HRMS.positionTest.createChildPostion()'><b>createChildPostion</b><br>Test class: HRMS.positionTest</td>
<td></td>
<td>6</td>
<td>HRMS.positionTest@4b40f651</td></tr>
<tr>
<td title='HRMS.positionTest.createPosition()'><b>createPosition</b><br>Test class: HRMS.positionTest</td>
<td></td>
<td>6</td>
<td>HRMS.positionTest@4b40f651</td></tr>
<tr>
<td title='HRMS.positionTest.createChildPostion()'><b>createChildPostion</b><br>Test class: HRMS.positionTest</td>
<td></td>
<td>5</td>
<td>HRMS.positionTest@4b40f651</td></tr>
<tr>
<td title='HRMS.positionTest.createPosition()'><b>createPosition</b><br>Test class: HRMS.positionTest</td>
<td></td>
<td>6</td>
<td>HRMS.positionTest@4b40f651</td></tr>
<tr>
<td title='HRMS.positionTest.createPosition()'><b>createPosition</b><br>Test class: HRMS.positionTest</td>
<td></td>
<td>6</td>
<td>HRMS.positionTest@4b40f651</td></tr>
<tr>
<td title='HRMS.positionTest.createChildPostion()'><b>createChildPostion</b><br>Test class: HRMS.positionTest</td>
<td></td>
<td>7</td>
<td>HRMS.positionTest@4b40f651</td></tr>
<tr>
<td title='HRMS.positionTest.createChildPostion()'><b>createChildPostion</b><br>Test class: HRMS.positionTest</td>
<td></td>
<td>5</td>
<td>HRMS.positionTest@4b40f651</td></tr>
<tr>
<td title='HRMS.positionTest.createPosition()'><b>createPosition</b><br>Test class: HRMS.positionTest</td>
<td></td>
<td>6</td>
<td>HRMS.positionTest@4b40f651</td></tr>
<tr>
<td title='HRMS.positionTest.createPosition()'><b>createPosition</b><br>Test class: HRMS.positionTest</td>
<td></td>
<td>6</td>
<td>HRMS.positionTest@4b40f651</td></tr>
<tr>
<td title='HRMS.positionTest.createChildPostion()'><b>createChildPostion</b><br>Test class: HRMS.positionTest</td>
<td></td>
<td>6</td>
<td>HRMS.positionTest@4b40f651</td></tr>
<tr>
<td title='HRMS.positionTest.createChildPostion()'><b>createChildPostion</b><br>Test class: HRMS.positionTest</td>
<td></td>
<td>6</td>
<td>HRMS.positionTest@4b40f651</td></tr>
<tr>
<td title='HRMS.positionTest.createChildPostion()'><b>createChildPostion</b><br>Test class: HRMS.positionTest</td>
<td></td>
<td>6</td>
<td>HRMS.positionTest@4b40f651</td></tr>
<tr>
<td title='HRMS.positionTest.createPosition()'><b>createPosition</b><br>Test class: HRMS.positionTest</td>
<td></td>
<td>6</td>
<td>HRMS.positionTest@4b40f651</td></tr>
<tr>
<td title='HRMS.positionTest.createChildPostion()'><b>createChildPostion</b><br>Test class: HRMS.positionTest</td>
<td></td>
<td>10</td>
<td>HRMS.positionTest@4b40f651</td></tr>
<tr>
<td title='HRMS.positionTest.createPosition()'><b>createPosition</b><br>Test class: HRMS.positionTest</td>
<td></td>
<td>6</td>
<td>HRMS.positionTest@4b40f651</td></tr>
<tr>
<td title='HRMS.positionTest.createPosition()'><b>createPosition</b><br>Test class: HRMS.positionTest</td>
<td></td>
<td>6</td>
<td>HRMS.positionTest@4b40f651</td></tr>
<tr>
<td title='HRMS.positionTest.createPosition()'><b>createPosition</b><br>Test class: HRMS.positionTest</td>
<td></td>
<td>6</td>
<td>HRMS.positionTest@4b40f651</td></tr>
<tr>
<td title='HRMS.positionTest.createPosition()'><b>createPosition</b><br>Test class: HRMS.positionTest</td>
<td></td>
<td>6</td>
<td>HRMS.positionTest@4b40f651</td></tr>
<tr>
<td title='HRMS.positionTest.createChildPostion()'><b>createChildPostion</b><br>Test class: HRMS.positionTest</td>
<td></td>
<td>10</td>
<td>HRMS.positionTest@4b40f651</td></tr>
<tr>
<td title='HRMS.positionTest.createChildPostion()'><b>createChildPostion</b><br>Test class: HRMS.positionTest</td>
<td></td>
<td>6</td>
<td>HRMS.positionTest@4b40f651</td></tr>
<tr>
<td title='HRMS.positionTest.createPosition()'><b>createPosition</b><br>Test class: HRMS.positionTest</td>
<td></td>
<td>6</td>
<td>HRMS.positionTest@4b40f651</td></tr>
<tr>
<td title='HRMS.positionTest.createChildPostion()'><b>createChildPostion</b><br>Test class: HRMS.positionTest</td>
<td></td>
<td>10</td>
<td>HRMS.positionTest@4b40f651</td></tr>
<tr>
<td title='HRMS.positionTest.createChildPostion()'><b>createChildPostion</b><br>Test class: HRMS.positionTest</td>
<td></td>
<td>10</td>
<td>HRMS.positionTest@4b40f651</td></tr>
<tr>
<td title='HRMS.positionTest.createChildPostion()'><b>createChildPostion</b><br>Test class: HRMS.positionTest</td>
<td></td>
<td>7</td>
<td>HRMS.positionTest@4b40f651</td></tr>
<tr>
<td title='HRMS.positionTest.createChildPostion()'><b>createChildPostion</b><br>Test class: HRMS.positionTest</td>
<td></td>
<td>9</td>
<td>HRMS.positionTest@4b40f651</td></tr>
<tr>
<td title='HRMS.positionTest.createPosition()'><b>createPosition</b><br>Test class: HRMS.positionTest</td>
<td></td>
<td>7</td>
<td>HRMS.positionTest@4b40f651</td></tr>
<tr>
<td title='HRMS.positionTest.createPosition()'><b>createPosition</b><br>Test class: HRMS.positionTest</td>
<td></td>
<td>6</td>
<td>HRMS.positionTest@4b40f651</td></tr>
<tr>
<td title='HRMS.positionTest.createPosition()'><b>createPosition</b><br>Test class: HRMS.positionTest</td>
<td></td>
<td>6</td>
<td>HRMS.positionTest@4b40f651</td></tr>
<tr>
<td title='HRMS.positionTest.createPosition()'><b>createPosition</b><br>Test class: HRMS.positionTest</td>
<td></td>
<td>7</td>
<td>HRMS.positionTest@4b40f651</td></tr>
<tr>
<td title='HRMS.positionTest.createChildPostion()'><b>createChildPostion</b><br>Test class: HRMS.positionTest</td>
<td></td>
<td>7</td>
<td>HRMS.positionTest@4b40f651</td></tr>
<tr>
<td title='HRMS.positionTest.createChildPostion()'><b>createChildPostion</b><br>Test class: HRMS.positionTest</td>
<td></td>
<td>5</td>
<td>HRMS.positionTest@4b40f651</td></tr>
<tr>
<td title='HRMS.positionTest.createChildPostion()'><b>createChildPostion</b><br>Test class: HRMS.positionTest</td>
<td></td>
<td>9</td>
<td>HRMS.positionTest@4b40f651</td></tr>
<tr>
<td title='HRMS.positionTest.createPosition()'><b>createPosition</b><br>Test class: HRMS.positionTest</td>
<td></td>
<td>7</td>
<td>HRMS.positionTest@4b40f651</td></tr>
<tr>
<td title='HRMS.positionTest.createPosition()'><b>createPosition</b><br>Test class: HRMS.positionTest</td>
<td></td>
<td>6</td>
<td>HRMS.positionTest@4b40f651</td></tr>
<tr>
<td title='HRMS.positionTest.createChildPostion()'><b>createChildPostion</b><br>Test class: HRMS.positionTest</td>
<td></td>
<td>5</td>
<td>HRMS.positionTest@4b40f651</td></tr>
<tr>
<td title='HRMS.positionTest.createPosition()'><b>createPosition</b><br>Test class: HRMS.positionTest</td>
<td></td>
<td>6</td>
<td>HRMS.positionTest@4b40f651</td></tr>
<tr>
<td title='HRMS.positionTest.createChildPostion()'><b>createChildPostion</b><br>Test class: HRMS.positionTest</td>
<td></td>
<td>5</td>
<td>HRMS.positionTest@4b40f651</td></tr>
<tr>
<td title='HRMS.positionTest.createPosition()'><b>createPosition</b><br>Test class: HRMS.positionTest</td>
<td></td>
<td>6</td>
<td>HRMS.positionTest@4b40f651</td></tr>
<tr>
<td title='HRMS.positionTest.createPosition()'><b>createPosition</b><br>Test class: HRMS.positionTest</td>
<td></td>
<td>6</td>
<td>HRMS.positionTest@4b40f651</td></tr>
<tr>
<td title='HRMS.positionTest.createPosition()'><b>createPosition</b><br>Test class: HRMS.positionTest</td>
<td></td>
<td>6</td>
<td>HRMS.positionTest@4b40f651</td></tr>
<tr>
<td title='HRMS.positionTest.createChildPostion()'><b>createChildPostion</b><br>Test class: HRMS.positionTest</td>
<td></td>
<td>5</td>
<td>HRMS.positionTest@4b40f651</td></tr>
<tr>
<td title='HRMS.positionTest.createPosition()'><b>createPosition</b><br>Test class: HRMS.positionTest</td>
<td></td>
<td>6</td>
<td>HRMS.positionTest@4b40f651</td></tr>
<tr>
<td title='HRMS.positionTest.createPosition()'><b>createPosition</b><br>Test class: HRMS.positionTest</td>
<td></td>
<td>6</td>
<td>HRMS.positionTest@4b40f651</td></tr>
<tr>
<td title='HRMS.positionTest.createChildPostion()'><b>createChildPostion</b><br>Test class: HRMS.positionTest</td>
<td></td>
<td>9</td>
<td>HRMS.positionTest@4b40f651</td></tr>
<tr>
<td title='HRMS.positionTest.createPosition()'><b>createPosition</b><br>Test class: HRMS.positionTest</td>
<td></td>
<td>6</td>
<td>HRMS.positionTest@4b40f651</td></tr>
<tr>
<td title='HRMS.positionTest.createPosition()'><b>createPosition</b><br>Test class: HRMS.positionTest</td>
<td></td>
<td>6</td>
<td>HRMS.positionTest@4b40f651</td></tr>
<tr>
<td title='HRMS.positionTest.createChildPostion()'><b>createChildPostion</b><br>Test class: HRMS.positionTest</td>
<td></td>
<td>9</td>
<td>HRMS.positionTest@4b40f651</td></tr>
<tr>
<td title='HRMS.positionTest.createPosition()'><b>createPosition</b><br>Test class: HRMS.positionTest</td>
<td></td>
<td>6</td>
<td>HRMS.positionTest@4b40f651</td></tr>
<tr>
<td title='HRMS.positionTest.createPosition()'><b>createPosition</b><br>Test class: HRMS.positionTest</td>
<td></td>
<td>7</td>
<td>HRMS.positionTest@4b40f651</td></tr>
<tr>
<td title='HRMS.positionTest.createChildPostion()'><b>createChildPostion</b><br>Test class: HRMS.positionTest</td>
<td></td>
<td>7</td>
<td>HRMS.positionTest@4b40f651</td></tr>
<tr>
<td title='HRMS.positionTest.createPosition()'><b>createPosition</b><br>Test class: HRMS.positionTest</td>
<td></td>
<td>7</td>
<td>HRMS.positionTest@4b40f651</td></tr>
<tr>
<td title='HRMS.positionTest.createPosition()'><b>createPosition</b><br>Test class: HRMS.positionTest</td>
<td></td>
<td>6</td>
<td>HRMS.positionTest@4b40f651</td></tr>
<tr>
<td title='HRMS.positionTest.createChildPostion()'><b>createChildPostion</b><br>Test class: HRMS.positionTest</td>
<td></td>
<td>5</td>
<td>HRMS.positionTest@4b40f651</td></tr>
<tr>
<td title='HRMS.positionTest.createPosition()'><b>createPosition</b><br>Test class: HRMS.positionTest</td>
<td></td>
<td>6</td>
<td>HRMS.positionTest@4b40f651</td></tr>
<tr>
<td title='HRMS.positionTest.createChildPostion()'><b>createChildPostion</b><br>Test class: HRMS.positionTest</td>
<td></td>
<td>6</td>
<td>HRMS.positionTest@4b40f651</td></tr>
<tr>
<td title='HRMS.positionTest.createChildPostion()'><b>createChildPostion</b><br>Test class: HRMS.positionTest</td>
<td></td>
<td>7</td>
<td>HRMS.positionTest@4b40f651</td></tr>
<tr>
<td title='HRMS.positionTest.createChildPostion()'><b>createChildPostion</b><br>Test class: HRMS.positionTest</td>
<td></td>
<td>5</td>
<td>HRMS.positionTest@4b40f651</td></tr>
<tr>
<td title='HRMS.positionTest.createChildPostion()'><b>createChildPostion</b><br>Test class: HRMS.positionTest</td>
<td></td>
<td>9</td>
<td>HRMS.positionTest@4b40f651</td></tr>
<tr>
<td title='HRMS.positionTest.createPosition()'><b>createPosition</b><br>Test class: HRMS.positionTest</td>
<td></td>
<td>6</td>
<td>HRMS.positionTest@4b40f651</td></tr>
<tr>
<td title='HRMS.positionTest.createChildPostion()'><b>createChildPostion</b><br>Test class: HRMS.positionTest</td>
<td></td>
<td>5</td>
<td>HRMS.positionTest@4b40f651</td></tr>
<tr>
<td title='HRMS.positionTest.createPosition()'><b>createPosition</b><br>Test class: HRMS.positionTest</td>
<td></td>
<td>7</td>
<td>HRMS.positionTest@4b40f651</td></tr>
<tr>
<td title='HRMS.positionTest.createChildPostion()'><b>createChildPostion</b><br>Test class: HRMS.positionTest</td>
<td></td>
<td>6</td>
<td>HRMS.positionTest@4b40f651</td></tr>
<tr>
<td title='HRMS.positionTest.createPosition()'><b>createPosition</b><br>Test class: HRMS.positionTest</td>
<td></td>
<td>6</td>
<td>HRMS.positionTest@4b40f651</td></tr>
<tr>
<td title='HRMS.positionTest.createChildPostion()'><b>createChildPostion</b><br>Test class: HRMS.positionTest</td>
<td></td>
<td>6</td>
<td>HRMS.positionTest@4b40f651</td></tr>
<tr>
<td title='HRMS.positionTest.createChildPostion()'><b>createChildPostion</b><br>Test class: HRMS.positionTest</td>
<td></td>
<td>5</td>
<td>HRMS.positionTest@4b40f651</td></tr>
<tr>
<td title='HRMS.positionTest.createPosition()'><b>createPosition</b><br>Test class: HRMS.positionTest</td>
<td></td>
<td>7</td>
<td>HRMS.positionTest@4b40f651</td></tr>
<tr>
<td title='HRMS.positionTest.createPosition()'><b>createPosition</b><br>Test class: HRMS.positionTest</td>
<td></td>
<td>6</td>
<td>HRMS.positionTest@4b40f651</td></tr>
<tr>
<td title='HRMS.positionTest.createChildPostion()'><b>createChildPostion</b><br>Test class: HRMS.positionTest</td>
<td></td>
<td>6</td>
<td>HRMS.positionTest@4b40f651</td></tr>
<tr>
<td title='HRMS.positionTest.createChildPostion()'><b>createChildPostion</b><br>Test class: HRMS.positionTest</td>
<td></td>
<td>5</td>
<td>HRMS.positionTest@4b40f651</td></tr>
<tr>
<td title='HRMS.positionTest.createPosition()'><b>createPosition</b><br>Test class: HRMS.positionTest</td>
<td></td>
<td>6</td>
<td>HRMS.positionTest@4b40f651</td></tr>
<tr>
<td title='HRMS.positionTest.createChildPostion()'><b>createChildPostion</b><br>Test class: HRMS.positionTest</td>
<td></td>
<td>6</td>
<td>HRMS.positionTest@4b40f651</td></tr>
<tr>
<td title='HRMS.positionTest.createPosition()'><b>createPosition</b><br>Test class: HRMS.positionTest</td>
<td></td>
<td>7</td>
<td>HRMS.positionTest@4b40f651</td></tr>
<tr>
<td title='HRMS.positionTest.createChildPostion()'><b>createChildPostion</b><br>Test class: HRMS.positionTest</td>
<td></td>
<td>5</td>
<td>HRMS.positionTest@4b40f651</td></tr>
<tr>
<td title='HRMS.positionTest.createPosition()'><b>createPosition</b><br>Test class: HRMS.positionTest</td>
<td></td>
<td>7</td>
<td>HRMS.positionTest@4b40f651</td></tr>
</table><p>
</body>
</html>