<?xml version="1.0" encoding="UTF-8"?>
<!-- Generated by org.testng.reporters.JUnitXMLReporter -->
<testsuite ignored="0" hostname="IT-TESTER" failures="11" tests="200" name="List Module Test" time="2279.164" errors="0" timestamp="2024-04-08T15:43:55 ICT">
  <testcase classname="HRMS.positionTest" name="createChildPostion" time="9.215"/>
  <testcase classname="HRMS.positionTest" name="createChildPostion" time="5.624"/>
  <testcase classname="HRMS.positionTest" name="createChildPostion" time="6.328"/>
  <testcase classname="HRMS.positionTest" name="createChildPostion" time="5.758"/>
  <testcase classname="HRMS.positionTest" name="createChildPostion" time="7.203"/>
  <testcase classname="HRMS.positionTest" name="createChildPostion" time="5.362"/>
  <testcase classname="HRMS.positionTest" name="createChildPostion" time="8.614"/>
  <testcase classname="HRMS.positionTest" name="createChildPostion" time="5.896">
    <failure type="org.openqa.selenium.ElementClickInterceptedException" message="element click intercepted: Element &amp;lt;svg class=&amp;quot;MuiSvgIcon-root MuiSvgIcon-fontSizeMedium css-i4bv87-MuiSvgIcon-root&amp;quot; focusable=&amp;quot;false&amp;quot; aria-hidden=&amp;quot;true&amp;quot; viewBox=&amp;quot;0 0 24 24&amp;quot; data-testid=&amp;quot;KeyboardArrowRightIcon&amp;quot;&amp;gt;...&amp;lt;/svg&amp;gt; is not clickable at point (1456, 649). Other element would receive the click: &amp;lt;div class=&amp;quot;MuiTablePagination-actions&amp;quot;&amp;gt;...&amp;lt;/div&amp;gt;
  (Session info: chrome=123.0.6312.106)
Build info: version: &amp;apos;4.13.0&amp;apos;, revision: &amp;apos;ba948ece5b*&amp;apos;
System info: os.name: &amp;apos;Windows 11&amp;apos;, os.arch: &amp;apos;amd64&amp;apos;, os.version: &amp;apos;10.0&amp;apos;, java.version: &amp;apos;17.0.9&amp;apos;
Driver info: org.openqa.selenium.chrome.ChromeDriver
Command: [0485334d1c457aabdc172b2b21c740a4, clickElement {id=f.D2851BF7B58C06A56CB27CF441CBE1FD.d.0D32D7714BB8E1B01858AB8BF1A8871C.e.1602}]
Capabilities {acceptInsecureCerts: false, browserName: chrome, browserVersion: 123.0.6312.106, chrome: {chromedriverVersion: 123.0.6312.105 (399174dbe6e..., userDataDir: C:\Users\ITTEST\AppData\Loc...}, fedcm:accounts: true, goog:chromeOptions: {debuggerAddress: localhost:59211}, networkConnectionEnabled: false, pageLoadStrategy: normal, platformName: windows, proxy: Proxy(), se:cdp: ws://localhost:59211/devtoo..., se:cdpVersion: 123.0.6312.106, setWindowRect: true, strictFileInteractability: false, timeouts: {implicit: 0, pageLoad: 300000, script: 30000}, unhandledPromptBehavior: dismiss and notify, webauthn:extension:credBlob: true, webauthn:extension:largeBlob: true, webauthn:extension:minPinLength: true, webauthn:extension:prf: true, webauthn:virtualAuthenticators: true}
Element: [[ChromeDriver: chrome on windows (0485334d1c457aabdc172b2b21c740a4)] -&amp;gt; css selector: svg[data-testid=&amp;apos;KeyboardArrowRightIcon&amp;apos;]]
Session ID: 0485334d1c457aabdc172b2b21c740a4">
      <![CDATA[org.openqa.selenium.ElementClickInterceptedException: element click intercepted: Element <svg class="MuiSvgIcon-root MuiSvgIcon-fontSizeMedium css-i4bv87-MuiSvgIcon-root" focusable="false" aria-hidden="true" viewBox="0 0 24 24" data-testid="KeyboardArrowRightIcon">...</svg> is not clickable at point (1456, 649). Other element would receive the click: <div class="MuiTablePagination-actions">...</div>
  (Session info: chrome=123.0.6312.106)
Build info: version: '4.13.0', revision: 'ba948ece5b*'
System info: os.name: 'Windows 11', os.arch: 'amd64', os.version: '10.0', java.version: '17.0.9'
Driver info: org.openqa.selenium.chrome.ChromeDriver
Command: [0485334d1c457aabdc172b2b21c740a4, clickElement {id=f.D2851BF7B58C06A56CB27CF441CBE1FD.d.0D32D7714BB8E1B01858AB8BF1A8871C.e.1602}]
Capabilities {acceptInsecureCerts: false, browserName: chrome, browserVersion: 123.0.6312.106, chrome: {chromedriverVersion: 123.0.6312.105 (399174dbe6e..., userDataDir: C:\Users\ITTEST\AppData\Loc...}, fedcm:accounts: true, goog:chromeOptions: {debuggerAddress: localhost:59211}, networkConnectionEnabled: false, pageLoadStrategy: normal, platformName: windows, proxy: Proxy(), se:cdp: ws://localhost:59211/devtoo..., se:cdpVersion: 123.0.6312.106, setWindowRect: true, strictFileInteractability: false, timeouts: {implicit: 0, pageLoad: 300000, script: 30000}, unhandledPromptBehavior: dismiss and notify, webauthn:extension:credBlob: true, webauthn:extension:largeBlob: true, webauthn:extension:minPinLength: true, webauthn:extension:prf: true, webauthn:virtualAuthenticators: true}
Element: [[ChromeDriver: chrome on windows (0485334d1c457aabdc172b2b21c740a4)] -> css selector: svg[data-testid='KeyboardArrowRightIcon']]
Session ID: 0485334d1c457aabdc172b2b21c740a4
at org.openqa.selenium.remote.codec.w3c.W3CHttpResponseCodec.createException(W3CHttpResponseCodec.java:200)
at org.openqa.selenium.remote.codec.w3c.W3CHttpResponseCodec.decode(W3CHttpResponseCodec.java:133)
at org.openqa.selenium.remote.codec.w3c.W3CHttpResponseCodec.decode(W3CHttpResponseCodec.java:52)
at org.openqa.selenium.remote.HttpCommandExecutor.execute(HttpCommandExecutor.java:191)
at org.openqa.selenium.remote.service.DriverCommandExecutor.invokeExecute(DriverCommandExecutor.java:196)
at org.openqa.selenium.remote.service.DriverCommandExecutor.execute(DriverCommandExecutor.java:171)
at org.openqa.selenium.remote.RemoteWebDriver.execute(RemoteWebDriver.java:602)
at org.openqa.selenium.remote.RemoteWebElement.execute(RemoteWebElement.java:224)
at org.openqa.selenium.remote.RemoteWebElement.click(RemoteWebElement.java:77)
at org.openqa.selenium.support.pagefactory.internal.LocatingElementHandler.invoke(LocatingElementHandler.java:51)
at jdk.proxy2/jdk.proxy2.$Proxy19.click(Unknown Source)
at HRMS.PositionAndCoreCompetency.createRandomChildPosition(PositionAndCoreCompetency.java:129)
at HRMS.positionTest.createChildPostion(positionTest.java:35)
at java.base/java.util.ArrayList.forEach(ArrayList.java:1511)
... Removed 35 stack frames]]>
    </failure>
  </testcase> <!-- createChildPostion -->
  <testcase classname="HRMS.positionTest" name="createChildPostion" time="5.048"/>
  <testcase classname="HRMS.positionTest" name="createChildPostion" time="5.766"/>
  <testcase classname="HRMS.positionTest" name="createChildPostion" time="6.444"/>
  <testcase classname="HRMS.positionTest" name="createChildPostion" time="9.826"/>
  <testcase classname="HRMS.positionTest" name="createChildPostion" time="5.242"/>
  <testcase classname="HRMS.positionTest" name="createChildPostion" time="6.07"/>
  <testcase classname="HRMS.positionTest" name="createChildPostion" time="6.7"/>
  <testcase classname="HRMS.positionTest" name="createChildPostion" time="6.41"/>
  <testcase classname="HRMS.positionTest" name="createChildPostion" time="6.297"/>
  <testcase classname="HRMS.positionTest" name="createChildPostion" time="6.417"/>
  <testcase classname="HRMS.positionTest" name="createChildPostion" time="5.842"/>
  <testcase classname="HRMS.positionTest" name="createChildPostion" time="7.13"/>
  <testcase classname="HRMS.positionTest" name="createChildPostion" time="7.213"/>
  <testcase classname="HRMS.positionTest" name="createChildPostion" time="5.494"/>
  <testcase classname="HRMS.positionTest" name="createChildPostion" time="5.867"/>
  <testcase classname="HRMS.positionTest" name="createChildPostion" time="6.609"/>
  <testcase classname="HRMS.positionTest" name="createChildPostion" time="9.765"/>
  <testcase classname="HRMS.positionTest" name="createChildPostion" time="1.186">
    <failure type="org.openqa.selenium.ElementClickInterceptedException" message="element click intercepted: Element &amp;lt;p class=&amp;quot;MuiTypography-root MuiTypography-body2 MuiListItemText-primary css-rnafb5-MuiTypography-root&amp;quot;&amp;gt;...&amp;lt;/p&amp;gt; is not clickable at point (45, 305). Other element would receive the click: &amp;lt;a href=&amp;quot;/position-&amp;amp;amp;-Core-competency&amp;quot; style=&amp;quot;text-decoration: none; color: inherit; display: flex; align-items: center;&amp;quot;&amp;gt;...&amp;lt;/a&amp;gt;
  (Session info: chrome=123.0.6312.106)
Build info: version: &amp;apos;4.13.0&amp;apos;, revision: &amp;apos;ba948ece5b*&amp;apos;
System info: os.name: &amp;apos;Windows 11&amp;apos;, os.arch: &amp;apos;amd64&amp;apos;, os.version: &amp;apos;10.0&amp;apos;, java.version: &amp;apos;17.0.9&amp;apos;
Driver info: org.openqa.selenium.chrome.ChromeDriver
Command: [55714a1ab5ced49fad3d70580b0bde34, clickElement {id=f.E0DF30A07D37D36823521C5977A0FEEB.d.E559DF5220A0CFD3BD4FA333E6899E45.e.417}]
Capabilities {acceptInsecureCerts: false, browserName: chrome, browserVersion: 123.0.6312.106, chrome: {chromedriverVersion: 123.0.6312.105 (399174dbe6e..., userDataDir: C:\Users\ITTEST\AppData\Loc...}, fedcm:accounts: true, goog:chromeOptions: {debuggerAddress: localhost:59818}, networkConnectionEnabled: false, pageLoadStrategy: normal, platformName: windows, proxy: Proxy(), se:cdp: ws://localhost:59818/devtoo..., se:cdpVersion: 123.0.6312.106, setWindowRect: true, strictFileInteractability: false, timeouts: {implicit: 0, pageLoad: 300000, script: 30000}, unhandledPromptBehavior: dismiss and notify, webauthn:extension:credBlob: true, webauthn:extension:largeBlob: true, webauthn:extension:minPinLength: true, webauthn:extension:prf: true, webauthn:virtualAuthenticators: true}
Element: [[ChromeDriver: chrome on windows (55714a1ab5ced49fad3d70580b0bde34)] -&amp;gt; xpath: //p[contains(text(), &amp;apos;Core&amp;apos;)]]
Session ID: 55714a1ab5ced49fad3d70580b0bde34">
      <![CDATA[org.openqa.selenium.ElementClickInterceptedException: element click intercepted: Element <p class="MuiTypography-root MuiTypography-body2 MuiListItemText-primary css-rnafb5-MuiTypography-root">...</p> is not clickable at point (45, 305). Other element would receive the click: <a href="/position-&amp;-Core-competency" style="text-decoration: none; color: inherit; display: flex; align-items: center;">...</a>
  (Session info: chrome=123.0.6312.106)
Build info: version: '4.13.0', revision: 'ba948ece5b*'
System info: os.name: 'Windows 11', os.arch: 'amd64', os.version: '10.0', java.version: '17.0.9'
Driver info: org.openqa.selenium.chrome.ChromeDriver
Command: [55714a1ab5ced49fad3d70580b0bde34, clickElement {id=f.E0DF30A07D37D36823521C5977A0FEEB.d.E559DF5220A0CFD3BD4FA333E6899E45.e.417}]
Capabilities {acceptInsecureCerts: false, browserName: chrome, browserVersion: 123.0.6312.106, chrome: {chromedriverVersion: 123.0.6312.105 (399174dbe6e..., userDataDir: C:\Users\ITTEST\AppData\Loc...}, fedcm:accounts: true, goog:chromeOptions: {debuggerAddress: localhost:59818}, networkConnectionEnabled: false, pageLoadStrategy: normal, platformName: windows, proxy: Proxy(), se:cdp: ws://localhost:59818/devtoo..., se:cdpVersion: 123.0.6312.106, setWindowRect: true, strictFileInteractability: false, timeouts: {implicit: 0, pageLoad: 300000, script: 30000}, unhandledPromptBehavior: dismiss and notify, webauthn:extension:credBlob: true, webauthn:extension:largeBlob: true, webauthn:extension:minPinLength: true, webauthn:extension:prf: true, webauthn:virtualAuthenticators: true}
Element: [[ChromeDriver: chrome on windows (55714a1ab5ced49fad3d70580b0bde34)] -> xpath: //p[contains(text(), 'Core')]]
Session ID: 55714a1ab5ced49fad3d70580b0bde34
at org.openqa.selenium.remote.codec.w3c.W3CHttpResponseCodec.createException(W3CHttpResponseCodec.java:200)
at org.openqa.selenium.remote.codec.w3c.W3CHttpResponseCodec.decode(W3CHttpResponseCodec.java:133)
at org.openqa.selenium.remote.codec.w3c.W3CHttpResponseCodec.decode(W3CHttpResponseCodec.java:52)
at org.openqa.selenium.remote.HttpCommandExecutor.execute(HttpCommandExecutor.java:191)
at org.openqa.selenium.remote.service.DriverCommandExecutor.invokeExecute(DriverCommandExecutor.java:196)
at org.openqa.selenium.remote.service.DriverCommandExecutor.execute(DriverCommandExecutor.java:171)
at org.openqa.selenium.remote.RemoteWebDriver.execute(RemoteWebDriver.java:602)
at org.openqa.selenium.remote.RemoteWebElement.execute(RemoteWebElement.java:224)
at org.openqa.selenium.remote.RemoteWebElement.click(RemoteWebElement.java:77)
at org.openqa.selenium.support.pagefactory.internal.LocatingElementHandler.invoke(LocatingElementHandler.java:51)
at jdk.proxy2/jdk.proxy2.$Proxy19.click(Unknown Source)
at HRMS.PositionAndCoreCompetency.goToPostionAndCoreCompetencyTab(PositionAndCoreCompetency.java:29)
at HRMS.positionTest.createChildPostion(positionTest.java:32)
at java.base/java.util.ArrayList.forEach(ArrayList.java:1511)
... Removed 34 stack frames]]>
    </failure>
  </testcase> <!-- createChildPostion -->
  <testcase classname="HRMS.positionTest" name="createChildPostion" time="9.474"/>
  <testcase classname="HRMS.positionTest" name="createChildPostion" time="5.261"/>
  <testcase classname="HRMS.positionTest" name="createChildPostion" time="5.784"/>
  <testcase classname="HRMS.positionTest" name="createChildPostion" time="7.067"/>
  <testcase classname="HRMS.positionTest" name="createChildPostion" time="5.483"/>
  <testcase classname="HRMS.positionTest" name="createChildPostion" time="20.746">
    <failure type="org.openqa.selenium.TimeoutException" message="Expected condition failed: waiting for visibility of Proxy element for: DefaultElementLocator &amp;apos;By.cssSelector: .MuiAlert-message&amp;apos; (tried for 10 second(s) with 500 milliseconds interval)">
      <![CDATA[org.openqa.selenium.TimeoutException: Expected condition failed: waiting for visibility of Proxy element for: DefaultElementLocator 'By.cssSelector: .MuiAlert-message' (tried for 10 second(s) with 500 milliseconds interval)
at org.openqa.selenium.support.ui.WebDriverWait.timeoutException(WebDriverWait.java:84)
at org.openqa.selenium.support.ui.FluentWait.until(FluentWait.java:230)
at A1A.Functions.waitForElementToAppear(Functions.java:34)
at HRMS.ListModulePage.getAlertMsg(ListModulePage.java:73)
at HRMS.positionTest.createChildPostion(positionTest.java:36)
at java.base/java.util.ArrayList.forEach(ArrayList.java:1511)
Caused by: org.openqa.selenium.NoSuchElementException: no such element: Unable to locate element: {"method":"css selector","selector":".MuiAlert-message"}
  (Session info: chrome=123.0.6312.106)
For documentation on this error, please visit: https://www.selenium.dev/documentation/webdriver/troubleshooting/errors#no-such-element-exception
Build info: version: '4.13.0', revision: 'ba948ece5b*'
System info: os.name: 'Windows 11', os.arch: 'amd64', os.version: '10.0', java.version: '17.0.9'
Driver info: org.openqa.selenium.chrome.ChromeDriver
Command: [e5646455dd32a30aeedce37a60a4b491, findElement {using=css selector, value=.MuiAlert-message}]
Capabilities {acceptInsecureCerts: false, browserName: chrome, browserVersion: 123.0.6312.106, chrome: {chromedriverVersion: 123.0.6312.105 (399174dbe6e..., userDataDir: C:\Users\ITTEST\AppData\Loc...}, fedcm:accounts: true, goog:chromeOptions: {debuggerAddress: localhost:60005}, networkConnectionEnabled: false, pageLoadStrategy: normal, platformName: windows, proxy: Proxy(), se:cdp: ws://localhost:60005/devtoo..., se:cdpVersion: 123.0.6312.106, setWindowRect: true, strictFileInteractability: false, timeouts: {implicit: 0, pageLoad: 300000, script: 30000}, unhandledPromptBehavior: dismiss and notify, webauthn:extension:credBlob: true, webauthn:extension:largeBlob: true, webauthn:extension:minPinLength: true, webauthn:extension:prf: true, webauthn:virtualAuthenticators: true}
Session ID: e5646455dd32a30aeedce37a60a4b491
at org.openqa.selenium.remote.codec.w3c.W3CHttpResponseCodec.createException(W3CHttpResponseCodec.java:200)
at org.openqa.selenium.remote.codec.w3c.W3CHttpResponseCodec.decode(W3CHttpResponseCodec.java:133)
at org.openqa.selenium.remote.codec.w3c.W3CHttpResponseCodec.decode(W3CHttpResponseCodec.java:52)
at org.openqa.selenium.remote.HttpCommandExecutor.execute(HttpCommandExecutor.java:191)
at org.openqa.selenium.remote.service.DriverCommandExecutor.invokeExecute(DriverCommandExecutor.java:196)
at org.openqa.selenium.remote.service.DriverCommandExecutor.execute(DriverCommandExecutor.java:171)
at org.openqa.selenium.remote.RemoteWebDriver.execute(RemoteWebDriver.java:602)
at org.openqa.selenium.remote.ElementLocation$ElementFinder$2.findElement(ElementLocation.java:165)
at org.openqa.selenium.remote.ElementLocation.findElement(ElementLocation.java:59)
at org.openqa.selenium.remote.RemoteWebDriver.findElement(RemoteWebDriver.java:359)
at org.openqa.selenium.remote.RemoteWebDriver.findElement(RemoteWebDriver.java:353)
at org.openqa.selenium.support.pagefactory.DefaultElementLocator.findElement(DefaultElementLocator.java:68)
at org.openqa.selenium.support.pagefactory.internal.LocatingElementHandler.invoke(LocatingElementHandler.java:38)
at jdk.proxy2/jdk.proxy2.$Proxy19.isDisplayed(Unknown Source)
at org.openqa.selenium.support.ui.ExpectedConditions.elementIfVisible(ExpectedConditions.java:304)
at org.openqa.selenium.support.ui.ExpectedConditions.access$000(ExpectedConditions.java:37)
at org.openqa.selenium.support.ui.ExpectedConditions$10.apply(ExpectedConditions.java:290)
at org.openqa.selenium.support.ui.ExpectedConditions$10.apply(ExpectedConditions.java:287)
at org.openqa.selenium.support.ui.FluentWait.until(FluentWait.java:205)
... 30 more
... Removed 31 stack frames]]>
    </failure>
  </testcase> <!-- createChildPostion -->
  <testcase classname="HRMS.positionTest" name="createChildPostion" time="5.734"/>
  <testcase classname="HRMS.positionTest" name="createChildPostion" time="5.762"/>
  <testcase classname="HRMS.positionTest" name="createChildPostion" time="5.835"/>
  <testcase classname="HRMS.positionTest" name="createChildPostion" time="5.058"/>
  <testcase classname="HRMS.positionTest" name="createChildPostion" time="5.969"/>
  <testcase classname="HRMS.positionTest" name="createChildPostion" time="5.915"/>
  <testcase classname="HRMS.positionTest" name="createChildPostion" time="6.528"/>
  <testcase classname="HRMS.positionTest" name="createChildPostion" time="7.143"/>
  <testcase classname="HRMS.positionTest" name="createChildPostion" time="10.607"/>
  <testcase classname="HRMS.positionTest" name="createChildPostion" time="1.175">
    <failure type="org.openqa.selenium.ElementClickInterceptedException" message="element click intercepted: Element &amp;lt;p class=&amp;quot;MuiTypography-root MuiTypography-body2 MuiListItemText-primary css-rnafb5-MuiTypography-root&amp;quot;&amp;gt;...&amp;lt;/p&amp;gt; is not clickable at point (51, 305). Other element would receive the click: &amp;lt;a href=&amp;quot;/position-&amp;amp;amp;-Core-competency&amp;quot; style=&amp;quot;text-decoration: none; color: inherit; display: flex; align-items: center;&amp;quot;&amp;gt;...&amp;lt;/a&amp;gt;
  (Session info: chrome=123.0.6312.106)
Build info: version: &amp;apos;4.13.0&amp;apos;, revision: &amp;apos;ba948ece5b*&amp;apos;
System info: os.name: &amp;apos;Windows 11&amp;apos;, os.arch: &amp;apos;amd64&amp;apos;, os.version: &amp;apos;10.0&amp;apos;, java.version: &amp;apos;17.0.9&amp;apos;
Driver info: org.openqa.selenium.chrome.ChromeDriver
Command: [268feece5d884dbb05e7342dbd9dff54, clickElement {id=f.82BD82017C4C0E77C7742969CA72C179.d.763C7D96B721733C2971E19FE5FE1BA7.e.417}]
Capabilities {acceptInsecureCerts: false, browserName: chrome, browserVersion: 123.0.6312.106, chrome: {chromedriverVersion: 123.0.6312.105 (399174dbe6e..., userDataDir: C:\Users\ITTEST\AppData\Loc...}, fedcm:accounts: true, goog:chromeOptions: {debuggerAddress: localhost:60356}, networkConnectionEnabled: false, pageLoadStrategy: normal, platformName: windows, proxy: Proxy(), se:cdp: ws://localhost:60356/devtoo..., se:cdpVersion: 123.0.6312.106, setWindowRect: true, strictFileInteractability: false, timeouts: {implicit: 0, pageLoad: 300000, script: 30000}, unhandledPromptBehavior: dismiss and notify, webauthn:extension:credBlob: true, webauthn:extension:largeBlob: true, webauthn:extension:minPinLength: true, webauthn:extension:prf: true, webauthn:virtualAuthenticators: true}
Element: [[ChromeDriver: chrome on windows (268feece5d884dbb05e7342dbd9dff54)] -&amp;gt; xpath: //p[contains(text(), &amp;apos;Core&amp;apos;)]]
Session ID: 268feece5d884dbb05e7342dbd9dff54">
      <![CDATA[org.openqa.selenium.ElementClickInterceptedException: element click intercepted: Element <p class="MuiTypography-root MuiTypography-body2 MuiListItemText-primary css-rnafb5-MuiTypography-root">...</p> is not clickable at point (51, 305). Other element would receive the click: <a href="/position-&amp;-Core-competency" style="text-decoration: none; color: inherit; display: flex; align-items: center;">...</a>
  (Session info: chrome=123.0.6312.106)
Build info: version: '4.13.0', revision: 'ba948ece5b*'
System info: os.name: 'Windows 11', os.arch: 'amd64', os.version: '10.0', java.version: '17.0.9'
Driver info: org.openqa.selenium.chrome.ChromeDriver
Command: [268feece5d884dbb05e7342dbd9dff54, clickElement {id=f.82BD82017C4C0E77C7742969CA72C179.d.763C7D96B721733C2971E19FE5FE1BA7.e.417}]
Capabilities {acceptInsecureCerts: false, browserName: chrome, browserVersion: 123.0.6312.106, chrome: {chromedriverVersion: 123.0.6312.105 (399174dbe6e..., userDataDir: C:\Users\ITTEST\AppData\Loc...}, fedcm:accounts: true, goog:chromeOptions: {debuggerAddress: localhost:60356}, networkConnectionEnabled: false, pageLoadStrategy: normal, platformName: windows, proxy: Proxy(), se:cdp: ws://localhost:60356/devtoo..., se:cdpVersion: 123.0.6312.106, setWindowRect: true, strictFileInteractability: false, timeouts: {implicit: 0, pageLoad: 300000, script: 30000}, unhandledPromptBehavior: dismiss and notify, webauthn:extension:credBlob: true, webauthn:extension:largeBlob: true, webauthn:extension:minPinLength: true, webauthn:extension:prf: true, webauthn:virtualAuthenticators: true}
Element: [[ChromeDriver: chrome on windows (268feece5d884dbb05e7342dbd9dff54)] -> xpath: //p[contains(text(), 'Core')]]
Session ID: 268feece5d884dbb05e7342dbd9dff54
at org.openqa.selenium.remote.codec.w3c.W3CHttpResponseCodec.createException(W3CHttpResponseCodec.java:200)
at org.openqa.selenium.remote.codec.w3c.W3CHttpResponseCodec.decode(W3CHttpResponseCodec.java:133)
at org.openqa.selenium.remote.codec.w3c.W3CHttpResponseCodec.decode(W3CHttpResponseCodec.java:52)
at org.openqa.selenium.remote.HttpCommandExecutor.execute(HttpCommandExecutor.java:191)
at org.openqa.selenium.remote.service.DriverCommandExecutor.invokeExecute(DriverCommandExecutor.java:196)
at org.openqa.selenium.remote.service.DriverCommandExecutor.execute(DriverCommandExecutor.java:171)
at org.openqa.selenium.remote.RemoteWebDriver.execute(RemoteWebDriver.java:602)
at org.openqa.selenium.remote.RemoteWebElement.execute(RemoteWebElement.java:224)
at org.openqa.selenium.remote.RemoteWebElement.click(RemoteWebElement.java:77)
at org.openqa.selenium.support.pagefactory.internal.LocatingElementHandler.invoke(LocatingElementHandler.java:51)
at jdk.proxy2/jdk.proxy2.$Proxy19.click(Unknown Source)
at HRMS.PositionAndCoreCompetency.goToPostionAndCoreCompetencyTab(PositionAndCoreCompetency.java:29)
at HRMS.positionTest.createChildPostion(positionTest.java:32)
at java.base/java.util.ArrayList.forEach(ArrayList.java:1511)
... Removed 34 stack frames]]>
    </failure>
  </testcase> <!-- createChildPostion -->
  <testcase classname="HRMS.positionTest" name="createChildPostion" time="5.686"/>
  <testcase classname="HRMS.positionTest" name="createChildPostion" time="10.527"/>
  <testcase classname="HRMS.positionTest" name="createChildPostion" time="6.819"/>
  <testcase classname="HRMS.positionTest" name="createChildPostion" time="8.417"/>
  <testcase classname="HRMS.positionTest" name="createChildPostion" time="5.654"/>
  <testcase classname="HRMS.positionTest" name="createChildPostion" time="1.173">
    <failure type="org.openqa.selenium.ElementClickInterceptedException" message="element click intercepted: Element &amp;lt;p class=&amp;quot;MuiTypography-root MuiTypography-body2 MuiListItemText-primary css-rnafb5-MuiTypography-root&amp;quot;&amp;gt;...&amp;lt;/p&amp;gt; is not clickable at point (51, 305). Other element would receive the click: &amp;lt;a href=&amp;quot;/position-&amp;amp;amp;-Core-competency&amp;quot; style=&amp;quot;text-decoration: none; color: inherit; display: flex; align-items: center;&amp;quot;&amp;gt;...&amp;lt;/a&amp;gt;
  (Session info: chrome=123.0.6312.106)
Build info: version: &amp;apos;4.13.0&amp;apos;, revision: &amp;apos;ba948ece5b*&amp;apos;
System info: os.name: &amp;apos;Windows 11&amp;apos;, os.arch: &amp;apos;amd64&amp;apos;, os.version: &amp;apos;10.0&amp;apos;, java.version: &amp;apos;17.0.9&amp;apos;
Driver info: org.openqa.selenium.chrome.ChromeDriver
Command: [fbde8e67346e6c70975cf0f7bde7799b, clickElement {id=f.E6A7A789C259A85B9A893B9BE7E04273.d.68FE5885319AF74A764DD7BAA5FEB90A.e.417}]
Capabilities {acceptInsecureCerts: false, browserName: chrome, browserVersion: 123.0.6312.106, chrome: {chromedriverVersion: 123.0.6312.105 (399174dbe6e..., userDataDir: C:\Users\ITTEST\AppData\Loc...}, fedcm:accounts: true, goog:chromeOptions: {debuggerAddress: localhost:60561}, networkConnectionEnabled: false, pageLoadStrategy: normal, platformName: windows, proxy: Proxy(), se:cdp: ws://localhost:60561/devtoo..., se:cdpVersion: 123.0.6312.106, setWindowRect: true, strictFileInteractability: false, timeouts: {implicit: 0, pageLoad: 300000, script: 30000}, unhandledPromptBehavior: dismiss and notify, webauthn:extension:credBlob: true, webauthn:extension:largeBlob: true, webauthn:extension:minPinLength: true, webauthn:extension:prf: true, webauthn:virtualAuthenticators: true}
Element: [[ChromeDriver: chrome on windows (fbde8e67346e6c70975cf0f7bde7799b)] -&amp;gt; xpath: //p[contains(text(), &amp;apos;Core&amp;apos;)]]
Session ID: fbde8e67346e6c70975cf0f7bde7799b">
      <![CDATA[org.openqa.selenium.ElementClickInterceptedException: element click intercepted: Element <p class="MuiTypography-root MuiTypography-body2 MuiListItemText-primary css-rnafb5-MuiTypography-root">...</p> is not clickable at point (51, 305). Other element would receive the click: <a href="/position-&amp;-Core-competency" style="text-decoration: none; color: inherit; display: flex; align-items: center;">...</a>
  (Session info: chrome=123.0.6312.106)
Build info: version: '4.13.0', revision: 'ba948ece5b*'
System info: os.name: 'Windows 11', os.arch: 'amd64', os.version: '10.0', java.version: '17.0.9'
Driver info: org.openqa.selenium.chrome.ChromeDriver
Command: [fbde8e67346e6c70975cf0f7bde7799b, clickElement {id=f.E6A7A789C259A85B9A893B9BE7E04273.d.68FE5885319AF74A764DD7BAA5FEB90A.e.417}]
Capabilities {acceptInsecureCerts: false, browserName: chrome, browserVersion: 123.0.6312.106, chrome: {chromedriverVersion: 123.0.6312.105 (399174dbe6e..., userDataDir: C:\Users\ITTEST\AppData\Loc...}, fedcm:accounts: true, goog:chromeOptions: {debuggerAddress: localhost:60561}, networkConnectionEnabled: false, pageLoadStrategy: normal, platformName: windows, proxy: Proxy(), se:cdp: ws://localhost:60561/devtoo..., se:cdpVersion: 123.0.6312.106, setWindowRect: true, strictFileInteractability: false, timeouts: {implicit: 0, pageLoad: 300000, script: 30000}, unhandledPromptBehavior: dismiss and notify, webauthn:extension:credBlob: true, webauthn:extension:largeBlob: true, webauthn:extension:minPinLength: true, webauthn:extension:prf: true, webauthn:virtualAuthenticators: true}
Element: [[ChromeDriver: chrome on windows (fbde8e67346e6c70975cf0f7bde7799b)] -> xpath: //p[contains(text(), 'Core')]]
Session ID: fbde8e67346e6c70975cf0f7bde7799b
at org.openqa.selenium.remote.codec.w3c.W3CHttpResponseCodec.createException(W3CHttpResponseCodec.java:200)
at org.openqa.selenium.remote.codec.w3c.W3CHttpResponseCodec.decode(W3CHttpResponseCodec.java:133)
at org.openqa.selenium.remote.codec.w3c.W3CHttpResponseCodec.decode(W3CHttpResponseCodec.java:52)
at org.openqa.selenium.remote.HttpCommandExecutor.execute(HttpCommandExecutor.java:191)
at org.openqa.selenium.remote.service.DriverCommandExecutor.invokeExecute(DriverCommandExecutor.java:196)
at org.openqa.selenium.remote.service.DriverCommandExecutor.execute(DriverCommandExecutor.java:171)
at org.openqa.selenium.remote.RemoteWebDriver.execute(RemoteWebDriver.java:602)
at org.openqa.selenium.remote.RemoteWebElement.execute(RemoteWebElement.java:224)
at org.openqa.selenium.remote.RemoteWebElement.click(RemoteWebElement.java:77)
at org.openqa.selenium.support.pagefactory.internal.LocatingElementHandler.invoke(LocatingElementHandler.java:51)
at jdk.proxy2/jdk.proxy2.$Proxy19.click(Unknown Source)
at HRMS.PositionAndCoreCompetency.goToPostionAndCoreCompetencyTab(PositionAndCoreCompetency.java:29)
at HRMS.positionTest.createChildPostion(positionTest.java:32)
at java.base/java.util.ArrayList.forEach(ArrayList.java:1511)
... Removed 34 stack frames]]>
    </failure>
  </testcase> <!-- createChildPostion -->
  <testcase classname="HRMS.positionTest" name="createChildPostion" time="6.757"/>
  <testcase classname="HRMS.positionTest" name="createChildPostion" time="7.569"/>
  <testcase classname="HRMS.positionTest" name="createChildPostion" time="6.932"/>
  <testcase classname="HRMS.positionTest" name="createChildPostion" time="7.568"/>
  <testcase classname="HRMS.positionTest" name="createChildPostion" time="1.185">
    <failure type="org.openqa.selenium.ElementClickInterceptedException" message="element click intercepted: Element &amp;lt;p class=&amp;quot;MuiTypography-root MuiTypography-body2 MuiListItemText-primary css-rnafb5-MuiTypography-root&amp;quot;&amp;gt;...&amp;lt;/p&amp;gt; is not clickable at point (51, 305). Other element would receive the click: &amp;lt;a href=&amp;quot;/position-&amp;amp;amp;-Core-competency&amp;quot; style=&amp;quot;text-decoration: none; color: inherit; display: flex; align-items: center;&amp;quot;&amp;gt;...&amp;lt;/a&amp;gt;
  (Session info: chrome=123.0.6312.106)
Build info: version: &amp;apos;4.13.0&amp;apos;, revision: &amp;apos;ba948ece5b*&amp;apos;
System info: os.name: &amp;apos;Windows 11&amp;apos;, os.arch: &amp;apos;amd64&amp;apos;, os.version: &amp;apos;10.0&amp;apos;, java.version: &amp;apos;17.0.9&amp;apos;
Driver info: org.openqa.selenium.chrome.ChromeDriver
Command: [3470736494313ddcadc3e257bb488d9e, clickElement {id=f.A881453C6B176C86295CE8D189C19083.d.0B652E24B27746465A7D550608BA05D7.e.417}]
Capabilities {acceptInsecureCerts: false, browserName: chrome, browserVersion: 123.0.6312.106, chrome: {chromedriverVersion: 123.0.6312.105 (399174dbe6e..., userDataDir: C:\Users\ITTEST\AppData\Loc...}, fedcm:accounts: true, goog:chromeOptions: {debuggerAddress: localhost:60741}, networkConnectionEnabled: false, pageLoadStrategy: normal, platformName: windows, proxy: Proxy(), se:cdp: ws://localhost:60741/devtoo..., se:cdpVersion: 123.0.6312.106, setWindowRect: true, strictFileInteractability: false, timeouts: {implicit: 0, pageLoad: 300000, script: 30000}, unhandledPromptBehavior: dismiss and notify, webauthn:extension:credBlob: true, webauthn:extension:largeBlob: true, webauthn:extension:minPinLength: true, webauthn:extension:prf: true, webauthn:virtualAuthenticators: true}
Element: [[ChromeDriver: chrome on windows (3470736494313ddcadc3e257bb488d9e)] -&amp;gt; xpath: //p[contains(text(), &amp;apos;Core&amp;apos;)]]
Session ID: 3470736494313ddcadc3e257bb488d9e">
      <![CDATA[org.openqa.selenium.ElementClickInterceptedException: element click intercepted: Element <p class="MuiTypography-root MuiTypography-body2 MuiListItemText-primary css-rnafb5-MuiTypography-root">...</p> is not clickable at point (51, 305). Other element would receive the click: <a href="/position-&amp;-Core-competency" style="text-decoration: none; color: inherit; display: flex; align-items: center;">...</a>
  (Session info: chrome=123.0.6312.106)
Build info: version: '4.13.0', revision: 'ba948ece5b*'
System info: os.name: 'Windows 11', os.arch: 'amd64', os.version: '10.0', java.version: '17.0.9'
Driver info: org.openqa.selenium.chrome.ChromeDriver
Command: [3470736494313ddcadc3e257bb488d9e, clickElement {id=f.A881453C6B176C86295CE8D189C19083.d.0B652E24B27746465A7D550608BA05D7.e.417}]
Capabilities {acceptInsecureCerts: false, browserName: chrome, browserVersion: 123.0.6312.106, chrome: {chromedriverVersion: 123.0.6312.105 (399174dbe6e..., userDataDir: C:\Users\ITTEST\AppData\Loc...}, fedcm:accounts: true, goog:chromeOptions: {debuggerAddress: localhost:60741}, networkConnectionEnabled: false, pageLoadStrategy: normal, platformName: windows, proxy: Proxy(), se:cdp: ws://localhost:60741/devtoo..., se:cdpVersion: 123.0.6312.106, setWindowRect: true, strictFileInteractability: false, timeouts: {implicit: 0, pageLoad: 300000, script: 30000}, unhandledPromptBehavior: dismiss and notify, webauthn:extension:credBlob: true, webauthn:extension:largeBlob: true, webauthn:extension:minPinLength: true, webauthn:extension:prf: true, webauthn:virtualAuthenticators: true}
Element: [[ChromeDriver: chrome on windows (3470736494313ddcadc3e257bb488d9e)] -> xpath: //p[contains(text(), 'Core')]]
Session ID: 3470736494313ddcadc3e257bb488d9e
at org.openqa.selenium.remote.codec.w3c.W3CHttpResponseCodec.createException(W3CHttpResponseCodec.java:200)
at org.openqa.selenium.remote.codec.w3c.W3CHttpResponseCodec.decode(W3CHttpResponseCodec.java:133)
at org.openqa.selenium.remote.codec.w3c.W3CHttpResponseCodec.decode(W3CHttpResponseCodec.java:52)
at org.openqa.selenium.remote.HttpCommandExecutor.execute(HttpCommandExecutor.java:191)
at org.openqa.selenium.remote.service.DriverCommandExecutor.invokeExecute(DriverCommandExecutor.java:196)
at org.openqa.selenium.remote.service.DriverCommandExecutor.execute(DriverCommandExecutor.java:171)
at org.openqa.selenium.remote.RemoteWebDriver.execute(RemoteWebDriver.java:602)
at org.openqa.selenium.remote.RemoteWebElement.execute(RemoteWebElement.java:224)
at org.openqa.selenium.remote.RemoteWebElement.click(RemoteWebElement.java:77)
at org.openqa.selenium.support.pagefactory.internal.LocatingElementHandler.invoke(LocatingElementHandler.java:51)
at jdk.proxy2/jdk.proxy2.$Proxy19.click(Unknown Source)
at HRMS.PositionAndCoreCompetency.goToPostionAndCoreCompetencyTab(PositionAndCoreCompetency.java:29)
at HRMS.positionTest.createChildPostion(positionTest.java:32)
at java.base/java.util.ArrayList.forEach(ArrayList.java:1511)
... Removed 34 stack frames]]>
    </failure>
  </testcase> <!-- createChildPostion -->
  <testcase classname="HRMS.positionTest" name="createChildPostion" time="6.314"/>
  <testcase classname="HRMS.positionTest" name="createChildPostion" time="8.427"/>
  <testcase classname="HRMS.positionTest" name="createChildPostion" time="7.087"/>
  <testcase classname="HRMS.positionTest" name="createChildPostion" time="5.344"/>
  <testcase classname="HRMS.positionTest" name="createChildPostion" time="6.142"/>
  <testcase classname="HRMS.positionTest" name="createChildPostion" time="5.238"/>
  <testcase classname="HRMS.positionTest" name="createChildPostion" time="6.593"/>
  <testcase classname="HRMS.positionTest" name="createChildPostion" time="9.068"/>
  <testcase classname="HRMS.positionTest" name="createChildPostion" time="6.488"/>
  <testcase classname="HRMS.positionTest" name="createChildPostion" time="6.939"/>
  <testcase classname="HRMS.positionTest" name="createChildPostion" time="5.336"/>
  <testcase classname="HRMS.positionTest" name="createChildPostion" time="6.802"/>
  <testcase classname="HRMS.positionTest" name="createChildPostion" time="6.26"/>
  <testcase classname="HRMS.positionTest" name="createChildPostion" time="5.643"/>
  <testcase classname="HRMS.positionTest" name="createChildPostion" time="7.412"/>
  <testcase classname="HRMS.positionTest" name="createChildPostion" time="5.611"/>
  <testcase classname="HRMS.positionTest" name="createChildPostion" time="10.217"/>
  <testcase classname="HRMS.positionTest" name="createChildPostion" time="5.969"/>
  <testcase classname="HRMS.positionTest" name="createChildPostion" time="6.398"/>
  <testcase classname="HRMS.positionTest" name="createChildPostion" time="7.44"/>
  <testcase classname="HRMS.positionTest" name="createChildPostion" time="7.945"/>
  <testcase classname="HRMS.positionTest" name="createChildPostion" time="8.399"/>
  <testcase classname="HRMS.positionTest" name="createChildPostion" time="7.545"/>
  <testcase classname="HRMS.positionTest" name="createChildPostion" time="9.974"/>
  <testcase classname="HRMS.positionTest" name="createChildPostion" time="8.013"/>
  <testcase classname="HRMS.positionTest" name="createChildPostion" time="5.209"/>
  <testcase classname="HRMS.positionTest" name="createChildPostion" time="7.139"/>
  <testcase classname="HRMS.positionTest" name="createChildPostion" time="7.991"/>
  <testcase classname="HRMS.positionTest" name="createChildPostion" time="6.996"/>
  <testcase classname="HRMS.positionTest" name="createChildPostion" time="10.58"/>
  <testcase classname="HRMS.positionTest" name="createChildPostion" time="6.598"/>
  <testcase classname="HRMS.positionTest" name="createChildPostion" time="9.208"/>
  <testcase classname="HRMS.positionTest" name="createChildPostion" time="7.826"/>
  <testcase classname="HRMS.positionTest" name="createChildPostion" time="8.542"/>
  <testcase classname="HRMS.positionTest" name="createChildPostion" time="6.223"/>
  <testcase classname="HRMS.positionTest" name="createChildPostion" time="10.225"/>
  <testcase classname="HRMS.positionTest" name="createChildPostion" time="8.581"/>
  <testcase classname="HRMS.positionTest" name="createChildPostion" time="7.768"/>
  <testcase classname="HRMS.positionTest" name="createChildPostion" time="6.959"/>
  <testcase classname="HRMS.positionTest" name="createChildPostion" time="6.775"/>
  <testcase classname="HRMS.positionTest" name="createChildPostion" time="9.129"/>
  <testcase classname="HRMS.positionTest" name="createChildPostion" time="5.219"/>
  <testcase classname="HRMS.positionTest" name="createChildPostion" time="7.971"/>
  <testcase classname="HRMS.positionTest" name="createChildPostion" time="10.226"/>
  <testcase classname="HRMS.positionTest" name="createChildPostion" time="7.63"/>
  <testcase classname="HRMS.positionTest" name="createChildPostion" time="5.15"/>
  <testcase classname="HRMS.positionTest" name="createChildPostion" time="5.535"/>
  <testcase classname="HRMS.positionTest" name="createPosition" time="6.642"/>
  <testcase classname="HRMS.positionTest" name="createPosition" time="7.038"/>
  <testcase classname="HRMS.positionTest" name="createPosition" time="6.613"/>
  <testcase classname="HRMS.positionTest" name="createPosition" time="6.754"/>
  <testcase classname="HRMS.positionTest" name="createPosition" time="7.064"/>
  <testcase classname="HRMS.positionTest" name="createPosition" time="6.834"/>
  <testcase classname="HRMS.positionTest" name="createPosition" time="6.718"/>
  <testcase classname="HRMS.positionTest" name="createPosition" time="6.721"/>
  <testcase classname="HRMS.positionTest" name="createPosition" time="6.857"/>
  <testcase classname="HRMS.positionTest" name="createPosition" time="6.634"/>
  <testcase classname="HRMS.positionTest" name="createPosition" time="6.986"/>
  <testcase classname="HRMS.positionTest" name="createPosition" time="6.612"/>
  <testcase classname="HRMS.positionTest" name="createPosition" time="6.903"/>
  <testcase classname="HRMS.positionTest" name="createPosition" time="6.664"/>
  <testcase classname="HRMS.positionTest" name="createPosition" time="6.931"/>
  <testcase classname="HRMS.positionTest" name="createPosition" time="6.617"/>
  <testcase classname="HRMS.positionTest" name="createPosition" time="6.907"/>
  <testcase classname="HRMS.positionTest" name="createPosition" time="6.77"/>
  <testcase classname="HRMS.positionTest" name="createPosition" time="6.739"/>
  <testcase classname="HRMS.positionTest" name="createPosition" time="6.885"/>
  <testcase classname="HRMS.positionTest" name="createPosition" time="6.667"/>
  <testcase classname="HRMS.positionTest" name="createPosition" time="22.051">
    <failure type="org.openqa.selenium.TimeoutException" message="Expected condition failed: waiting for visibility of Proxy element for: DefaultElementLocator &amp;apos;By.cssSelector: .MuiAlert-message&amp;apos; (tried for 10 second(s) with 500 milliseconds interval)">
      <![CDATA[org.openqa.selenium.TimeoutException: Expected condition failed: waiting for visibility of Proxy element for: DefaultElementLocator 'By.cssSelector: .MuiAlert-message' (tried for 10 second(s) with 500 milliseconds interval)
at org.openqa.selenium.support.ui.WebDriverWait.timeoutException(WebDriverWait.java:84)
at org.openqa.selenium.support.ui.FluentWait.until(FluentWait.java:230)
at A1A.Functions.waitForElementToAppear(Functions.java:34)
at HRMS.ListModulePage.getAlertMsg(ListModulePage.java:73)
at HRMS.positionTest.createPosition(positionTest.java:26)
at java.base/java.util.ArrayList.forEach(ArrayList.java:1511)
Caused by: org.openqa.selenium.NoSuchElementException: no such element: Unable to locate element: {"method":"css selector","selector":".MuiAlert-message"}
  (Session info: chrome=123.0.6312.106)
For documentation on this error, please visit: https://www.selenium.dev/documentation/webdriver/troubleshooting/errors#no-such-element-exception
Build info: version: '4.13.0', revision: 'ba948ece5b*'
System info: os.name: 'Windows 11', os.arch: 'amd64', os.version: '10.0', java.version: '17.0.9'
Driver info: org.openqa.selenium.chrome.ChromeDriver
Command: [bf2365a947e015eae5fa14f67dc1cae6, findElement {using=css selector, value=.MuiAlert-message}]
Capabilities {acceptInsecureCerts: false, browserName: chrome, browserVersion: 123.0.6312.106, chrome: {chromedriverVersion: 123.0.6312.105 (399174dbe6e..., userDataDir: C:\Users\ITTEST\AppData\Loc...}, fedcm:accounts: true, goog:chromeOptions: {debuggerAddress: localhost:63139}, networkConnectionEnabled: false, pageLoadStrategy: normal, platformName: windows, proxy: Proxy(), se:cdp: ws://localhost:63139/devtoo..., se:cdpVersion: 123.0.6312.106, setWindowRect: true, strictFileInteractability: false, timeouts: {implicit: 0, pageLoad: 300000, script: 30000}, unhandledPromptBehavior: dismiss and notify, webauthn:extension:credBlob: true, webauthn:extension:largeBlob: true, webauthn:extension:minPinLength: true, webauthn:extension:prf: true, webauthn:virtualAuthenticators: true}
Session ID: bf2365a947e015eae5fa14f67dc1cae6
at org.openqa.selenium.remote.codec.w3c.W3CHttpResponseCodec.createException(W3CHttpResponseCodec.java:200)
at org.openqa.selenium.remote.codec.w3c.W3CHttpResponseCodec.decode(W3CHttpResponseCodec.java:133)
at org.openqa.selenium.remote.codec.w3c.W3CHttpResponseCodec.decode(W3CHttpResponseCodec.java:52)
at org.openqa.selenium.remote.HttpCommandExecutor.execute(HttpCommandExecutor.java:191)
at org.openqa.selenium.remote.service.DriverCommandExecutor.invokeExecute(DriverCommandExecutor.java:196)
at org.openqa.selenium.remote.service.DriverCommandExecutor.execute(DriverCommandExecutor.java:171)
at org.openqa.selenium.remote.RemoteWebDriver.execute(RemoteWebDriver.java:602)
at org.openqa.selenium.remote.ElementLocation$ElementFinder$2.findElement(ElementLocation.java:165)
at org.openqa.selenium.remote.ElementLocation.findElement(ElementLocation.java:59)
at org.openqa.selenium.remote.RemoteWebDriver.findElement(RemoteWebDriver.java:359)
at org.openqa.selenium.remote.RemoteWebDriver.findElement(RemoteWebDriver.java:353)
at org.openqa.selenium.support.pagefactory.DefaultElementLocator.findElement(DefaultElementLocator.java:68)
at org.openqa.selenium.support.pagefactory.internal.LocatingElementHandler.invoke(LocatingElementHandler.java:38)
at jdk.proxy2/jdk.proxy2.$Proxy19.isDisplayed(Unknown Source)
at org.openqa.selenium.support.ui.ExpectedConditions.elementIfVisible(ExpectedConditions.java:304)
at org.openqa.selenium.support.ui.ExpectedConditions.access$000(ExpectedConditions.java:37)
at org.openqa.selenium.support.ui.ExpectedConditions$10.apply(ExpectedConditions.java:290)
at org.openqa.selenium.support.ui.ExpectedConditions$10.apply(ExpectedConditions.java:287)
at org.openqa.selenium.support.ui.FluentWait.until(FluentWait.java:205)
... 30 more
... Removed 30 stack frames]]>
    </failure>
  </testcase> <!-- createPosition -->
  <testcase classname="HRMS.positionTest" name="createPosition" time="6.985"/>
  <testcase classname="HRMS.positionTest" name="createPosition" time="6.816"/>
  <testcase classname="HRMS.positionTest" name="createPosition" time="6.638"/>
  <testcase classname="HRMS.positionTest" name="createPosition" time="7.018"/>
  <testcase classname="HRMS.positionTest" name="createPosition" time="6.675"/>
  <testcase classname="HRMS.positionTest" name="createPosition" time="6.742"/>
  <testcase classname="HRMS.positionTest" name="createPosition" time="6.821"/>
  <testcase classname="HRMS.positionTest" name="createPosition" time="6.845"/>
  <testcase classname="HRMS.positionTest" name="createPosition" time="6.736"/>
  <testcase classname="HRMS.positionTest" name="createPosition" time="7.037"/>
  <testcase classname="HRMS.positionTest" name="createPosition" time="6.975"/>
  <testcase classname="HRMS.positionTest" name="createPosition" time="6.845"/>
  <testcase classname="HRMS.positionTest" name="createPosition" time="6.795"/>
  <testcase classname="HRMS.positionTest" name="createPosition" time="7.063"/>
  <testcase classname="HRMS.positionTest" name="createPosition" time="6.621"/>
  <testcase classname="HRMS.positionTest" name="createPosition" time="6.706"/>
  <testcase classname="HRMS.positionTest" name="createPosition" time="6.88"/>
  <testcase classname="HRMS.positionTest" name="createPosition" time="6.777"/>
  <testcase classname="HRMS.positionTest" name="createPosition" time="6.736"/>
  <testcase classname="HRMS.positionTest" name="createPosition" time="6.974"/>
  <testcase classname="HRMS.positionTest" name="createPosition" time="6.891"/>
  <testcase classname="HRMS.positionTest" name="createPosition" time="6.851"/>
  <testcase classname="HRMS.positionTest" name="createPosition" time="6.944"/>
  <testcase classname="HRMS.positionTest" name="createPosition" time="6.781"/>
  <testcase classname="HRMS.positionTest" name="createPosition" time="6.801"/>
  <testcase classname="HRMS.positionTest" name="createPosition" time="7.033"/>
  <testcase classname="HRMS.positionTest" name="createPosition" time="6.573"/>
  <testcase classname="HRMS.positionTest" name="createPosition" time="22.028">
    <failure type="org.openqa.selenium.TimeoutException" message="Expected condition failed: waiting for visibility of Proxy element for: DefaultElementLocator &amp;apos;By.cssSelector: .MuiAlert-message&amp;apos; (tried for 10 second(s) with 500 milliseconds interval)">
      <![CDATA[org.openqa.selenium.TimeoutException: Expected condition failed: waiting for visibility of Proxy element for: DefaultElementLocator 'By.cssSelector: .MuiAlert-message' (tried for 10 second(s) with 500 milliseconds interval)
at org.openqa.selenium.support.ui.WebDriverWait.timeoutException(WebDriverWait.java:84)
at org.openqa.selenium.support.ui.FluentWait.until(FluentWait.java:230)
at A1A.Functions.waitForElementToAppear(Functions.java:34)
at HRMS.ListModulePage.getAlertMsg(ListModulePage.java:73)
at HRMS.positionTest.createPosition(positionTest.java:26)
at java.base/java.util.ArrayList.forEach(ArrayList.java:1511)
Caused by: org.openqa.selenium.NoSuchElementException: no such element: Unable to locate element: {"method":"css selector","selector":".MuiAlert-message"}
  (Session info: chrome=123.0.6312.106)
For documentation on this error, please visit: https://www.selenium.dev/documentation/webdriver/troubleshooting/errors#no-such-element-exception
Build info: version: '4.13.0', revision: 'ba948ece5b*'
System info: os.name: 'Windows 11', os.arch: 'amd64', os.version: '10.0', java.version: '17.0.9'
Driver info: org.openqa.selenium.chrome.ChromeDriver
Command: [a89a31d23d1c2fea2e62802c9093e9de, findElement {using=css selector, value=.MuiAlert-message}]
Capabilities {acceptInsecureCerts: false, browserName: chrome, browserVersion: 123.0.6312.106, chrome: {chromedriverVersion: 123.0.6312.105 (399174dbe6e..., userDataDir: C:\Users\ITTEST\AppData\Loc...}, fedcm:accounts: true, goog:chromeOptions: {debuggerAddress: localhost:64131}, networkConnectionEnabled: false, pageLoadStrategy: normal, platformName: windows, proxy: Proxy(), se:cdp: ws://localhost:64131/devtoo..., se:cdpVersion: 123.0.6312.106, setWindowRect: true, strictFileInteractability: false, timeouts: {implicit: 0, pageLoad: 300000, script: 30000}, unhandledPromptBehavior: dismiss and notify, webauthn:extension:credBlob: true, webauthn:extension:largeBlob: true, webauthn:extension:minPinLength: true, webauthn:extension:prf: true, webauthn:virtualAuthenticators: true}
Session ID: a89a31d23d1c2fea2e62802c9093e9de
at org.openqa.selenium.remote.codec.w3c.W3CHttpResponseCodec.createException(W3CHttpResponseCodec.java:200)
at org.openqa.selenium.remote.codec.w3c.W3CHttpResponseCodec.decode(W3CHttpResponseCodec.java:133)
at org.openqa.selenium.remote.codec.w3c.W3CHttpResponseCodec.decode(W3CHttpResponseCodec.java:52)
at org.openqa.selenium.remote.HttpCommandExecutor.execute(HttpCommandExecutor.java:191)
at org.openqa.selenium.remote.service.DriverCommandExecutor.invokeExecute(DriverCommandExecutor.java:196)
at org.openqa.selenium.remote.service.DriverCommandExecutor.execute(DriverCommandExecutor.java:171)
at org.openqa.selenium.remote.RemoteWebDriver.execute(RemoteWebDriver.java:602)
at org.openqa.selenium.remote.ElementLocation$ElementFinder$2.findElement(ElementLocation.java:165)
at org.openqa.selenium.remote.ElementLocation.findElement(ElementLocation.java:59)
at org.openqa.selenium.remote.RemoteWebDriver.findElement(RemoteWebDriver.java:359)
at org.openqa.selenium.remote.RemoteWebDriver.findElement(RemoteWebDriver.java:353)
at org.openqa.selenium.support.pagefactory.DefaultElementLocator.findElement(DefaultElementLocator.java:68)
at org.openqa.selenium.support.pagefactory.internal.LocatingElementHandler.invoke(LocatingElementHandler.java:38)
at jdk.proxy2/jdk.proxy2.$Proxy19.isDisplayed(Unknown Source)
at org.openqa.selenium.support.ui.ExpectedConditions.elementIfVisible(ExpectedConditions.java:304)
at org.openqa.selenium.support.ui.ExpectedConditions.access$000(ExpectedConditions.java:37)
at org.openqa.selenium.support.ui.ExpectedConditions$10.apply(ExpectedConditions.java:290)
at org.openqa.selenium.support.ui.ExpectedConditions$10.apply(ExpectedConditions.java:287)
at org.openqa.selenium.support.ui.FluentWait.until(FluentWait.java:205)
... 30 more
... Removed 30 stack frames]]>
    </failure>
  </testcase> <!-- createPosition -->
  <testcase classname="HRMS.positionTest" name="createPosition" time="6.746"/>
  <testcase classname="HRMS.positionTest" name="createPosition" time="6.736"/>
  <testcase classname="HRMS.positionTest" name="createPosition" time="6.862"/>
  <testcase classname="HRMS.positionTest" name="createPosition" time="7.117"/>
  <testcase classname="HRMS.positionTest" name="createPosition" time="6.743"/>
  <testcase classname="HRMS.positionTest" name="createPosition" time="7.338"/>
  <testcase classname="HRMS.positionTest" name="createPosition" time="6.679"/>
  <testcase classname="HRMS.positionTest" name="createPosition" time="6.777"/>
  <testcase classname="HRMS.positionTest" name="createPosition" time="6.913"/>
  <testcase classname="HRMS.positionTest" name="createPosition" time="7.281"/>
  <testcase classname="HRMS.positionTest" name="createPosition" time="6.686"/>
  <testcase classname="HRMS.positionTest" name="createPosition" time="6.987"/>
  <testcase classname="HRMS.positionTest" name="createPosition" time="6.852"/>
  <testcase classname="HRMS.positionTest" name="createPosition" time="7.029"/>
  <testcase classname="HRMS.positionTest" name="createPosition" time="6.945"/>
  <testcase classname="HRMS.positionTest" name="createPosition" time="22.179">
    <failure type="org.openqa.selenium.TimeoutException" message="Expected condition failed: waiting for visibility of Proxy element for: DefaultElementLocator &amp;apos;By.cssSelector: .MuiAlert-message&amp;apos; (tried for 10 second(s) with 500 milliseconds interval)">
      <![CDATA[org.openqa.selenium.TimeoutException: Expected condition failed: waiting for visibility of Proxy element for: DefaultElementLocator 'By.cssSelector: .MuiAlert-message' (tried for 10 second(s) with 500 milliseconds interval)
at org.openqa.selenium.support.ui.WebDriverWait.timeoutException(WebDriverWait.java:84)
at org.openqa.selenium.support.ui.FluentWait.until(FluentWait.java:230)
at A1A.Functions.waitForElementToAppear(Functions.java:34)
at HRMS.ListModulePage.getAlertMsg(ListModulePage.java:73)
at HRMS.positionTest.createPosition(positionTest.java:26)
at java.base/java.util.ArrayList.forEach(ArrayList.java:1511)
Caused by: org.openqa.selenium.NoSuchElementException: no such element: Unable to locate element: {"method":"css selector","selector":".MuiAlert-message"}
  (Session info: chrome=123.0.6312.106)
For documentation on this error, please visit: https://www.selenium.dev/documentation/webdriver/troubleshooting/errors#no-such-element-exception
Build info: version: '4.13.0', revision: 'ba948ece5b*'
System info: os.name: 'Windows 11', os.arch: 'amd64', os.version: '10.0', java.version: '17.0.9'
Driver info: org.openqa.selenium.chrome.ChromeDriver
Command: [87fb6af50d1c2b04dcf0dc9d0c079f1e, findElement {using=css selector, value=.MuiAlert-message}]
Capabilities {acceptInsecureCerts: false, browserName: chrome, browserVersion: 123.0.6312.106, chrome: {chromedriverVersion: 123.0.6312.105 (399174dbe6e..., userDataDir: C:\Users\ITTEST\AppData\Loc...}, fedcm:accounts: true, goog:chromeOptions: {debuggerAddress: localhost:64770}, networkConnectionEnabled: false, pageLoadStrategy: normal, platformName: windows, proxy: Proxy(), se:cdp: ws://localhost:64770/devtoo..., se:cdpVersion: 123.0.6312.106, setWindowRect: true, strictFileInteractability: false, timeouts: {implicit: 0, pageLoad: 300000, script: 30000}, unhandledPromptBehavior: dismiss and notify, webauthn:extension:credBlob: true, webauthn:extension:largeBlob: true, webauthn:extension:minPinLength: true, webauthn:extension:prf: true, webauthn:virtualAuthenticators: true}
Session ID: 87fb6af50d1c2b04dcf0dc9d0c079f1e
at org.openqa.selenium.remote.codec.w3c.W3CHttpResponseCodec.createException(W3CHttpResponseCodec.java:200)
at org.openqa.selenium.remote.codec.w3c.W3CHttpResponseCodec.decode(W3CHttpResponseCodec.java:133)
at org.openqa.selenium.remote.codec.w3c.W3CHttpResponseCodec.decode(W3CHttpResponseCodec.java:52)
at org.openqa.selenium.remote.HttpCommandExecutor.execute(HttpCommandExecutor.java:191)
at org.openqa.selenium.remote.service.DriverCommandExecutor.invokeExecute(DriverCommandExecutor.java:196)
at org.openqa.selenium.remote.service.DriverCommandExecutor.execute(DriverCommandExecutor.java:171)
at org.openqa.selenium.remote.RemoteWebDriver.execute(RemoteWebDriver.java:602)
at org.openqa.selenium.remote.ElementLocation$ElementFinder$2.findElement(ElementLocation.java:165)
at org.openqa.selenium.remote.ElementLocation.findElement(ElementLocation.java:59)
at org.openqa.selenium.remote.RemoteWebDriver.findElement(RemoteWebDriver.java:359)
at org.openqa.selenium.remote.RemoteWebDriver.findElement(RemoteWebDriver.java:353)
at org.openqa.selenium.support.pagefactory.DefaultElementLocator.findElement(DefaultElementLocator.java:68)
at org.openqa.selenium.support.pagefactory.internal.LocatingElementHandler.invoke(LocatingElementHandler.java:38)
at jdk.proxy2/jdk.proxy2.$Proxy19.isDisplayed(Unknown Source)
at org.openqa.selenium.support.ui.ExpectedConditions.elementIfVisible(ExpectedConditions.java:304)
at org.openqa.selenium.support.ui.ExpectedConditions.access$000(ExpectedConditions.java:37)
at org.openqa.selenium.support.ui.ExpectedConditions$10.apply(ExpectedConditions.java:290)
at org.openqa.selenium.support.ui.ExpectedConditions$10.apply(ExpectedConditions.java:287)
at org.openqa.selenium.support.ui.FluentWait.until(FluentWait.java:205)
... 30 more
... Removed 30 stack frames]]>
    </failure>
  </testcase> <!-- createPosition -->
  <testcase classname="HRMS.positionTest" name="createPosition" time="6.959"/>
  <testcase classname="HRMS.positionTest" name="createPosition" time="6.658"/>
  <testcase classname="HRMS.positionTest" name="createPosition" time="6.881"/>
  <testcase classname="HRMS.positionTest" name="createPosition" time="6.673"/>
  <testcase classname="HRMS.positionTest" name="createPosition" time="6.789"/>
  <testcase classname="HRMS.positionTest" name="createPosition" time="7.309">
    <failure type="org.openqa.selenium.ElementClickInterceptedException" message="element click intercepted: Element &amp;lt;li class=&amp;quot;MuiButtonBase-root MuiMenuItem-root MuiMenuItem-gutters MuiMenuItem-root MuiMenuItem-gutters css-1xwd0xa-MuiButtonBase-root-MuiMenuItem-root&amp;quot; tabindex=&amp;quot;-1&amp;quot; role=&amp;quot;option&amp;quot; aria-selected=&amp;quot;false&amp;quot; data-value=&amp;quot;114&amp;quot;&amp;gt;...&amp;lt;/li&amp;gt; is not clickable at point (759, 662). Other element would receive the click: &amp;lt;div aria-hidden=&amp;quot;true&amp;quot; class=&amp;quot;MuiBackdrop-root MuiBackdrop-invisible MuiModal-backdrop css-g3hgs1-MuiBackdrop-root-MuiModal-backdrop&amp;quot; style=&amp;quot;opacity: 1; transition: opacity 225ms cubic-bezier(0.4, 0, 0.2, 1) 0ms;&amp;quot;&amp;gt;&amp;lt;/div&amp;gt;
  (Session info: chrome=123.0.6312.106)
Build info: version: &amp;apos;4.13.0&amp;apos;, revision: &amp;apos;ba948ece5b*&amp;apos;
System info: os.name: &amp;apos;Windows 11&amp;apos;, os.arch: &amp;apos;amd64&amp;apos;, os.version: &amp;apos;10.0&amp;apos;, java.version: &amp;apos;17.0.9&amp;apos;
Driver info: org.openqa.selenium.chrome.ChromeDriver
Command: [621ee71ab6f4dafe43b26808da115a3f, clickElement {id=f.E5048918025BF2F87BA835552F65D3D4.d.793692CB0E4BD51470A534213BB4B186.e.2939}]
Capabilities {acceptInsecureCerts: false, browserName: chrome, browserVersion: 123.0.6312.106, chrome: {chromedriverVersion: 123.0.6312.105 (399174dbe6e..., userDataDir: C:\Users\ITTEST\AppData\Loc...}, fedcm:accounts: true, goog:chromeOptions: {debuggerAddress: localhost:64992}, networkConnectionEnabled: false, pageLoadStrategy: normal, platformName: windows, proxy: Proxy(), se:cdp: ws://localhost:64992/devtoo..., se:cdpVersion: 123.0.6312.106, setWindowRect: true, strictFileInteractability: false, timeouts: {implicit: 0, pageLoad: 300000, script: 30000}, unhandledPromptBehavior: dismiss and notify, webauthn:extension:credBlob: true, webauthn:extension:largeBlob: true, webauthn:extension:minPinLength: true, webauthn:extension:prf: true, webauthn:virtualAuthenticators: true}
Element: [[ChromeDriver: chrome on windows (621ee71ab6f4dafe43b26808da115a3f)] -&amp;gt; xpath: //li[@aria-selected=&amp;apos;false&amp;apos;]]
Session ID: 621ee71ab6f4dafe43b26808da115a3f">
      <![CDATA[org.openqa.selenium.ElementClickInterceptedException: element click intercepted: Element <li class="MuiButtonBase-root MuiMenuItem-root MuiMenuItem-gutters MuiMenuItem-root MuiMenuItem-gutters css-1xwd0xa-MuiButtonBase-root-MuiMenuItem-root" tabindex="-1" role="option" aria-selected="false" data-value="114">...</li> is not clickable at point (759, 662). Other element would receive the click: <div aria-hidden="true" class="MuiBackdrop-root MuiBackdrop-invisible MuiModal-backdrop css-g3hgs1-MuiBackdrop-root-MuiModal-backdrop" style="opacity: 1; transition: opacity 225ms cubic-bezier(0.4, 0, 0.2, 1) 0ms;"></div>
  (Session info: chrome=123.0.6312.106)
Build info: version: '4.13.0', revision: 'ba948ece5b*'
System info: os.name: 'Windows 11', os.arch: 'amd64', os.version: '10.0', java.version: '17.0.9'
Driver info: org.openqa.selenium.chrome.ChromeDriver
Command: [621ee71ab6f4dafe43b26808da115a3f, clickElement {id=f.E5048918025BF2F87BA835552F65D3D4.d.793692CB0E4BD51470A534213BB4B186.e.2939}]
Capabilities {acceptInsecureCerts: false, browserName: chrome, browserVersion: 123.0.6312.106, chrome: {chromedriverVersion: 123.0.6312.105 (399174dbe6e..., userDataDir: C:\Users\ITTEST\AppData\Loc...}, fedcm:accounts: true, goog:chromeOptions: {debuggerAddress: localhost:64992}, networkConnectionEnabled: false, pageLoadStrategy: normal, platformName: windows, proxy: Proxy(), se:cdp: ws://localhost:64992/devtoo..., se:cdpVersion: 123.0.6312.106, setWindowRect: true, strictFileInteractability: false, timeouts: {implicit: 0, pageLoad: 300000, script: 30000}, unhandledPromptBehavior: dismiss and notify, webauthn:extension:credBlob: true, webauthn:extension:largeBlob: true, webauthn:extension:minPinLength: true, webauthn:extension:prf: true, webauthn:virtualAuthenticators: true}
Element: [[ChromeDriver: chrome on windows (621ee71ab6f4dafe43b26808da115a3f)] -> xpath: //li[@aria-selected='false']]
Session ID: 621ee71ab6f4dafe43b26808da115a3f
at org.openqa.selenium.remote.codec.w3c.W3CHttpResponseCodec.createException(W3CHttpResponseCodec.java:200)
at org.openqa.selenium.remote.codec.w3c.W3CHttpResponseCodec.decode(W3CHttpResponseCodec.java:133)
at org.openqa.selenium.remote.codec.w3c.W3CHttpResponseCodec.decode(W3CHttpResponseCodec.java:52)
at org.openqa.selenium.remote.HttpCommandExecutor.execute(HttpCommandExecutor.java:191)
at org.openqa.selenium.remote.service.DriverCommandExecutor.invokeExecute(DriverCommandExecutor.java:196)
at org.openqa.selenium.remote.service.DriverCommandExecutor.execute(DriverCommandExecutor.java:171)
at org.openqa.selenium.remote.RemoteWebDriver.execute(RemoteWebDriver.java:602)
at org.openqa.selenium.remote.RemoteWebElement.execute(RemoteWebElement.java:224)
at org.openqa.selenium.remote.RemoteWebElement.click(RemoteWebElement.java:77)
at HRMS.PositionAndCoreCompetency.addRandomPosition(PositionAndCoreCompetency.java:90)
at HRMS.positionTest.createPosition(positionTest.java:25)
at java.base/java.util.ArrayList.forEach(ArrayList.java:1511)
... Removed 31 stack frames]]>
    </failure>
  </testcase> <!-- createPosition -->
  <testcase classname="HRMS.positionTest" name="createPosition" time="6.675"/>
  <testcase classname="HRMS.positionTest" name="createPosition" time="6.687"/>
  <testcase classname="HRMS.positionTest" name="createPosition" time="6.853"/>
  <testcase classname="HRMS.positionTest" name="createPosition" time="7.049"/>
  <testcase classname="HRMS.positionTest" name="createPosition" time="6.7"/>
  <testcase classname="HRMS.positionTest" name="createPosition" time="6.76"/>
  <testcase classname="HRMS.positionTest" name="createPosition" time="6.697"/>
  <testcase classname="HRMS.positionTest" name="createPosition" time="6.955"/>
  <testcase classname="HRMS.positionTest" name="createPosition" time="6.622"/>
  <testcase classname="HRMS.positionTest" name="createPosition" time="6.647"/>
  <testcase classname="HRMS.positionTest" name="createPosition" time="6.864"/>
  <testcase classname="HRMS.positionTest" name="createPosition" time="6.886"/>
  <testcase classname="HRMS.positionTest" name="createPosition" time="6.713"/>
  <testcase classname="HRMS.positionTest" name="createPosition" time="7.122"/>
  <testcase classname="HRMS.positionTest" name="createPosition" time="7.082"/>
  <testcase classname="HRMS.positionTest" name="createPosition" time="6.999"/>
  <testcase classname="HRMS.positionTest" name="createPosition" time="6.918"/>
  <testcase classname="HRMS.positionTest" name="createPosition" time="6.932"/>
  <testcase classname="HRMS.positionTest" name="createPosition" time="6.837"/>
  <testcase classname="HRMS.positionTest" name="createPosition" time="6.741"/>
  <testcase classname="HRMS.positionTest" name="createPosition" time="7.067"/>
  <testcase classname="HRMS.positionTest" name="createPosition" time="6.78"/>
  <testcase classname="HRMS.positionTest" name="createPosition" time="6.837"/>
  <testcase classname="HRMS.positionTest" name="createPosition" time="6.837"/>
  <testcase classname="HRMS.positionTest" name="createPosition" time="6.882"/>
  <testcase classname="HRMS.positionTest" name="createPosition" time="6.704"/>
  <testcase classname="HRMS.positionTest" name="createPosition" time="22.233">
    <failure type="org.openqa.selenium.TimeoutException" message="Expected condition failed: waiting for visibility of Proxy element for: DefaultElementLocator &amp;apos;By.cssSelector: .MuiAlert-message&amp;apos; (tried for 10 second(s) with 500 milliseconds interval)">
      <![CDATA[org.openqa.selenium.TimeoutException: Expected condition failed: waiting for visibility of Proxy element for: DefaultElementLocator 'By.cssSelector: .MuiAlert-message' (tried for 10 second(s) with 500 milliseconds interval)
at org.openqa.selenium.support.ui.WebDriverWait.timeoutException(WebDriverWait.java:84)
at org.openqa.selenium.support.ui.FluentWait.until(FluentWait.java:230)
at A1A.Functions.waitForElementToAppear(Functions.java:34)
at HRMS.ListModulePage.getAlertMsg(ListModulePage.java:73)
at HRMS.positionTest.createPosition(positionTest.java:26)
at java.base/java.util.ArrayList.forEach(ArrayList.java:1511)
Caused by: org.openqa.selenium.NoSuchElementException: no such element: Unable to locate element: {"method":"css selector","selector":".MuiAlert-message"}
  (Session info: chrome=123.0.6312.106)
For documentation on this error, please visit: https://www.selenium.dev/documentation/webdriver/troubleshooting/errors#no-such-element-exception
Build info: version: '4.13.0', revision: 'ba948ece5b*'
System info: os.name: 'Windows 11', os.arch: 'amd64', os.version: '10.0', java.version: '17.0.9'
Driver info: org.openqa.selenium.chrome.ChromeDriver
Command: [040506cd1f1da92eb5f2a54fe8581f36, findElement {using=css selector, value=.MuiAlert-message}]
Capabilities {acceptInsecureCerts: false, browserName: chrome, browserVersion: 123.0.6312.106, chrome: {chromedriverVersion: 123.0.6312.105 (399174dbe6e..., userDataDir: C:\Users\ITTEST\AppData\Loc...}, fedcm:accounts: true, goog:chromeOptions: {debuggerAddress: localhost:49826}, networkConnectionEnabled: false, pageLoadStrategy: normal, platformName: windows, proxy: Proxy(), se:cdp: ws://localhost:49826/devtoo..., se:cdpVersion: 123.0.6312.106, setWindowRect: true, strictFileInteractability: false, timeouts: {implicit: 0, pageLoad: 300000, script: 30000}, unhandledPromptBehavior: dismiss and notify, webauthn:extension:credBlob: true, webauthn:extension:largeBlob: true, webauthn:extension:minPinLength: true, webauthn:extension:prf: true, webauthn:virtualAuthenticators: true}
Session ID: 040506cd1f1da92eb5f2a54fe8581f36
at org.openqa.selenium.remote.codec.w3c.W3CHttpResponseCodec.createException(W3CHttpResponseCodec.java:200)
at org.openqa.selenium.remote.codec.w3c.W3CHttpResponseCodec.decode(W3CHttpResponseCodec.java:133)
at org.openqa.selenium.remote.codec.w3c.W3CHttpResponseCodec.decode(W3CHttpResponseCodec.java:52)
at org.openqa.selenium.remote.HttpCommandExecutor.execute(HttpCommandExecutor.java:191)
at org.openqa.selenium.remote.service.DriverCommandExecutor.invokeExecute(DriverCommandExecutor.java:196)
at org.openqa.selenium.remote.service.DriverCommandExecutor.execute(DriverCommandExecutor.java:171)
at org.openqa.selenium.remote.RemoteWebDriver.execute(RemoteWebDriver.java:602)
at org.openqa.selenium.remote.ElementLocation$ElementFinder$2.findElement(ElementLocation.java:165)
at org.openqa.selenium.remote.ElementLocation.findElement(ElementLocation.java:59)
at org.openqa.selenium.remote.RemoteWebDriver.findElement(RemoteWebDriver.java:359)
at org.openqa.selenium.remote.RemoteWebDriver.findElement(RemoteWebDriver.java:353)
at org.openqa.selenium.support.pagefactory.DefaultElementLocator.findElement(DefaultElementLocator.java:68)
at org.openqa.selenium.support.pagefactory.internal.LocatingElementHandler.invoke(LocatingElementHandler.java:38)
at jdk.proxy2/jdk.proxy2.$Proxy19.isDisplayed(Unknown Source)
at org.openqa.selenium.support.ui.ExpectedConditions.elementIfVisible(ExpectedConditions.java:304)
at org.openqa.selenium.support.ui.ExpectedConditions.access$000(ExpectedConditions.java:37)
at org.openqa.selenium.support.ui.ExpectedConditions$10.apply(ExpectedConditions.java:290)
at org.openqa.selenium.support.ui.ExpectedConditions$10.apply(ExpectedConditions.java:287)
at org.openqa.selenium.support.ui.FluentWait.until(FluentWait.java:205)
... 30 more
... Removed 30 stack frames]]>
    </failure>
  </testcase> <!-- createPosition -->
  <testcase classname="HRMS.positionTest" name="createPosition" time="6.89"/>
</testsuite> <!-- List Module Test -->
