<?xml version="1.0" encoding="UTF-8"?>
<!-- Generated by org.testng.reporters.JUnitXMLReporter -->
<testsuite ignored="0" hostname="IT-TESTER" failures="1" tests="35" name="SearchFunctionTest" time="919.348" errors="0" timestamp="2023-11-10T13:34:40 ICT">
  <testcase classname="Ticketing.SearchFunctionsTest" name="SearchFunctionsTestCheckStatusAccept" time="6.979"/>
  <testcase classname="Ticketing.SearchFunctionsTest" name="SearchFunctionsTestCheckStatusFinish" time="6.226"/>
  <testcase classname="Ticketing.SearchFunctionsTest" name="SearchFunctionsTestCheckStatusFinishAndAccept" time="12.314"/>
  <testcase classname="Ticketing.SearchFunctionsTest" name="SearchFunctionsTestCheckStatusPending" time="2.489"/>
  <testcase classname="Ticketing.SearchFunctionsTest" name="SearchFunctionsTestCheckStatusPendingAndAccept" time="8.395"/>
  <testcase classname="Ticketing.SearchFunctionsTest" name="SearchFunctionsTestCheckStatusPendingAndFinish" time="7.761"/>
  <testcase classname="Ticketing.SearchFunctionsTest" name="SearchFunctionsTestCheckStatusRejectAndAccept" time="20.601"/>
  <testcase classname="Ticketing.SearchFunctionsTest" name="SearchFunctionsTestCheckStatusRejectAndFinish" time="19.899"/>
  <testcase classname="Ticketing.SearchFunctionsTest" name="SearchFunctionsTestCheckStatusRejectAndFinishAndAccept" time="26.211"/>
  <testcase classname="Ticketing.SearchFunctionsTest" name="SearchFunctionsTestCheckStatusRejectAndPending" time="15.815"/>
  <testcase classname="Ticketing.SearchFunctionsTest" name="SearchFunctionsTestCheckStatusRejectAndPendingAndAccept" time="21.64"/>
  <testcase classname="Ticketing.SearchFunctionsTest" name="SearchFunctionsTestCheckStatusRejectAndPendingAndFinish" time="21.382"/>
  <testcase classname="Ticketing.SearchFunctionsTest" name="SearchFunctionsTestCheckStatusRejectAndPendingAndFinishAndAccept" time="27.477"/>
  <testcase classname="Ticketing.SearchFunctionsTest" name="SearchFunctionsTestCheckStatusWaiting" time="8.687"/>
  <testcase classname="Ticketing.SearchFunctionsTest" name="SearchFunctionsTestCheckStatusWaitingAndAccept" time="15.563"/>
  <testcase classname="Ticketing.SearchFunctionsTest" name="SearchFunctionsTestCheckStatusWaitingAndFinish" time="15.24"/>
  <testcase classname="Ticketing.SearchFunctionsTest" name="SearchFunctionsTestCheckStatusWaitingAndFinishAndAccept" time="21.109"/>
  <testcase classname="Ticketing.SearchFunctionsTest" name="SearchFunctionsTestCheckStatusWaitingAndPending" time="11.113"/>
  <testcase classname="Ticketing.SearchFunctionsTest" name="SearchFunctionsTestCheckStatusWaitingAndPendingAndAccept" time="17.058"/>
  <testcase classname="Ticketing.SearchFunctionsTest" name="SearchFunctionsTestCheckStatusWaitingAndPendingAndFinish" time="16.688"/>
  <testcase classname="Ticketing.SearchFunctionsTest" name="SearchFunctionsTestCheckStatusWaitingAndReject" time="22.36"/>
  <testcase classname="Ticketing.SearchFunctionsTest" name="SearchFunctionsTestCheckStatusWaitingAndRejectAndAccept" time="29.327"/>
  <testcase classname="Ticketing.SearchFunctionsTest" name="SearchFunctionsTestCheckStatusWaitingAndRejectAndFinish" time="29.052"/>
  <testcase classname="Ticketing.SearchFunctionsTest" name="SearchFunctionsTestCheckStatusWaitingAndRejectAndFinishAndAccept" time="34.718"/>
  <testcase classname="Ticketing.SearchFunctionsTest" name="SearchFunctionsTestCheckStatusWaitingAndRejectAndPending" time="24.767"/>
  <testcase classname="Ticketing.SearchFunctionsTest" name="SearchFunctionsTestCheckStatusWaitingAndRejectAndPendingAndAccept" time="30.766"/>
  <testcase classname="Ticketing.SearchFunctionsTest" name="SearchFunctionsTestCheckStatusWaitingAndRejectAndPendingAndFinish" time="30.183"/>
  <testcase classname="Ticketing.SearchFunctionsTest" name="SearchFunctionsTestCheckStatusWaitingAndRejectAndPendingAndFinishAndAccept" time="36.161"/>
  <testcase classname="Ticketing.SearchFunctionsTest" name="SearchFuntionTestCheckAfterInputCreaterName" time="25.972">
    <skipped/>
  </testcase> <!-- SearchFuntionTestCheckAfterInputCreaterName -->
  <testcase classname="Ticketing.SearchFunctionsTest" name="SearchFuntionTestCheckAfterInputCreaterName" time="26.01">
    <skipped/>
  </testcase> <!-- SearchFuntionTestCheckAfterInputCreaterName -->
  <testcase classname="Ticketing.SearchFunctionsTest" name="SearchFuntionTestCheckAfterInputCreaterName" time="25.979">
    <skipped/>
  </testcase> <!-- SearchFuntionTestCheckAfterInputCreaterName -->
  <testcase classname="Ticketing.SearchFunctionsTest" name="SearchFuntionTestCheckAfterInputCreaterName" time="26.006">
    <failure type="java.lang.AssertionError" message="expected:&amp;lt;1&amp;gt; but was:&amp;lt;0&amp;gt;">
      <![CDATA[java.lang.AssertionError: expected:<1> but was:<0>
at org.junit.Assert.fail(Assert.java:88)
at org.junit.Assert.failNotEquals(Assert.java:743)
at org.junit.Assert.assertEquals(Assert.java:118)
at org.junit.Assert.assertEquals(Assert.java:555)
at org.junit.Assert.assertEquals(Assert.java:542)
at Ticketing.SearchFunctionsTest.SearchFuntionTestCheckAfterInputCreaterName(SearchFunctionsTest.java:287)
at java.base/java.util.ArrayList.forEach(ArrayList.java:1511)
at java.base/java.util.concurrent.FutureTask.run(FutureTask.java:264)
at java.base/java.util.concurrent.ThreadPoolExecutor.runWorker(ThreadPoolExecutor.java:1136)
at java.base/java.util.concurrent.ThreadPoolExecutor$Worker.run(ThreadPoolExecutor.java:635)
at java.base/java.lang.Thread.run(Thread.java:833)
... Removed 17 stack frames]]>
    </failure>
  </testcase> <!-- SearchFuntionTestCheckAfterInputCreaterName -->
  <testcase classname="Ticketing.SearchFunctionsTest" name="SearchFuntionTestCheckAfterInputTitle" time="23.147">
    <skipped/>
  </testcase> <!-- SearchFuntionTestCheckAfterInputTitle -->
  <testcase classname="Ticketing.SearchFunctionsTest" name="SearchFuntionTestCheckAfterInputTitle" time="23.094">
    <skipped/>
  </testcase> <!-- SearchFuntionTestCheckAfterInputTitle -->
  <testcase classname="Ticketing.SearchFunctionsTest" name="SearchFuntionTestCheckAfterInputTitle" time="23.123"/>
</testsuite> <!-- SearchFunctionTest -->
