<html>
<head>
<title>TestNG:  SearchFunctionTest</title>
<link href="../testng.css" rel="stylesheet" type="text/css" />
<link href="../my-testng.css" rel="stylesheet" type="text/css" />

<style type="text/css">
.log { display: none;} 
.stack-trace { display: none;} 
</style>
<script type="text/javascript">
<!--
function flip(e) {
  current = e.style.display;
  if (current == 'block') {
    e.style.display = 'none';
    return 0;
  }
  else {
    e.style.display = 'block';
    return 1;
  }
}

function toggleBox(szDivId, elem, msg1, msg2)
{
  var res = -1;  if (document.getElementById) {
    res = flip(document.getElementById(szDivId));
  }
  else if (document.all) {
    // this is the way old msie versions work
    res = flip(document.all[szDivId]);
  }
  if(elem) {
    if(res == 0) elem.innerHTML = msg1; else elem.innerHTML = msg2;
  }

}

function toggleAllBoxes() {
  if (document.getElementsByTagName) {
    d = document.getElementsByTagName('div');
    for (i = 0; i < d.length; i++) {
      if (d[i].className == 'log') {
        flip(d[i]);
      }
    }
  }
}

// -->
</script>

</head>
<body>
<h2 align='center'>SearchFunctionTest</h2><table border='1' align="center">
<tr>
<td>Tests passed/Failed/Skipped:</td><td>29/1/5</td>
</tr><tr>
<td>Started on:</td><td>Fri Nov 10 13:19:21 ICT 2023</td>
</tr>
<tr><td>Total time:</td><td>919 seconds (919348 ms)</td>
</tr><tr>
<td>Included groups:</td><td></td>
</tr><tr>
<td>Excluded groups:</td><td></td>
</tr>
</table><p/>
<small><i>(Hover the method name to see the test class name)</i></small><p/>
<table width='100%' border='1' class='invocation-failed'>
<tr><td colspan='4' align='center'><b>FAILED TESTS</b></td></tr>
<tr><td><b>Test method</b></td>
<td><b>Attribute(s)</b></td>
<td width="30%"><b>Exception</b></td>
<td width="10%"><b>Time (seconds)</b></td>
<td><b>Instance</b></td>
</tr>
<tr>
<td title='Ticketing.SearchFunctionsTest.SearchFuntionTestCheckAfterInputCreaterName()'><b>SearchFuntionTestCheckAfterInputCreaterName</b><br>Test class: Ticketing.SearchFunctionsTest</td>
<td><div><pre>java.lang.AssertionError: expected:&lt;1&gt; but was:&lt;0&gt;
	at org.junit.Assert.fail(Assert.java:88)
	at org.junit.Assert.failNotEquals(Assert.java:743)
	at org.junit.Assert.assertEquals(Assert.java:118)
	at org.junit.Assert.assertEquals(Assert.java:555)
	at org.junit.Assert.assertEquals(Assert.java:542)
	at Ticketing.SearchFunctionsTest.SearchFuntionTestCheckAfterInputCreaterName(SearchFunctionsTest.java:287)
	at java.base/java.util.ArrayList.forEach(ArrayList.java:1511)
	at java.base/java.util.concurrent.FutureTask.run(FutureTask.java:264)
	at java.base/java.util.concurrent.ThreadPoolExecutor.runWorker(ThreadPoolExecutor.java:1136)
	at java.base/java.util.concurrent.ThreadPoolExecutor$Worker.run(ThreadPoolExecutor.java:635)
	at java.base/java.lang.Thread.run(Thread.java:833)
... Removed 17 stack frames</pre></div><a href='#' onClick='toggleBox("stack-trace1814100087", this, "Click to show all stack frames", "Click to hide stack frames")'>Click to show all stack frames</a>
<div class='stack-trace' id='stack-trace1814100087'><pre>java.lang.AssertionError: expected:&lt;1&gt; but was:&lt;0&gt;
	at org.junit.Assert.fail(Assert.java:88)
	at org.junit.Assert.failNotEquals(Assert.java:743)
	at org.junit.Assert.assertEquals(Assert.java:118)
	at org.junit.Assert.assertEquals(Assert.java:555)
	at org.junit.Assert.assertEquals(Assert.java:542)
	at Ticketing.SearchFunctionsTest.SearchFuntionTestCheckAfterInputCreaterName(SearchFunctionsTest.java:287)
	at java.base/jdk.internal.reflect.NativeMethodAccessorImpl.invoke0(Native Method)
	at java.base/jdk.internal.reflect.NativeMethodAccessorImpl.invoke(NativeMethodAccessorImpl.java:77)
	at java.base/jdk.internal.reflect.DelegatingMethodAccessorImpl.invoke(DelegatingMethodAccessorImpl.java:43)
	at java.base/java.lang.reflect.Method.invoke(Method.java:568)
	at org.testng.internal.invokers.MethodInvocationHelper.invokeMethod(MethodInvocationHelper.java:139)
	at org.testng.internal.invokers.TestInvoker.invokeMethod(TestInvoker.java:677)
	at org.testng.internal.invokers.TestInvoker.retryFailed(TestInvoker.java:263)
	at org.testng.internal.invokers.MethodRunner.runInSequence(MethodRunner.java:62)
	at org.testng.internal.invokers.TestInvoker$MethodInvocationAgent.invoke(TestInvoker.java:969)
	at org.testng.internal.invokers.TestInvoker.invokeTestMethods(TestInvoker.java:194)
	at org.testng.internal.invokers.TestMethodWorker.invokeTestMethods(TestMethodWorker.java:148)
	at org.testng.internal.invokers.TestMethodWorker.run(TestMethodWorker.java:128)
	at java.base/java.util.ArrayList.forEach(ArrayList.java:1511)
	at org.testng.TestRunner.privateRun(TestRunner.java:829)
	at org.testng.TestRunner.run(TestRunner.java:602)
	at org.testng.SuiteRunner.runTest(SuiteRunner.java:437)
	at org.testng.SuiteRunner$SuiteWorker.run(SuiteRunner.java:475)
	at org.testng.internal.thread.ThreadUtil.lambda$execute$0(ThreadUtil.java:58)
	at java.base/java.util.concurrent.FutureTask.run(FutureTask.java:264)
	at java.base/java.util.concurrent.ThreadPoolExecutor.runWorker(ThreadPoolExecutor.java:1136)
	at java.base/java.util.concurrent.ThreadPoolExecutor$Worker.run(ThreadPoolExecutor.java:635)
	at java.base/java.lang.Thread.run(Thread.java:833)
</pre></div></td>
<td>26</td>
<td>Ticketing.SearchFunctionsTest@4eb386df</td></tr>
</table><p>
<table width='100%' border='1' class='invocation-passed'>
<tr><td colspan='4' align='center'><b>PASSED TESTS</b></td></tr>
<tr><td><b>Test method</b></td>
<td><b>Attribute(s)</b></td>
<td width="30%"><b>Exception</b></td>
<td width="10%"><b>Time (seconds)</b></td>
<td><b>Instance</b></td>
</tr>
<tr>
<td title='Ticketing.SearchFunctionsTest.SearchFunctionsTestCheckStatusRejectAndPendingAndFinishAndAccept()'><b>SearchFunctionsTestCheckStatusRejectAndPendingAndFinishAndAccept</b><br>Test class: Ticketing.SearchFunctionsTest</td>
<td></td>
<td>27</td>
<td>Ticketing.SearchFunctionsTest@4eb386df</td></tr>
<tr>
<td title='Ticketing.SearchFunctionsTest.SearchFunctionsTestCheckStatusWaitingAndReject()'><b>SearchFunctionsTestCheckStatusWaitingAndReject</b><br>Test class: Ticketing.SearchFunctionsTest</td>
<td></td>
<td>22</td>
<td>Ticketing.SearchFunctionsTest@4eb386df</td></tr>
<tr>
<td title='Ticketing.SearchFunctionsTest.SearchFunctionsTestCheckStatusWaitingAndRejectAndPending()'><b>SearchFunctionsTestCheckStatusWaitingAndRejectAndPending</b><br>Test class: Ticketing.SearchFunctionsTest</td>
<td></td>
<td>24</td>
<td>Ticketing.SearchFunctionsTest@4eb386df</td></tr>
<tr>
<td title='Ticketing.SearchFunctionsTest.SearchFunctionsTestCheckStatusPendingAndAccept()'><b>SearchFunctionsTestCheckStatusPendingAndAccept</b><br>Test class: Ticketing.SearchFunctionsTest</td>
<td></td>
<td>8</td>
<td>Ticketing.SearchFunctionsTest@4eb386df</td></tr>
<tr>
<td title='Ticketing.SearchFunctionsTest.SearchFunctionsTestCheckStatusWaitingAndFinishAndAccept()'><b>SearchFunctionsTestCheckStatusWaitingAndFinishAndAccept</b><br>Test class: Ticketing.SearchFunctionsTest</td>
<td></td>
<td>21</td>
<td>Ticketing.SearchFunctionsTest@4eb386df</td></tr>
<tr>
<td title='Ticketing.SearchFunctionsTest.SearchFuntionTestCheckAfterInputTitle()'><b>SearchFuntionTestCheckAfterInputTitle</b><br>Test class: Ticketing.SearchFunctionsTest</td>
<td></td>
<td>23</td>
<td>Ticketing.SearchFunctionsTest@4eb386df</td></tr>
<tr>
<td title='Ticketing.SearchFunctionsTest.SearchFunctionsTestCheckStatusWaitingAndRejectAndPendingAndAccept()'><b>SearchFunctionsTestCheckStatusWaitingAndRejectAndPendingAndAccept</b><br>Test class: Ticketing.SearchFunctionsTest</td>
<td></td>
<td>30</td>
<td>Ticketing.SearchFunctionsTest@4eb386df</td></tr>
<tr>
<td title='Ticketing.SearchFunctionsTest.SearchFunctionsTestCheckStatusRejectAndPendingAndFinish()'><b>SearchFunctionsTestCheckStatusRejectAndPendingAndFinish</b><br>Test class: Ticketing.SearchFunctionsTest</td>
<td></td>
<td>21</td>
<td>Ticketing.SearchFunctionsTest@4eb386df</td></tr>
<tr>
<td title='Ticketing.SearchFunctionsTest.SearchFunctionsTestCheckStatusWaitingAndPendingAndFinish()'><b>SearchFunctionsTestCheckStatusWaitingAndPendingAndFinish</b><br>Test class: Ticketing.SearchFunctionsTest</td>
<td></td>
<td>16</td>
<td>Ticketing.SearchFunctionsTest@4eb386df</td></tr>
<tr>
<td title='Ticketing.SearchFunctionsTest.SearchFunctionsTestCheckStatusWaitingAndFinish()'><b>SearchFunctionsTestCheckStatusWaitingAndFinish</b><br>Test class: Ticketing.SearchFunctionsTest</td>
<td></td>
<td>15</td>
<td>Ticketing.SearchFunctionsTest@4eb386df</td></tr>
<tr>
<td title='Ticketing.SearchFunctionsTest.SearchFunctionsTestCheckStatusRejectAndFinishAndAccept()'><b>SearchFunctionsTestCheckStatusRejectAndFinishAndAccept</b><br>Test class: Ticketing.SearchFunctionsTest</td>
<td></td>
<td>26</td>
<td>Ticketing.SearchFunctionsTest@4eb386df</td></tr>
<tr>
<td title='Ticketing.SearchFunctionsTest.SearchFunctionsTestCheckStatusWaitingAndRejectAndPendingAndFinish()'><b>SearchFunctionsTestCheckStatusWaitingAndRejectAndPendingAndFinish</b><br>Test class: Ticketing.SearchFunctionsTest</td>
<td></td>
<td>30</td>
<td>Ticketing.SearchFunctionsTest@4eb386df</td></tr>
<tr>
<td title='Ticketing.SearchFunctionsTest.SearchFunctionsTestCheckStatusRejectAndAccept()'><b>SearchFunctionsTestCheckStatusRejectAndAccept</b><br>Test class: Ticketing.SearchFunctionsTest</td>
<td></td>
<td>20</td>
<td>Ticketing.SearchFunctionsTest@4eb386df</td></tr>
<tr>
<td title='Ticketing.SearchFunctionsTest.SearchFunctionsTestCheckStatusWaitingAndRejectAndPendingAndFinishAndAccept()'><b>SearchFunctionsTestCheckStatusWaitingAndRejectAndPendingAndFinishAndAccept</b><br>Test class: Ticketing.SearchFunctionsTest</td>
<td></td>
<td>36</td>
<td>Ticketing.SearchFunctionsTest@4eb386df</td></tr>
<tr>
<td title='Ticketing.SearchFunctionsTest.SearchFunctionsTestCheckStatusWaitingAndRejectAndFinishAndAccept()'><b>SearchFunctionsTestCheckStatusWaitingAndRejectAndFinishAndAccept</b><br>Test class: Ticketing.SearchFunctionsTest</td>
<td></td>
<td>34</td>
<td>Ticketing.SearchFunctionsTest@4eb386df</td></tr>
<tr>
<td title='Ticketing.SearchFunctionsTest.SearchFunctionsTestCheckStatusWaitingAndPendingAndAccept()'><b>SearchFunctionsTestCheckStatusWaitingAndPendingAndAccept</b><br>Test class: Ticketing.SearchFunctionsTest</td>
<td></td>
<td>17</td>
<td>Ticketing.SearchFunctionsTest@4eb386df</td></tr>
<tr>
<td title='Ticketing.SearchFunctionsTest.SearchFunctionsTestCheckStatusWaitingAndAccept()'><b>SearchFunctionsTestCheckStatusWaitingAndAccept</b><br>Test class: Ticketing.SearchFunctionsTest</td>
<td></td>
<td>15</td>
<td>Ticketing.SearchFunctionsTest@4eb386df</td></tr>
<tr>
<td title='Ticketing.SearchFunctionsTest.SearchFunctionsTestCheckStatusWaitingAndRejectAndAccept()'><b>SearchFunctionsTestCheckStatusWaitingAndRejectAndAccept</b><br>Test class: Ticketing.SearchFunctionsTest</td>
<td></td>
<td>29</td>
<td>Ticketing.SearchFunctionsTest@4eb386df</td></tr>
<tr>
<td title='Ticketing.SearchFunctionsTest.SearchFunctionsTestCheckStatusWaiting()'><b>SearchFunctionsTestCheckStatusWaiting</b><br>Test class: Ticketing.SearchFunctionsTest</td>
<td></td>
<td>8</td>
<td>Ticketing.SearchFunctionsTest@4eb386df</td></tr>
<tr>
<td title='Ticketing.SearchFunctionsTest.SearchFunctionsTestCheckStatusPending()'><b>SearchFunctionsTestCheckStatusPending</b><br>Test class: Ticketing.SearchFunctionsTest</td>
<td></td>
<td>2</td>
<td>Ticketing.SearchFunctionsTest@4eb386df</td></tr>
<tr>
<td title='Ticketing.SearchFunctionsTest.SearchFunctionsTestCheckStatusRejectAndPendingAndAccept()'><b>SearchFunctionsTestCheckStatusRejectAndPendingAndAccept</b><br>Test class: Ticketing.SearchFunctionsTest</td>
<td></td>
<td>21</td>
<td>Ticketing.SearchFunctionsTest@4eb386df</td></tr>
<tr>
<td title='Ticketing.SearchFunctionsTest.SearchFunctionsTestCheckStatusWaitingAndRejectAndFinish()'><b>SearchFunctionsTestCheckStatusWaitingAndRejectAndFinish</b><br>Test class: Ticketing.SearchFunctionsTest</td>
<td></td>
<td>29</td>
<td>Ticketing.SearchFunctionsTest@4eb386df</td></tr>
<tr>
<td title='Ticketing.SearchFunctionsTest.SearchFunctionsTestCheckStatusRejectAndFinish()'><b>SearchFunctionsTestCheckStatusRejectAndFinish</b><br>Test class: Ticketing.SearchFunctionsTest</td>
<td></td>
<td>19</td>
<td>Ticketing.SearchFunctionsTest@4eb386df</td></tr>
<tr>
<td title='Ticketing.SearchFunctionsTest.SearchFunctionsTestCheckStatusWaitingAndPending()'><b>SearchFunctionsTestCheckStatusWaitingAndPending</b><br>Test class: Ticketing.SearchFunctionsTest</td>
<td></td>
<td>11</td>
<td>Ticketing.SearchFunctionsTest@4eb386df</td></tr>
<tr>
<td title='Ticketing.SearchFunctionsTest.SearchFunctionsTestCheckStatusPendingAndFinish()'><b>SearchFunctionsTestCheckStatusPendingAndFinish</b><br>Test class: Ticketing.SearchFunctionsTest</td>
<td></td>
<td>7</td>
<td>Ticketing.SearchFunctionsTest@4eb386df</td></tr>
<tr>
<td title='Ticketing.SearchFunctionsTest.SearchFunctionsTestCheckStatusAccept()'><b>SearchFunctionsTestCheckStatusAccept</b><br>Test class: Ticketing.SearchFunctionsTest</td>
<td></td>
<td>6</td>
<td>Ticketing.SearchFunctionsTest@4eb386df</td></tr>
<tr>
<td title='Ticketing.SearchFunctionsTest.SearchFunctionsTestCheckStatusFinish()'><b>SearchFunctionsTestCheckStatusFinish</b><br>Test class: Ticketing.SearchFunctionsTest</td>
<td></td>
<td>6</td>
<td>Ticketing.SearchFunctionsTest@4eb386df</td></tr>
<tr>
<td title='Ticketing.SearchFunctionsTest.SearchFunctionsTestCheckStatusFinishAndAccept()'><b>SearchFunctionsTestCheckStatusFinishAndAccept</b><br>Test class: Ticketing.SearchFunctionsTest</td>
<td></td>
<td>12</td>
<td>Ticketing.SearchFunctionsTest@4eb386df</td></tr>
<tr>
<td title='Ticketing.SearchFunctionsTest.SearchFunctionsTestCheckStatusRejectAndPending()'><b>SearchFunctionsTestCheckStatusRejectAndPending</b><br>Test class: Ticketing.SearchFunctionsTest</td>
<td></td>
<td>15</td>
<td>Ticketing.SearchFunctionsTest@4eb386df</td></tr>
</table><p>
<table width='100%' border='1' class='invocation-skipped'>
<tr><td colspan='4' align='center'><b>SKIPPED TESTS</b></td></tr>
<tr><td><b>Test method</b></td>
<td><b>Attribute(s)</b></td>
<td width="30%"><b>Exception</b></td>
<td width="10%"><b>Time (seconds)</b></td>
<td><b>Instance</b></td>
</tr>
<tr>
<td title='Ticketing.SearchFunctionsTest.SearchFuntionTestCheckAfterInputTitle()'><b>SearchFuntionTestCheckAfterInputTitle</b><br>Test class: Ticketing.SearchFunctionsTest</td>
<td><div><pre>java.lang.AssertionError: expected:&lt;6&gt; but was:&lt;0&gt;
	at org.junit.Assert.fail(Assert.java:88)
	at org.junit.Assert.failNotEquals(Assert.java:743)
	at org.junit.Assert.assertEquals(Assert.java:118)
	at org.junit.Assert.assertEquals(Assert.java:555)
	at org.junit.Assert.assertEquals(Assert.java:542)
	at Ticketing.SearchFunctionsTest.SearchFuntionTestCheckAfterInputTitle(SearchFunctionsTest.java:279)
	at java.base/java.util.ArrayList.forEach(ArrayList.java:1511)
	at java.base/java.util.concurrent.FutureTask.run(FutureTask.java:264)
	at java.base/java.util.concurrent.ThreadPoolExecutor.runWorker(ThreadPoolExecutor.java:1136)
	at java.base/java.util.concurrent.ThreadPoolExecutor$Worker.run(ThreadPoolExecutor.java:635)
	at java.base/java.lang.Thread.run(Thread.java:833)
... Removed 17 stack frames</pre></div><a href='#' onClick='toggleBox("stack-trace1235820922", this, "Click to show all stack frames", "Click to hide stack frames")'>Click to show all stack frames</a>
<div class='stack-trace' id='stack-trace1235820922'><pre>java.lang.AssertionError: expected:&lt;6&gt; but was:&lt;0&gt;
	at org.junit.Assert.fail(Assert.java:88)
	at org.junit.Assert.failNotEquals(Assert.java:743)
	at org.junit.Assert.assertEquals(Assert.java:118)
	at org.junit.Assert.assertEquals(Assert.java:555)
	at org.junit.Assert.assertEquals(Assert.java:542)
	at Ticketing.SearchFunctionsTest.SearchFuntionTestCheckAfterInputTitle(SearchFunctionsTest.java:279)
	at java.base/jdk.internal.reflect.NativeMethodAccessorImpl.invoke0(Native Method)
	at java.base/jdk.internal.reflect.NativeMethodAccessorImpl.invoke(NativeMethodAccessorImpl.java:77)
	at java.base/jdk.internal.reflect.DelegatingMethodAccessorImpl.invoke(DelegatingMethodAccessorImpl.java:43)
	at java.base/java.lang.reflect.Method.invoke(Method.java:568)
	at org.testng.internal.invokers.MethodInvocationHelper.invokeMethod(MethodInvocationHelper.java:139)
	at org.testng.internal.invokers.TestInvoker.invokeMethod(TestInvoker.java:677)
	at org.testng.internal.invokers.TestInvoker.retryFailed(TestInvoker.java:263)
	at org.testng.internal.invokers.MethodRunner.runInSequence(MethodRunner.java:62)
	at org.testng.internal.invokers.TestInvoker$MethodInvocationAgent.invoke(TestInvoker.java:969)
	at org.testng.internal.invokers.TestInvoker.invokeTestMethods(TestInvoker.java:194)
	at org.testng.internal.invokers.TestMethodWorker.invokeTestMethods(TestMethodWorker.java:148)
	at org.testng.internal.invokers.TestMethodWorker.run(TestMethodWorker.java:128)
	at java.base/java.util.ArrayList.forEach(ArrayList.java:1511)
	at org.testng.TestRunner.privateRun(TestRunner.java:829)
	at org.testng.TestRunner.run(TestRunner.java:602)
	at org.testng.SuiteRunner.runTest(SuiteRunner.java:437)
	at org.testng.SuiteRunner$SuiteWorker.run(SuiteRunner.java:475)
	at org.testng.internal.thread.ThreadUtil.lambda$execute$0(ThreadUtil.java:58)
	at java.base/java.util.concurrent.FutureTask.run(FutureTask.java:264)
	at java.base/java.util.concurrent.ThreadPoolExecutor.runWorker(ThreadPoolExecutor.java:1136)
	at java.base/java.util.concurrent.ThreadPoolExecutor$Worker.run(ThreadPoolExecutor.java:635)
	at java.base/java.lang.Thread.run(Thread.java:833)
</pre></div></td>
<td>23</td>
<td>Ticketing.SearchFunctionsTest@4eb386df</td></tr>
<tr>
<td title='Ticketing.SearchFunctionsTest.SearchFuntionTestCheckAfterInputTitle()'><b>SearchFuntionTestCheckAfterInputTitle</b><br>Test class: Ticketing.SearchFunctionsTest</td>
<td><div><pre>java.lang.AssertionError: expected:&lt;4&gt; but was:&lt;0&gt;
	at org.junit.Assert.fail(Assert.java:88)
	at org.junit.Assert.failNotEquals(Assert.java:743)
	at org.junit.Assert.assertEquals(Assert.java:118)
	at org.junit.Assert.assertEquals(Assert.java:555)
	at org.junit.Assert.assertEquals(Assert.java:542)
	at Ticketing.SearchFunctionsTest.SearchFuntionTestCheckAfterInputTitle(SearchFunctionsTest.java:279)
	at java.base/java.util.ArrayList.forEach(ArrayList.java:1511)
	at java.base/java.util.concurrent.FutureTask.run(FutureTask.java:264)
	at java.base/java.util.concurrent.ThreadPoolExecutor.runWorker(ThreadPoolExecutor.java:1136)
	at java.base/java.util.concurrent.ThreadPoolExecutor$Worker.run(ThreadPoolExecutor.java:635)
	at java.base/java.lang.Thread.run(Thread.java:833)
... Removed 17 stack frames</pre></div><a href='#' onClick='toggleBox("stack-trace212165633", this, "Click to show all stack frames", "Click to hide stack frames")'>Click to show all stack frames</a>
<div class='stack-trace' id='stack-trace212165633'><pre>java.lang.AssertionError: expected:&lt;4&gt; but was:&lt;0&gt;
	at org.junit.Assert.fail(Assert.java:88)
	at org.junit.Assert.failNotEquals(Assert.java:743)
	at org.junit.Assert.assertEquals(Assert.java:118)
	at org.junit.Assert.assertEquals(Assert.java:555)
	at org.junit.Assert.assertEquals(Assert.java:542)
	at Ticketing.SearchFunctionsTest.SearchFuntionTestCheckAfterInputTitle(SearchFunctionsTest.java:279)
	at java.base/jdk.internal.reflect.NativeMethodAccessorImpl.invoke0(Native Method)
	at java.base/jdk.internal.reflect.NativeMethodAccessorImpl.invoke(NativeMethodAccessorImpl.java:77)
	at java.base/jdk.internal.reflect.DelegatingMethodAccessorImpl.invoke(DelegatingMethodAccessorImpl.java:43)
	at java.base/java.lang.reflect.Method.invoke(Method.java:568)
	at org.testng.internal.invokers.MethodInvocationHelper.invokeMethod(MethodInvocationHelper.java:139)
	at org.testng.internal.invokers.TestInvoker.invokeMethod(TestInvoker.java:677)
	at org.testng.internal.invokers.TestInvoker.invokeTestMethod(TestInvoker.java:221)
	at org.testng.internal.invokers.MethodRunner.runInSequence(MethodRunner.java:50)
	at org.testng.internal.invokers.TestInvoker$MethodInvocationAgent.invoke(TestInvoker.java:969)
	at org.testng.internal.invokers.TestInvoker.invokeTestMethods(TestInvoker.java:194)
	at org.testng.internal.invokers.TestMethodWorker.invokeTestMethods(TestMethodWorker.java:148)
	at org.testng.internal.invokers.TestMethodWorker.run(TestMethodWorker.java:128)
	at java.base/java.util.ArrayList.forEach(ArrayList.java:1511)
	at org.testng.TestRunner.privateRun(TestRunner.java:829)
	at org.testng.TestRunner.run(TestRunner.java:602)
	at org.testng.SuiteRunner.runTest(SuiteRunner.java:437)
	at org.testng.SuiteRunner$SuiteWorker.run(SuiteRunner.java:475)
	at org.testng.internal.thread.ThreadUtil.lambda$execute$0(ThreadUtil.java:58)
	at java.base/java.util.concurrent.FutureTask.run(FutureTask.java:264)
	at java.base/java.util.concurrent.ThreadPoolExecutor.runWorker(ThreadPoolExecutor.java:1136)
	at java.base/java.util.concurrent.ThreadPoolExecutor$Worker.run(ThreadPoolExecutor.java:635)
	at java.base/java.lang.Thread.run(Thread.java:833)
</pre></div></td>
<td>23</td>
<td>Ticketing.SearchFunctionsTest@4eb386df</td></tr>
<tr>
<td title='Ticketing.SearchFunctionsTest.SearchFuntionTestCheckAfterInputCreaterName()'><b>SearchFuntionTestCheckAfterInputCreaterName</b><br>Test class: Ticketing.SearchFunctionsTest</td>
<td><div><pre>java.lang.AssertionError: expected:&lt;1&gt; but was:&lt;0&gt;
	at org.junit.Assert.fail(Assert.java:88)
	at org.junit.Assert.failNotEquals(Assert.java:743)
	at org.junit.Assert.assertEquals(Assert.java:118)
	at org.junit.Assert.assertEquals(Assert.java:555)
	at org.junit.Assert.assertEquals(Assert.java:542)
	at Ticketing.SearchFunctionsTest.SearchFuntionTestCheckAfterInputCreaterName(SearchFunctionsTest.java:287)
	at java.base/java.util.ArrayList.forEach(ArrayList.java:1511)
	at java.base/java.util.concurrent.FutureTask.run(FutureTask.java:264)
	at java.base/java.util.concurrent.ThreadPoolExecutor.runWorker(ThreadPoolExecutor.java:1136)
	at java.base/java.util.concurrent.ThreadPoolExecutor$Worker.run(ThreadPoolExecutor.java:635)
	at java.base/java.lang.Thread.run(Thread.java:833)
... Removed 17 stack frames</pre></div><a href='#' onClick='toggleBox("stack-trace777682209", this, "Click to show all stack frames", "Click to hide stack frames")'>Click to show all stack frames</a>
<div class='stack-trace' id='stack-trace777682209'><pre>java.lang.AssertionError: expected:&lt;1&gt; but was:&lt;0&gt;
	at org.junit.Assert.fail(Assert.java:88)
	at org.junit.Assert.failNotEquals(Assert.java:743)
	at org.junit.Assert.assertEquals(Assert.java:118)
	at org.junit.Assert.assertEquals(Assert.java:555)
	at org.junit.Assert.assertEquals(Assert.java:542)
	at Ticketing.SearchFunctionsTest.SearchFuntionTestCheckAfterInputCreaterName(SearchFunctionsTest.java:287)
	at java.base/jdk.internal.reflect.NativeMethodAccessorImpl.invoke0(Native Method)
	at java.base/jdk.internal.reflect.NativeMethodAccessorImpl.invoke(NativeMethodAccessorImpl.java:77)
	at java.base/jdk.internal.reflect.DelegatingMethodAccessorImpl.invoke(DelegatingMethodAccessorImpl.java:43)
	at java.base/java.lang.reflect.Method.invoke(Method.java:568)
	at org.testng.internal.invokers.MethodInvocationHelper.invokeMethod(MethodInvocationHelper.java:139)
	at org.testng.internal.invokers.TestInvoker.invokeMethod(TestInvoker.java:677)
	at org.testng.internal.invokers.TestInvoker.invokeTestMethod(TestInvoker.java:221)
	at org.testng.internal.invokers.MethodRunner.runInSequence(MethodRunner.java:50)
	at org.testng.internal.invokers.TestInvoker$MethodInvocationAgent.invoke(TestInvoker.java:969)
	at org.testng.internal.invokers.TestInvoker.invokeTestMethods(TestInvoker.java:194)
	at org.testng.internal.invokers.TestMethodWorker.invokeTestMethods(TestMethodWorker.java:148)
	at org.testng.internal.invokers.TestMethodWorker.run(TestMethodWorker.java:128)
	at java.base/java.util.ArrayList.forEach(ArrayList.java:1511)
	at org.testng.TestRunner.privateRun(TestRunner.java:829)
	at org.testng.TestRunner.run(TestRunner.java:602)
	at org.testng.SuiteRunner.runTest(SuiteRunner.java:437)
	at org.testng.SuiteRunner$SuiteWorker.run(SuiteRunner.java:475)
	at org.testng.internal.thread.ThreadUtil.lambda$execute$0(ThreadUtil.java:58)
	at java.base/java.util.concurrent.FutureTask.run(FutureTask.java:264)
	at java.base/java.util.concurrent.ThreadPoolExecutor.runWorker(ThreadPoolExecutor.java:1136)
	at java.base/java.util.concurrent.ThreadPoolExecutor$Worker.run(ThreadPoolExecutor.java:635)
	at java.base/java.lang.Thread.run(Thread.java:833)
</pre></div></td>
<td>25</td>
<td>Ticketing.SearchFunctionsTest@4eb386df</td></tr>
<tr>
<td title='Ticketing.SearchFunctionsTest.SearchFuntionTestCheckAfterInputCreaterName()'><b>SearchFuntionTestCheckAfterInputCreaterName</b><br>Test class: Ticketing.SearchFunctionsTest</td>
<td><div><pre>java.lang.AssertionError: expected:&lt;1&gt; but was:&lt;0&gt;
	at org.junit.Assert.fail(Assert.java:88)
	at org.junit.Assert.failNotEquals(Assert.java:743)
	at org.junit.Assert.assertEquals(Assert.java:118)
	at org.junit.Assert.assertEquals(Assert.java:555)
	at org.junit.Assert.assertEquals(Assert.java:542)
	at Ticketing.SearchFunctionsTest.SearchFuntionTestCheckAfterInputCreaterName(SearchFunctionsTest.java:287)
	at java.base/java.util.ArrayList.forEach(ArrayList.java:1511)
	at java.base/java.util.concurrent.FutureTask.run(FutureTask.java:264)
	at java.base/java.util.concurrent.ThreadPoolExecutor.runWorker(ThreadPoolExecutor.java:1136)
	at java.base/java.util.concurrent.ThreadPoolExecutor$Worker.run(ThreadPoolExecutor.java:635)
	at java.base/java.lang.Thread.run(Thread.java:833)
... Removed 17 stack frames</pre></div><a href='#' onClick='toggleBox("stack-trace694079600", this, "Click to show all stack frames", "Click to hide stack frames")'>Click to show all stack frames</a>
<div class='stack-trace' id='stack-trace694079600'><pre>java.lang.AssertionError: expected:&lt;1&gt; but was:&lt;0&gt;
	at org.junit.Assert.fail(Assert.java:88)
	at org.junit.Assert.failNotEquals(Assert.java:743)
	at org.junit.Assert.assertEquals(Assert.java:118)
	at org.junit.Assert.assertEquals(Assert.java:555)
	at org.junit.Assert.assertEquals(Assert.java:542)
	at Ticketing.SearchFunctionsTest.SearchFuntionTestCheckAfterInputCreaterName(SearchFunctionsTest.java:287)
	at java.base/jdk.internal.reflect.NativeMethodAccessorImpl.invoke0(Native Method)
	at java.base/jdk.internal.reflect.NativeMethodAccessorImpl.invoke(NativeMethodAccessorImpl.java:77)
	at java.base/jdk.internal.reflect.DelegatingMethodAccessorImpl.invoke(DelegatingMethodAccessorImpl.java:43)
	at java.base/java.lang.reflect.Method.invoke(Method.java:568)
	at org.testng.internal.invokers.MethodInvocationHelper.invokeMethod(MethodInvocationHelper.java:139)
	at org.testng.internal.invokers.TestInvoker.invokeMethod(TestInvoker.java:677)
	at org.testng.internal.invokers.TestInvoker.retryFailed(TestInvoker.java:263)
	at org.testng.internal.invokers.MethodRunner.runInSequence(MethodRunner.java:62)
	at org.testng.internal.invokers.TestInvoker$MethodInvocationAgent.invoke(TestInvoker.java:969)
	at org.testng.internal.invokers.TestInvoker.invokeTestMethods(TestInvoker.java:194)
	at org.testng.internal.invokers.TestMethodWorker.invokeTestMethods(TestMethodWorker.java:148)
	at org.testng.internal.invokers.TestMethodWorker.run(TestMethodWorker.java:128)
	at java.base/java.util.ArrayList.forEach(ArrayList.java:1511)
	at org.testng.TestRunner.privateRun(TestRunner.java:829)
	at org.testng.TestRunner.run(TestRunner.java:602)
	at org.testng.SuiteRunner.runTest(SuiteRunner.java:437)
	at org.testng.SuiteRunner$SuiteWorker.run(SuiteRunner.java:475)
	at org.testng.internal.thread.ThreadUtil.lambda$execute$0(ThreadUtil.java:58)
	at java.base/java.util.concurrent.FutureTask.run(FutureTask.java:264)
	at java.base/java.util.concurrent.ThreadPoolExecutor.runWorker(ThreadPoolExecutor.java:1136)
	at java.base/java.util.concurrent.ThreadPoolExecutor$Worker.run(ThreadPoolExecutor.java:635)
	at java.base/java.lang.Thread.run(Thread.java:833)
</pre></div></td>
<td>26</td>
<td>Ticketing.SearchFunctionsTest@4eb386df</td></tr>
<tr>
<td title='Ticketing.SearchFunctionsTest.SearchFuntionTestCheckAfterInputCreaterName()'><b>SearchFuntionTestCheckAfterInputCreaterName</b><br>Test class: Ticketing.SearchFunctionsTest</td>
<td><div><pre>java.lang.AssertionError: expected:&lt;1&gt; but was:&lt;0&gt;
	at org.junit.Assert.fail(Assert.java:88)
	at org.junit.Assert.failNotEquals(Assert.java:743)
	at org.junit.Assert.assertEquals(Assert.java:118)
	at org.junit.Assert.assertEquals(Assert.java:555)
	at org.junit.Assert.assertEquals(Assert.java:542)
	at Ticketing.SearchFunctionsTest.SearchFuntionTestCheckAfterInputCreaterName(SearchFunctionsTest.java:287)
	at java.base/java.util.ArrayList.forEach(ArrayList.java:1511)
	at java.base/java.util.concurrent.FutureTask.run(FutureTask.java:264)
	at java.base/java.util.concurrent.ThreadPoolExecutor.runWorker(ThreadPoolExecutor.java:1136)
	at java.base/java.util.concurrent.ThreadPoolExecutor$Worker.run(ThreadPoolExecutor.java:635)
	at java.base/java.lang.Thread.run(Thread.java:833)
... Removed 17 stack frames</pre></div><a href='#' onClick='toggleBox("stack-trace1136902412", this, "Click to show all stack frames", "Click to hide stack frames")'>Click to show all stack frames</a>
<div class='stack-trace' id='stack-trace1136902412'><pre>java.lang.AssertionError: expected:&lt;1&gt; but was:&lt;0&gt;
	at org.junit.Assert.fail(Assert.java:88)
	at org.junit.Assert.failNotEquals(Assert.java:743)
	at org.junit.Assert.assertEquals(Assert.java:118)
	at org.junit.Assert.assertEquals(Assert.java:555)
	at org.junit.Assert.assertEquals(Assert.java:542)
	at Ticketing.SearchFunctionsTest.SearchFuntionTestCheckAfterInputCreaterName(SearchFunctionsTest.java:287)
	at java.base/jdk.internal.reflect.NativeMethodAccessorImpl.invoke0(Native Method)
	at java.base/jdk.internal.reflect.NativeMethodAccessorImpl.invoke(NativeMethodAccessorImpl.java:77)
	at java.base/jdk.internal.reflect.DelegatingMethodAccessorImpl.invoke(DelegatingMethodAccessorImpl.java:43)
	at java.base/java.lang.reflect.Method.invoke(Method.java:568)
	at org.testng.internal.invokers.MethodInvocationHelper.invokeMethod(MethodInvocationHelper.java:139)
	at org.testng.internal.invokers.TestInvoker.invokeMethod(TestInvoker.java:677)
	at org.testng.internal.invokers.TestInvoker.retryFailed(TestInvoker.java:263)
	at org.testng.internal.invokers.MethodRunner.runInSequence(MethodRunner.java:62)
	at org.testng.internal.invokers.TestInvoker$MethodInvocationAgent.invoke(TestInvoker.java:969)
	at org.testng.internal.invokers.TestInvoker.invokeTestMethods(TestInvoker.java:194)
	at org.testng.internal.invokers.TestMethodWorker.invokeTestMethods(TestMethodWorker.java:148)
	at org.testng.internal.invokers.TestMethodWorker.run(TestMethodWorker.java:128)
	at java.base/java.util.ArrayList.forEach(ArrayList.java:1511)
	at org.testng.TestRunner.privateRun(TestRunner.java:829)
	at org.testng.TestRunner.run(TestRunner.java:602)
	at org.testng.SuiteRunner.runTest(SuiteRunner.java:437)
	at org.testng.SuiteRunner$SuiteWorker.run(SuiteRunner.java:475)
	at org.testng.internal.thread.ThreadUtil.lambda$execute$0(ThreadUtil.java:58)
	at java.base/java.util.concurrent.FutureTask.run(FutureTask.java:264)
	at java.base/java.util.concurrent.ThreadPoolExecutor.runWorker(ThreadPoolExecutor.java:1136)
	at java.base/java.util.concurrent.ThreadPoolExecutor$Worker.run(ThreadPoolExecutor.java:635)
	at java.base/java.lang.Thread.run(Thread.java:833)
</pre></div></td>
<td>25</td>
<td>Ticketing.SearchFunctionsTest@4eb386df</td></tr>
</table><p>
</body>
</html>