<?xml version="1.0" encoding="UTF-8"?>
<!-- Generated by org.testng.reporters.JUnitXMLReporter -->
<testsuite ignored="0" hostname="IT-TESTER" failures="2" tests="46" name="Test" time="199.805" errors="0" timestamp="2023-11-08T14:41:27 ICT">
  <testcase classname="Ticketing.SearchFunctionsTest" name="@BeforeMethod beforeMethod" time="7.835">
    <failure type="org.openqa.selenium.ElementClickInterceptedException" message="element click intercepted: Element &amp;lt;input class=&amp;quot;form-check-input&amp;quot; type=&amp;quot;checkbox&amp;quot; value=&amp;quot;1&amp;quot; id=&amp;quot;status1&amp;quot; name=&amp;quot;status&amp;quot; checked=&amp;quot;&amp;quot;&amp;gt; is not clickable at point (33, 241). Other element would receive the click: &amp;lt;div class=&amp;quot;drag-target&amp;quot; style=&amp;quot;touch-action: pan-y; user-select: none; -webkit-user-drag: none; -webkit-tap-highlight-color: rgba(0, 0, 0, 0);&amp;quot;&amp;gt;&amp;lt;/div&amp;gt;
  (Session info: chrome=119.0.6045.107)
Build info: version: &amp;apos;4.13.0&amp;apos;, revision: &amp;apos;ba948ece5b*&amp;apos;
System info: os.name: &amp;apos;Windows 11&amp;apos;, os.arch: &amp;apos;amd64&amp;apos;, os.version: &amp;apos;10.0&amp;apos;, java.version: &amp;apos;17.0.7&amp;apos;
Driver info: org.openqa.selenium.chrome.ChromeDriver
Command: [9a77f2e6be899ea2fadc3da2b5bb4e19, clickElement {id=7464379E981F22949CB9F3F2CA361AE8_element_815}]
Capabilities {acceptInsecureCerts: false, browserName: chrome, browserVersion: 119.0.6045.107, chrome: {chromedriverVersion: 119.0.6045.105 (38c72552c5e..., userDataDir: C:\Users\ITTEST\AppData\Loc...}, fedcm:accounts: true, goog:chromeOptions: {debuggerAddress: localhost:53727}, networkConnectionEnabled: false, pageLoadStrategy: normal, platformName: windows, proxy: Proxy(), se:cdp: ws://localhost:53727/devtoo..., se:cdpVersion: 119.0.6045.107, setWindowRect: true, strictFileInteractability: false, timeouts: {implicit: 0, pageLoad: 300000, script: 30000}, unhandledPromptBehavior: dismiss and notify, webauthn:extension:credBlob: true, webauthn:extension:largeBlob: true, webauthn:extension:minPinLength: true, webauthn:extension:prf: true, webauthn:virtualAuthenticators: true}
Element: [[ChromeDriver: chrome on windows (9a77f2e6be899ea2fadc3da2b5bb4e19)] -&amp;gt; css selector: #app-email-sidebar .form-check-input]
Session ID: 9a77f2e6be899ea2fadc3da2b5bb4e19">
      <![CDATA[org.openqa.selenium.ElementClickInterceptedException: element click intercepted: Element <input class="form-check-input" type="checkbox" value="1" id="status1" name="status" checked=""> is not clickable at point (33, 241). Other element would receive the click: <div class="drag-target" style="touch-action: pan-y; user-select: none; -webkit-user-drag: none; -webkit-tap-highlight-color: rgba(0, 0, 0, 0);"></div>
  (Session info: chrome=119.0.6045.107)
Build info: version: '4.13.0', revision: 'ba948ece5b*'
System info: os.name: 'Windows 11', os.arch: 'amd64', os.version: '10.0', java.version: '17.0.7'
Driver info: org.openqa.selenium.chrome.ChromeDriver
Command: [9a77f2e6be899ea2fadc3da2b5bb4e19, clickElement {id=7464379E981F22949CB9F3F2CA361AE8_element_815}]
Capabilities {acceptInsecureCerts: false, browserName: chrome, browserVersion: 119.0.6045.107, chrome: {chromedriverVersion: 119.0.6045.105 (38c72552c5e..., userDataDir: C:\Users\ITTEST\AppData\Loc...}, fedcm:accounts: true, goog:chromeOptions: {debuggerAddress: localhost:53727}, networkConnectionEnabled: false, pageLoadStrategy: normal, platformName: windows, proxy: Proxy(), se:cdp: ws://localhost:53727/devtoo..., se:cdpVersion: 119.0.6045.107, setWindowRect: true, strictFileInteractability: false, timeouts: {implicit: 0, pageLoad: 300000, script: 30000}, unhandledPromptBehavior: dismiss and notify, webauthn:extension:credBlob: true, webauthn:extension:largeBlob: true, webauthn:extension:minPinLength: true, webauthn:extension:prf: true, webauthn:virtualAuthenticators: true}
Element: [[ChromeDriver: chrome on windows (9a77f2e6be899ea2fadc3da2b5bb4e19)] -> css selector: #app-email-sidebar .form-check-input]
Session ID: 9a77f2e6be899ea2fadc3da2b5bb4e19
at org.openqa.selenium.remote.codec.w3c.W3CHttpResponseCodec.createException(W3CHttpResponseCodec.java:200)
at org.openqa.selenium.remote.codec.w3c.W3CHttpResponseCodec.decode(W3CHttpResponseCodec.java:133)
at org.openqa.selenium.remote.codec.w3c.W3CHttpResponseCodec.decode(W3CHttpResponseCodec.java:52)
at org.openqa.selenium.remote.HttpCommandExecutor.execute(HttpCommandExecutor.java:191)
at org.openqa.selenium.remote.service.DriverCommandExecutor.invokeExecute(DriverCommandExecutor.java:196)
at org.openqa.selenium.remote.service.DriverCommandExecutor.execute(DriverCommandExecutor.java:171)
at org.openqa.selenium.remote.RemoteWebDriver.execute(RemoteWebDriver.java:602)
at org.openqa.selenium.remote.RemoteWebElement.execute(RemoteWebElement.java:224)
at org.openqa.selenium.remote.RemoteWebElement.click(RemoteWebElement.java:77)
at Ticketing.SearchFunction.lambda$0(SearchFunction.java:31)
at java.base/java.util.ArrayList.forEach(ArrayList.java:1511)
at org.openqa.selenium.support.pagefactory.internal.LocatingElementListHandler.invoke(LocatingElementListHandler.java:39)
at jdk.proxy2/jdk.proxy2.$Proxy18.forEach(Unknown Source)
at Ticketing.SearchFunction.searchFunctionUnTickAllBoxes(SearchFunction.java:31)
at Ticketing.SearchFunctionsTest.beforeMethod(SearchFunctionsTest.java:42)
at java.base/java.util.concurrent.ThreadPoolExecutor.runWorker(ThreadPoolExecutor.java:1136)
at java.base/java.util.concurrent.ThreadPoolExecutor$Worker.run(ThreadPoolExecutor.java:635)
at java.base/java.lang.Thread.run(Thread.java:833)
... Removed 23 stack frames]]>
    </failure>
  </testcase> <!-- @BeforeMethod beforeMethod -->
  <testcase classname="Ticketing.SearchFunctionsTest" name="@AfterMethod afterMethod" time="0.0">
    <skipped/>
  </testcase> <!-- @AfterMethod afterMethod -->
  <testcase classname="Ticketing.SearchFunctionsTest" name="@BeforeMethod beforeMethod" time="0.0">
    <skipped/>
  </testcase> <!-- @BeforeMethod beforeMethod -->
  <testcase classname="Ticketing.SearchFunctionsTest" name="@AfterMethod afterMethod" time="0.0">
    <skipped/>
  </testcase> <!-- @AfterMethod afterMethod -->
  <testcase classname="Ticketing.SearchFunctionsTest" name="@BeforeMethod beforeMethod" time="0.0">
    <skipped/>
  </testcase> <!-- @BeforeMethod beforeMethod -->
  <testcase classname="Ticketing.SearchFunctionsTest" name="@AfterMethod afterMethod" time="0.0">
    <skipped/>
  </testcase> <!-- @AfterMethod afterMethod -->
  <testcase classname="Ticketing.SearchFunctionsTest" name="@BeforeMethod beforeMethod" time="0.0">
    <skipped/>
  </testcase> <!-- @BeforeMethod beforeMethod -->
  <testcase classname="Ticketing.SearchFunctionsTest" name="@AfterMethod afterMethod" time="0.0">
    <skipped/>
  </testcase> <!-- @AfterMethod afterMethod -->
  <testcase classname="Ticketing.SearchFunctionsTest" name="@BeforeMethod beforeMethod" time="0.0">
    <skipped/>
  </testcase> <!-- @BeforeMethod beforeMethod -->
  <testcase classname="Ticketing.SearchFunctionsTest" name="@AfterMethod afterMethod" time="0.0">
    <skipped/>
  </testcase> <!-- @AfterMethod afterMethod -->
  <testcase classname="Ticketing.SearchFunctionsTest" name="@BeforeMethod beforeMethod" time="0.0">
    <skipped/>
  </testcase> <!-- @BeforeMethod beforeMethod -->
  <testcase classname="Ticketing.SearchFunctionsTest" name="@AfterMethod afterMethod" time="0.0">
    <skipped/>
  </testcase> <!-- @AfterMethod afterMethod -->
  <testcase classname="Ticketing.SearchFunctionsTest" name="@BeforeMethod beforeMethod" time="0.0">
    <skipped/>
  </testcase> <!-- @BeforeMethod beforeMethod -->
  <testcase classname="Ticketing.SearchFunctionsTest" name="@AfterMethod afterMethod" time="0.0">
    <skipped/>
  </testcase> <!-- @AfterMethod afterMethod -->
  <testcase classname="Ticketing.TicketPageTest" name="TicketPageTestCanNotCreateBlankDepartmentTicket" time="3.444"/>
  <testcase classname="Ticketing.SearchFunctionsTest" name="SearchFunctionsTestCheckStatusAccept" time="7.382"/>
  <testcase classname="Ticketing.TicketPageTest" name="TicketPageTestCanNotCreateBlankTicket" time="1.236"/>
  <testcase classname="Ticketing.TicketPageTest" name="TicketPageTestCreateTicketToReject" time="3.438"/>
  <testcase classname="Ticketing.SearchFunctionsTest" name="SearchFunctionsTestCheckStatusFinish" time="7.299"/>
  <testcase classname="Ticketing.TicketPageTest" name="TicketPageTestCanNotCreateBlankDescriptionTicket" time="2.832"/>
  <testcase classname="Ticketing.SearchFunctionsTest" name="SearchFunctionsTestCheckStatusFinishAndAccept" time="7.407"/>
  <testcase classname="Ticketing.TicketPageTest" name="TicketPageTestRejectTicket" time="3.942"/>
  <testcase classname="Ticketing.SearchFunctionsTest" name="SearchFunctionsTestCheckStatusPending" time="7.234"/>
  <testcase classname="Ticketing.TicketPageTest" name="TicketPageTestConfirmRejectTicket" time="5.181"/>
  <testcase classname="Ticketing.TicketPageTest" name="TicketPageTestCreateTicketToReply" time="3.596"/>
  <testcase classname="Ticketing.SearchFunctionsTest" name="SearchFunctionsTestCheckStatusPendingAndAccept" time="7.383"/>
  <testcase classname="Ticketing.TicketPageTest" name="TicketPageTestReplyTicket" time="3.558"/>
  <testcase classname="Ticketing.SearchFunctionsTest" name="SearchFunctionsTestCheckStatusPendingAndFinish" time="7.449"/>
  <testcase classname="Ticketing.TicketPageTest" name="TicketPageTestReplyTicketByClickingNotification" time="7.132">
    <failure type="org.openqa.selenium.JavascriptException" message="javascript error: Cannot read properties of null (reading &amp;apos;click&amp;apos;)
  (Session info: chrome=119.0.6045.107)
Build info: version: &amp;apos;4.13.0&amp;apos;, revision: &amp;apos;ba948ece5b*&amp;apos;
System info: os.name: &amp;apos;Windows 11&amp;apos;, os.arch: &amp;apos;amd64&amp;apos;, os.version: &amp;apos;10.0&amp;apos;, java.version: &amp;apos;17.0.7&amp;apos;
Driver info: org.openqa.selenium.chrome.ChromeDriver
Command: [c7488cae6b077462ee0e156726794e06, executeScript {script=arguments[0].click(), args=[null]}]
Capabilities {acceptInsecureCerts: false, browserName: chrome, browserVersion: 119.0.6045.107, chrome: {chromedriverVersion: 119.0.6045.105 (38c72552c5e..., userDataDir: C:\Users\ITTEST\AppData\Loc...}, fedcm:accounts: true, goog:chromeOptions: {debuggerAddress: localhost:53133}, networkConnectionEnabled: false, pageLoadStrategy: normal, platformName: windows, proxy: Proxy(), se:cdp: ws://localhost:53133/devtoo..., se:cdpVersion: 119.0.6045.107, setWindowRect: true, strictFileInteractability: false, timeouts: {implicit: 0, pageLoad: 300000, script: 30000}, unhandledPromptBehavior: dismiss and notify, webauthn:extension:credBlob: true, webauthn:extension:largeBlob: true, webauthn:extension:minPinLength: true, webauthn:extension:prf: true, webauthn:virtualAuthenticators: true}
Session ID: c7488cae6b077462ee0e156726794e06">
      <![CDATA[org.openqa.selenium.JavascriptException: javascript error: Cannot read properties of null (reading 'click')
  (Session info: chrome=119.0.6045.107)
Build info: version: '4.13.0', revision: 'ba948ece5b*'
System info: os.name: 'Windows 11', os.arch: 'amd64', os.version: '10.0', java.version: '17.0.7'
Driver info: org.openqa.selenium.chrome.ChromeDriver
Command: [c7488cae6b077462ee0e156726794e06, executeScript {script=arguments[0].click(), args=[null]}]
Capabilities {acceptInsecureCerts: false, browserName: chrome, browserVersion: 119.0.6045.107, chrome: {chromedriverVersion: 119.0.6045.105 (38c72552c5e..., userDataDir: C:\Users\ITTEST\AppData\Loc...}, fedcm:accounts: true, goog:chromeOptions: {debuggerAddress: localhost:53133}, networkConnectionEnabled: false, pageLoadStrategy: normal, platformName: windows, proxy: Proxy(), se:cdp: ws://localhost:53133/devtoo..., se:cdpVersion: 119.0.6045.107, setWindowRect: true, strictFileInteractability: false, timeouts: {implicit: 0, pageLoad: 300000, script: 30000}, unhandledPromptBehavior: dismiss and notify, webauthn:extension:credBlob: true, webauthn:extension:largeBlob: true, webauthn:extension:minPinLength: true, webauthn:extension:prf: true, webauthn:virtualAuthenticators: true}
Session ID: c7488cae6b077462ee0e156726794e06
at org.openqa.selenium.remote.codec.w3c.W3CHttpResponseCodec.createException(W3CHttpResponseCodec.java:200)
at org.openqa.selenium.remote.codec.w3c.W3CHttpResponseCodec.decode(W3CHttpResponseCodec.java:133)
at org.openqa.selenium.remote.codec.w3c.W3CHttpResponseCodec.decode(W3CHttpResponseCodec.java:52)
at org.openqa.selenium.remote.HttpCommandExecutor.execute(HttpCommandExecutor.java:191)
at org.openqa.selenium.remote.service.DriverCommandExecutor.invokeExecute(DriverCommandExecutor.java:196)
at org.openqa.selenium.remote.service.DriverCommandExecutor.execute(DriverCommandExecutor.java:171)
at org.openqa.selenium.remote.RemoteWebDriver.execute(RemoteWebDriver.java:602)
at org.openqa.selenium.remote.RemoteWebDriver.executeScript(RemoteWebDriver.java:467)
at A1A.Functions.Click(Functions.java:33)
at Ticketing.TicketPage.ticketPageFindTicketInNotifications(TicketPage.java:182)
at Ticketing.TicketPageTest.TicketPageTestReplyTicketByClickingNotification(TicketPageTest.java:146)
at java.base/java.util.concurrent.ThreadPoolExecutor.runWorker(ThreadPoolExecutor.java:1136)
at java.base/java.util.concurrent.ThreadPoolExecutor$Worker.run(ThreadPoolExecutor.java:635)
at java.base/java.lang.Thread.run(Thread.java:833)
... Removed 17 stack frames]]>
    </failure>
  </testcase> <!-- TicketPageTestReplyTicketByClickingNotification -->
  <testcase classname="Ticketing.TicketPageTest" name="TicketPageTestSendTicketToApproval" time="0.0">
    <skipped/>
  </testcase> <!-- TicketPageTestSendTicketToApproval -->
  <testcase classname="Ticketing.TicketPageTest" name="TicketPageTestApprovalTicket" time="0.0">
    <skipped/>
  </testcase> <!-- TicketPageTestApprovalTicket -->
  <testcase classname="Ticketing.TicketPageTest" name="TicketPageTestConfirmApproval" time="0.0">
    <skipped/>
  </testcase> <!-- TicketPageTestConfirmApproval -->
  <testcase classname="Ticketing.TicketPageTest" name="TicketPageTestCanNotFinishTicketWithoutRating" time="0.0">
    <skipped/>
  </testcase> <!-- TicketPageTestCanNotFinishTicketWithoutRating -->
  <testcase classname="Ticketing.TicketPageTest" name="TicketPageTestCanNotFinishTicketOfOtherAccount" time="0.0">
    <skipped/>
  </testcase> <!-- TicketPageTestCanNotFinishTicketOfOtherAccount -->
  <testcase classname="Ticketing.TicketPageTest" name="TicketPageTestFinishTicket" time="0.0">
    <skipped/>
  </testcase> <!-- TicketPageTestFinishTicket -->
  <testcase classname="Ticketing.TicketPageTest" name="TicketPageTestConfirmFinishTicket" time="0.0">
    <skipped/>
  </testcase> <!-- TicketPageTestConfirmFinishTicket -->
  <testcase classname="Ticketing.SearchFunctionsTest" name="SearchFunctionsTestCheckStatusRejectAndAccept" time="1.312"/>
  <testcase classname="Ticketing.SearchFunctionsTest" name="SearchFunctionsTestCheckStatusRejectAndFinish" time="1.265"/>
  <testcase classname="Ticketing.SearchFunctionsTest" name="SearchFunctionsTestCheckStatusRejectAndFinishAndAccept" time="1.377"/>
  <testcase classname="Ticketing.SearchFunctionsTest" name="SearchFunctionsTestCheckStatusRejectAndPending" time="1.329"/>
  <testcase classname="Ticketing.SearchFunctionsTest" name="SearchFunctionsTestCheckStatusRejectAndPendingAndAccept" time="1.339"/>
  <testcase classname="Ticketing.SearchFunctionsTest" name="SearchFunctionsTestCheckStatusRejectAndPendingAndFinish" time="1.39"/>
  <testcase classname="Ticketing.SearchFunctionsTest" name="SearchFunctionsTestCheckStatusRejectAndPendingAndFinishAndAccept" time="1.436"/>
  <testcase classname="Ticketing.SearchFunctionsTest" name="SearchFunctionsTestCheckStatusWaiting" time="1.304">
    <failure type="java.lang.AssertionError" message="expected:&amp;lt;2&amp;gt; but was:&amp;lt;0&amp;gt;">
      <![CDATA[java.lang.AssertionError: expected:<2> but was:<0>
at org.junit.Assert.fail(Assert.java:88)
at org.junit.Assert.failNotEquals(Assert.java:743)
at org.junit.Assert.assertEquals(Assert.java:118)
at org.junit.Assert.assertEquals(Assert.java:555)
at org.junit.Assert.assertEquals(Assert.java:542)
at Ticketing.SearchFunctionsTest.SearchFunctionsTestCheckStatusWaiting(SearchFunctionsTest.java:54)
at java.base/java.util.concurrent.ThreadPoolExecutor.runWorker(ThreadPoolExecutor.java:1136)
at java.base/java.util.concurrent.ThreadPoolExecutor$Worker.run(ThreadPoolExecutor.java:635)
at java.base/java.lang.Thread.run(Thread.java:833)
... Removed 12 stack frames]]>
    </failure>
  </testcase> <!-- SearchFunctionsTestCheckStatusWaiting -->
  <testcase classname="Ticketing.SearchFunctionsTest" name="SearchFunctionsTestCheckStatusWaitingAndAccept" time="1.344"/>
  <testcase classname="Ticketing.SearchFunctionsTest" name="SearchFunctionsTestCheckStatusWaitingAndFinish" time="1.321"/>
  <testcase classname="Ticketing.SearchFunctionsTest" name="SearchFunctionsTestCheckStatusWaitingAndFinishAndAccept" time="1.406"/>
  <testcase classname="Ticketing.SearchFunctionsTest" name="SearchFunctionsTestCheckStatusWaitingAndPending" time="1.359"/>
  <testcase classname="Ticketing.SearchFunctionsTest" name="SearchFunctionsTestCheckStatusWaitingAndPendingAndAccept" time="1.567"/>
  <testcase classname="Ticketing.SearchFunctionsTest" name="SearchFunctionsTestCheckStatusWaitingAndPendingAndFinish" time="1.384"/>
  <testcase classname="Ticketing.SearchFunctionsTest" name="SearchFunctionsTestCheckStatusWaitingAndReject" time="1.373"/>
  <testcase classname="Ticketing.SearchFunctionsTest" name="SearchFunctionsTestCheckStatusWaitingAndRejectAndAccept" time="1.514"/>
  <testcase classname="Ticketing.SearchFunctionsTest" name="SearchFunctionsTestCheckStatusWaitingAndRejectAndFinish" time="1.64"/>
  <testcase classname="Ticketing.SearchFunctionsTest" name="SearchFunctionsTestCheckStatusWaitingAndRejectAndFinishAndAccept" time="0.0">
    <skipped/>
  </testcase> <!-- SearchFunctionsTestCheckStatusWaitingAndRejectAndFinishAndAccept -->
  <testcase classname="Ticketing.SearchFunctionsTest" name="SearchFunctionsTestCheckStatusWaitingAndRejectAndPending" time="0.0">
    <skipped/>
  </testcase> <!-- SearchFunctionsTestCheckStatusWaitingAndRejectAndPending -->
  <testcase classname="Ticketing.SearchFunctionsTest" name="SearchFunctionsTestCheckStatusWaitingAndRejectAndPendingAndAccept" time="0.0">
    <skipped/>
  </testcase> <!-- SearchFunctionsTestCheckStatusWaitingAndRejectAndPendingAndAccept -->
  <testcase classname="Ticketing.SearchFunctionsTest" name="SearchFunctionsTestCheckStatusWaitingAndRejectAndPendingAndFinish" time="0.0">
    <skipped/>
  </testcase> <!-- SearchFunctionsTestCheckStatusWaitingAndRejectAndPendingAndFinish -->
  <testcase classname="Ticketing.SearchFunctionsTest" name="SearchFunctionsTestCheckStatusWaitingAndRejectAndPendingAndFinishAndAccept" time="0.0">
    <skipped/>
  </testcase> <!-- SearchFunctionsTestCheckStatusWaitingAndRejectAndPendingAndFinishAndAccept -->
  <testcase classname="Ticketing.SearchFunctionsTest" name="SearchFuntionTestCheckAfterInputCreaterName" time="0.0">
    <skipped/>
  </testcase> <!-- SearchFuntionTestCheckAfterInputCreaterName -->
  <testcase classname="Ticketing.SearchFunctionsTest" name="SearchFuntionTestCheckAfterInputTitle" time="0.0">
    <skipped/>
  </testcase> <!-- SearchFuntionTestCheckAfterInputTitle -->
</testsuite> <!-- Test -->
