<?xml version="1.0" encoding="UTF-8"?>
<!-- Generated by org.testng.reporters.JUnitReportReporter -->
<testsuite hostname="IT-TESTER" failures="1" tests="35" name="Ticketing.SearchFunctionsTest" time="919.277" errors="0" timestamp="2023-11-10T13:34:40 ICT" skipped="5">
  <testcase classname="Ticketing.SearchFunctionsTest" name="SearchFunctionsTestCheckStatusRejectAndPendingAndFinishAndAccept" time="34.508"/>
  <system-out/>
  <testcase classname="Ticketing.SearchFunctionsTest" name="SearchFunctionsTestCheckStatusWaitingAndReject" time="26.452"/>
  <system-out/>
  <testcase classname="Ticketing.SearchFunctionsTest" name="SearchFunctionsTestCheckStatusWaitingAndRejectAndPending" time="29.894"/>
  <system-out/>
  <testcase classname="Ticketing.SearchFunctionsTest" name="SearchFunctionsTestCheckStatusPendingAndAccept" time="15.630"/>
  <system-out/>
  <testcase classname="Ticketing.SearchFunctionsTest" name="SearchFunctionsTestCheckStatusWaitingAndFinishAndAccept" time="25.523"/>
  <system-out/>
  <testcase classname="Ticketing.SearchFunctionsTest" name="SearchFuntionTestCheckAfterInputTitle" time="27.405"/>
  <system-out/>
  <testcase classname="Ticketing.SearchFunctionsTest" name="SearchFunctionsTestCheckStatusWaitingAndRejectAndPendingAndAccept" time="37.873"/>
  <system-out/>
  <testcase classname="Ticketing.SearchFunctionsTest" name="SearchFunctionsTestCheckStatusRejectAndPendingAndFinish" time="25.608"/>
  <system-out/>
  <testcase classname="Ticketing.SearchFunctionsTest" name="SearchFunctionsTestCheckStatusWaitingAndPendingAndFinish" time="21.353"/>
  <system-out/>
  <testcase classname="Ticketing.SearchFunctionsTest" name="SearchFuntionTestCheckAfterInputCreaterName" time="33.202">
    <skipped/>
  </testcase> <!-- SearchFuntionTestCheckAfterInputCreaterName -->
  <system-out/>
  <testcase classname="Ticketing.SearchFunctionsTest" name="SearchFunctionsTestCheckStatusWaitingAndFinish" time="19.520"/>
  <system-out/>
  <testcase classname="Ticketing.SearchFunctionsTest" name="SearchFunctionsTestCheckStatusRejectAndFinishAndAccept" time="30.326"/>
  <system-out/>
  <testcase classname="Ticketing.SearchFunctionsTest" name="SearchFuntionTestCheckAfterInputTitle" time="27.101">
    <skipped/>
  </testcase> <!-- SearchFuntionTestCheckAfterInputTitle -->
  <system-out/>
  <testcase classname="Ticketing.SearchFunctionsTest" name="SearchFunctionsTestCheckStatusWaitingAndRejectAndPendingAndFinish" time="37.291"/>
  <system-out/>
  <testcase classname="Ticketing.SearchFunctionsTest" name="SearchFuntionTestCheckAfterInputCreaterName" time="30.392">
    <failure message="expected:&lt;1&gt; but was:&lt;0&gt;" type="java.lang.AssertionError">
      <![CDATA[java.lang.AssertionError: expected:<1> but was:<0>
at org.junit.Assert.fail(Assert.java:88)
at org.junit.Assert.failNotEquals(Assert.java:743)
at org.junit.Assert.assertEquals(Assert.java:118)
at org.junit.Assert.assertEquals(Assert.java:555)
at org.junit.Assert.assertEquals(Assert.java:542)
at Ticketing.SearchFunctionsTest.SearchFuntionTestCheckAfterInputCreaterName(SearchFunctionsTest.java:287)
at java.base/jdk.internal.reflect.NativeMethodAccessorImpl.invoke0(Native Method)
at java.base/jdk.internal.reflect.NativeMethodAccessorImpl.invoke(NativeMethodAccessorImpl.java:77)
at java.base/jdk.internal.reflect.DelegatingMethodAccessorImpl.invoke(DelegatingMethodAccessorImpl.java:43)
at java.base/java.lang.reflect.Method.invoke(Method.java:568)
at org.testng.internal.invokers.MethodInvocationHelper.invokeMethod(MethodInvocationHelper.java:139)
at org.testng.internal.invokers.TestInvoker.invokeMethod(TestInvoker.java:677)
at org.testng.internal.invokers.TestInvoker.retryFailed(TestInvoker.java:263)
at org.testng.internal.invokers.MethodRunner.runInSequence(MethodRunner.java:62)
at org.testng.internal.invokers.TestInvoker$MethodInvocationAgent.invoke(TestInvoker.java:969)
at org.testng.internal.invokers.TestInvoker.invokeTestMethods(TestInvoker.java:194)
at org.testng.internal.invokers.TestMethodWorker.invokeTestMethods(TestMethodWorker.java:148)
at org.testng.internal.invokers.TestMethodWorker.run(TestMethodWorker.java:128)
at java.base/java.util.ArrayList.forEach(ArrayList.java:1511)
at org.testng.TestRunner.privateRun(TestRunner.java:829)
at org.testng.TestRunner.run(TestRunner.java:602)
at org.testng.SuiteRunner.runTest(SuiteRunner.java:437)
at org.testng.SuiteRunner$SuiteWorker.run(SuiteRunner.java:475)
at org.testng.internal.thread.ThreadUtil.lambda$execute$0(ThreadUtil.java:58)
at java.base/java.util.concurrent.FutureTask.run(FutureTask.java:264)
at java.base/java.util.concurrent.ThreadPoolExecutor.runWorker(ThreadPoolExecutor.java:1136)
at java.base/java.util.concurrent.ThreadPoolExecutor$Worker.run(ThreadPoolExecutor.java:635)
at java.base/java.lang.Thread.run(Thread.java:833)
]]>
    </failure>
  </testcase> <!-- SearchFuntionTestCheckAfterInputCreaterName -->
  <system-out/>
  <testcase classname="Ticketing.SearchFunctionsTest" name="SearchFunctionsTestCheckStatusRejectAndAccept" time="27.887"/>
  <system-out/>
  <testcase classname="Ticketing.SearchFunctionsTest" name="SearchFunctionsTestCheckStatusWaitingAndRejectAndPendingAndFinishAndAccept" time="43.405"/>
  <system-out/>
  <testcase classname="Ticketing.SearchFunctionsTest" name="SearchFunctionsTestCheckStatusWaitingAndRejectAndFinishAndAccept" time="38.764"/>
  <system-out/>
  <testcase classname="Ticketing.SearchFunctionsTest" name="SearchFunctionsTestCheckStatusWaitingAndPendingAndAccept" time="24.310"/>
  <system-out/>
  <testcase classname="Ticketing.SearchFunctionsTest" name="SearchFunctionsTestCheckStatusWaitingAndAccept" time="22.711"/>
  <system-out/>
  <testcase classname="Ticketing.SearchFunctionsTest" name="SearchFunctionsTestCheckStatusWaitingAndRejectAndAccept" time="34.539"/>
  <system-out/>
  <testcase classname="Ticketing.SearchFunctionsTest" name="SearchFuntionTestCheckAfterInputTitle" time="27.213">
    <skipped/>
  </testcase> <!-- SearchFuntionTestCheckAfterInputTitle -->
  <system-out/>
  <testcase classname="Ticketing.SearchFunctionsTest" name="SearchFunctionsTestCheckStatusWaiting" time="19.935"/>
  <system-out/>
  <testcase classname="Ticketing.SearchFunctionsTest" name="SearchFunctionsTestCheckStatusPending" time="11.762"/>
  <system-out/>
  <testcase classname="Ticketing.SearchFunctionsTest" name="SearchFunctionsTestCheckStatusRejectAndPendingAndAccept" time="26.317"/>
  <system-out/>
  <testcase classname="Ticketing.SearchFunctionsTest" name="SearchFunctionsTestCheckStatusWaitingAndRejectAndFinish" time="36.332"/>
  <system-out/>
  <testcase classname="Ticketing.SearchFunctionsTest" name="SearchFuntionTestCheckAfterInputCreaterName" time="33.680">
    <skipped/>
  </testcase> <!-- SearchFuntionTestCheckAfterInputCreaterName -->
  <system-out/>
  <testcase classname="Ticketing.SearchFunctionsTest" name="SearchFunctionsTestCheckStatusRejectAndFinish" time="25.253"/>
  <system-out/>
  <testcase classname="Ticketing.SearchFunctionsTest" name="SearchFunctionsTestCheckStatusWaitingAndPending" time="15.206"/>
  <system-out/>
  <testcase classname="Ticketing.SearchFunctionsTest" name="SearchFunctionsTestCheckStatusPendingAndFinish" time="14.974"/>
  <system-out/>
  <testcase classname="Ticketing.SearchFunctionsTest" name="SearchFunctionsTestCheckStatusAccept" time="14.108"/>
  <system-out/>
  <testcase classname="Ticketing.SearchFunctionsTest" name="SearchFunctionsTestCheckStatusFinish" time="10.640"/>
  <system-out/>
  <testcase classname="Ticketing.SearchFunctionsTest" name="SearchFunctionsTestCheckStatusFinishAndAccept" time="16.386"/>
  <system-out/>
  <testcase classname="Ticketing.SearchFunctionsTest" name="SearchFuntionTestCheckAfterInputCreaterName" time="30.406">
    <skipped/>
  </testcase> <!-- SearchFuntionTestCheckAfterInputCreaterName -->
  <system-out/>
  <testcase classname="Ticketing.SearchFunctionsTest" name="SearchFunctionsTestCheckStatusRejectAndPending" time="23.371"/>
  <system-out/>
</testsuite> <!-- Ticketing.SearchFunctionsTest -->
